PRT1
137
289
578
4 0 11 0 (1024 384 0 ) (1024 256 0 ) (1024 256 16 ) (1024 384 16 ) 
4 0 10 0 (1024 416 0 ) (1024 384 0 ) (1024 384 16 ) (1024 416 16 ) 
4 0 9 0 (1024 672 0 ) (1024 416 0 ) (1024 416 16 ) (1024 672 16 ) 
4 0 2 0 (1024 256 0 ) (1024 672 0 ) (1120 672 0 ) (1120 256 0 ) 
4 1 16 0 (1024 224 0 ) (1024 0 0 ) (1024 0 16 ) (1024 224 16 ) 
4 1 5 0 (1024 0 16 ) (1024 0 0 ) (1120 0 0 ) (1120 0 16 ) 
4 1 4 0 (1120 0 0 ) (1024 0 0 ) (1024 224 0 ) (1120 224 0 ) 
4 2 41 0 (1024 384 -96 ) (1024 256 -96 ) (1024 256 0 ) (1024 384 0 ) 
4 2 39 0 (1024 416 -96 ) (1024 384 -96 ) (1024 384 0 ) (1024 416 0 ) 
4 2 38 0 (1024 576 -96 ) (1024 416 -96 ) (1024 416 0 ) (1024 576 0 ) 
4 2 22 0 (1024 672 -96 ) (1024 576 -96 ) (1024 576 0 ) (1024 672 0 ) 
4 2 3 0 (1024 256 -96 ) (1056 256 -96 ) (1056 256 0 ) (1024 256 0 ) 
4 3 42 0 (1024 256 -96 ) (1024 224 -96 ) (1024 224 0 ) (1024 256 0 ) 
4 3 4 0 (1024 224 -96 ) (1056 224 -96 ) (1056 224 0 ) (1024 224 0 ) 
4 4 43 0 (1024 224 -96 ) (1024 0 -96 ) (1024 0 0 ) (1024 224 0 ) 
4 4 6 0 (1024 0 0 ) (1024 0 -96 ) (1120 0 -96 ) (1120 0 0 ) 
4 5 58 0 (1024 -128 16 ) (1024 0 16 ) (1024 0 0 ) (1024 -128 0 ) 
4 5 6 0 (1024 -128 0 ) (1024 0 0 ) (1120 0 0 ) (1120 -128 0 ) 
4 6 79 0 (1024 -128 -96 ) (1024 -128 0 ) (1024 0 0 ) (1024 0 -96 ) 
4 7 8 0 (1024 -1352 0 ) (1024 -1024 0 ) (1128 -1024 0 ) (1128 -1352 0 ) 
4 9 38 0 (1024 576 0 ) (1024 416 0 ) (320 416 0 ) (320 576 0 ) 
4 9 34 0 (432 672 0 ) (504 672 0 ) (504 624 0 ) (432 624 0 ) 
4 9 36 0 (504 624 0 ) (504 576 0 ) (432 576 0 ) (432 624 0 ) 
4 9 37 0 (320 672 0 ) (432 672 0 ) (432 576 0 ) (320 576 0 ) 
4 9 33 0 (504 672 0 ) (512 672 0 ) (512 576 0 ) (504 576 0 ) 
4 9 29 0 (624 672 0 ) (696 672 0 ) (696 624 0 ) (624 624 0 ) 
4 9 31 0 (512 672 0 ) (624 672 0 ) (624 624 0 ) (512 624 0 ) 
4 9 32 0 (696 624 0 ) (696 576 0 ) (512 576 0 ) (512 624 0 ) 
4 9 28 0 (696 672 0 ) (704 672 0 ) (704 576 0 ) (696 576 0 ) 
4 9 24 0 (816 672 0 ) (888 672 0 ) (888 624 0 ) (816 624 0 ) 
4 9 26 0 (888 624 0 ) (888 576 0 ) (816 576 0 ) (816 624 0 ) 
4 9 27 0 (704 672 0 ) (816 672 0 ) (816 576 0 ) (704 576 0 ) 
4 9 23 0 (888 672 0 ) (896 672 0 ) (896 576 0 ) (888 576 0 ) 
4 9 22 0 (896 672 0 ) (1024 672 0 ) (1024 576 0 ) (896 576 0 ) 
4 9 10 0 (928 416 0 ) (1024 416 0 ) (1024 416 16 ) (928 416 16 ) 
4 10 39 0 (928 416 0 ) (1024 416 0 ) (1024 384 0 ) (928 384 0 ) 
4 10 11 0 (928 384 0 ) (1024 384 0 ) (1024 384 16 ) (928 384 16 ) 
4 11 41 0 (928 384 0 ) (1024 384 0 ) (1024 256 0 ) (928 256 0 ) 
4 12 45 0 (224 384 0 ) (768 384 0 ) (768 256 0 ) (224 256 0 ) 
4 12 44 0 (768 384 0 ) (896 384 0 ) (896 256 0 ) (768 256 0 ) 
4 12 15 0 (224 256 0 ) (352 256 0 ) (352 256 16 ) (224 256 16 ) 
4 12 14 0 (768 256 0 ) (896 256 0 ) (896 256 16 ) (768 256 16 ) 
4 13 129 0 (0 256 16 ) (0 384 16 ) (0 384 0 ) (0 256 0 ) 
4 13 46 0 (0 256 0 ) (0 384 0 ) (64 384 0 ) (64 256 0 ) 
4 13 20 0 (0 256 0 ) (64 256 0 ) (64 256 16 ) (0 256 16 ) 
4 14 44 0 (768 256 0 ) (896 256 0 ) (896 224 0 ) (768 224 0 ) 
4 14 17 0 (768 224 0 ) (896 224 0 ) (896 224 16 ) (768 224 16 ) 
4 15 52 0 (224 224 0 ) (224 256 0 ) (352 256 0 ) (352 224 0 ) 
4 15 19 0 (224 224 16 ) (224 224 0 ) (352 224 0 ) (352 224 16 ) 
4 16 58 0 (928 0 0 ) (1024 0 0 ) (1024 0 16 ) (928 0 16 ) 
4 16 43 0 (1024 0 0 ) (928 0 0 ) (928 224 0 ) (1024 224 0 ) 
4 17 59 0 (768 0 0 ) (896 0 0 ) (896 0 16 ) (768 0 16 ) 
4 17 44 0 (896 0 0 ) (768 0 0 ) (768 224 0 ) (896 224 0 ) 
4 18 60 0 (512 0 0 ) (704 0 0 ) (704 0 16 ) (512 0 16 ) 
4 18 48 0 (704 0 0 ) (512 0 0 ) (512 224 0 ) (704 224 0 ) 
4 19 61 0 (224 0 0 ) (352 0 0 ) (352 0 16 ) (224 0 16 ) 
4 19 52 0 (352 0 0 ) (224 0 0 ) (224 224 0 ) (352 224 0 ) 
4 20 129 0 (0 64 16 ) (0 256 16 ) (0 256 0 ) (0 64 0 ) 
4 20 56 0 (0 64 0 ) (0 256 0 ) (64 256 0 ) (64 64 0 ) 
4 20 21 0 (0 64 0 ) (64 64 0 ) (64 64 16 ) (0 64 16 ) 
4 21 129 0 (0 0 0 ) (0 0 16 ) (0 64 16 ) (0 64 0 ) 
4 21 62 0 (0 0 16 ) (0 0 0 ) (192 0 0 ) (192 0 16 ) 
4 21 57 0 (192 0 0 ) (0 0 0 ) (0 64 0 ) (192 64 0 ) 
4 22 38 0 (896 576 -96 ) (1024 576 -96 ) (1024 576 0 ) (896 576 0 ) 
4 22 23 0 (896 672 0 ) (896 672 -16 ) (896 576 -16 ) (896 576 0 ) 
4 23 38 0 (896 576 -16 ) (896 576 0 ) (888 576 0 ) (888 576 -16 ) 
4 23 24 0 (888 672 0 ) (888 672 -16 ) (888 624 -16 ) (888 624 0 ) 
4 23 26 0 (888 624 -16 ) (888 576 -16 ) (888 576 0 ) (888 624 0 ) 
4 24 27 0 (816 672 0 ) (816 672 -56 ) (816 624 -56 ) (816 624 0 ) 
4 24 26 0 (816 624 0 ) (816 624 -56 ) (888 624 -56 ) (888 624 0 ) 
4 25 26 0 (824 624 -96 ) (888 624 -96 ) (888 624 -64 ) (824 624 -64 ) 
4 26 38 0 (816 576 -96 ) (888 576 -96 ) (888 576 0 ) (816 576 0 ) 
4 26 27 0 (816 624 -96 ) (816 576 -96 ) (816 576 0 ) (816 624 0 ) 
4 27 38 0 (704 576 -96 ) (816 576 -96 ) (816 576 0 ) (704 576 0 ) 
4 27 28 0 (704 672 0 ) (704 672 -16 ) (704 576 -16 ) (704 576 0 ) 
4 28 38 0 (704 576 -16 ) (704 576 0 ) (696 576 0 ) (696 576 -16 ) 
4 28 29 0 (696 672 0 ) (696 672 -16 ) (696 624 -16 ) (696 624 0 ) 
4 28 32 0 (696 624 -16 ) (696 576 -16 ) (696 576 0 ) (696 624 0 ) 
4 29 31 0 (624 672 0 ) (624 672 -56 ) (624 624 -56 ) (624 624 0 ) 
4 29 32 0 (696 624 -56 ) (696 624 0 ) (624 624 0 ) (624 624 -56 ) 
4 30 32 0 (632 624 -96 ) (696 624 -96 ) (696 624 -64 ) (632 624 -64 ) 
4 31 33 0 (512 672 0 ) (512 672 -16 ) (512 624 -16 ) (512 624 0 ) 
4 31 32 0 (512 624 0 ) (512 624 -96 ) (624 624 -96 ) (624 624 0 ) 
4 32 38 0 (512 576 -96 ) (696 576 -96 ) (696 576 0 ) (512 576 0 ) 
4 32 33 0 (512 576 -16 ) (512 576 0 ) (512 624 0 ) (512 624 -16 ) 
4 33 38 0 (512 576 -16 ) (512 576 0 ) (504 576 0 ) (504 576 -16 ) 
4 33 34 0 (504 672 0 ) (504 672 -16 ) (504 624 -16 ) (504 624 0 ) 
4 33 36 0 (504 624 -16 ) (504 576 -16 ) (504 576 0 ) (504 624 0 ) 
4 34 37 0 (432 672 0 ) (432 672 -56 ) (432 624 -56 ) (432 624 0 ) 
4 34 36 0 (432 624 0 ) (432 624 -56 ) (504 624 -56 ) (504 624 0 ) 
4 35 36 0 (440 624 -96 ) (504 624 -96 ) (504 624 -64 ) (440 624 -64 ) 
4 36 38 0 (432 576 -96 ) (504 576 -96 ) (504 576 0 ) (432 576 0 ) 
4 36 37 0 (432 624 -96 ) (432 576 -96 ) (432 576 0 ) (432 624 0 ) 
4 37 38 0 (320 576 -96 ) (432 576 -96 ) (432 576 0 ) (320 576 0 ) 
4 38 40 0 (384 416 -96 ) (448 416 -96 ) (448 416 0 ) (384 416 0 ) 
4 38 39 0 (928 416 -96 ) (1024 416 -96 ) (1024 416 0 ) (928 416 0 ) 
4 39 41 0 (928 384 -96 ) (1024 384 -96 ) (1024 384 0 ) (928 384 0 ) 
4 40 45 0 (384 384 -96 ) (448 384 -96 ) (448 384 0 ) (384 384 0 ) 
4 41 42 0 (992 256 -96 ) (1024 256 -96 ) (1024 256 0 ) (992 256 0 ) 
4 42 43 0 (992 224 -96 ) (1024 224 -96 ) (1024 224 0 ) (992 224 0 ) 
4 43 79 0 (928 0 -96 ) (1024 0 -96 ) (1024 0 0 ) (928 0 0 ) 
4 44 81 0 (768 0 -96 ) (896 0 -96 ) (896 0 0 ) (768 0 0 ) 
4 44 45 0 (768 384 0 ) (768 384 -96 ) (768 256 -96 ) (768 256 0 ) 
4 45 55 0 (224 256 -96 ) (352 256 -96 ) (352 256 -64 ) (224 256 -64 ) 
4 45 52 0 (352 256 0 ) (224 256 0 ) (224 256 -64 ) (352 256 -64 ) 
4 45 47 0 (576 256 -96 ) (640 256 -96 ) (640 256 0 ) (576 256 0 ) 
4 46 132 0 (0 256 0 ) (0 384 0 ) (0 384 -96 ) (0 256 -96 ) 
4 46 56 0 (0 256 -96 ) (64 256 -96 ) (64 256 0 ) (0 256 0 ) 
4 47 49 0 (576 224 -96 ) (640 224 -96 ) (640 224 -32 ) (576 224 -32 ) 
4 47 48 0 (640 224 -32 ) (640 224 0 ) (576 224 0 ) (576 224 -32 ) 
4 48 82 0 (704 0 -32 ) (704 0 0 ) (640 0 0 ) (640 0 -32 ) 
4 48 83 0 (640 0 0 ) (512 0 0 ) (512 0 -32 ) (640 0 -32 ) 
4 48 51 0 (512 0 -32 ) (512 128 -32 ) (576 128 -32 ) (576 0 -32 ) 
4 48 50 0 (512 192 -32 ) (512 224 -32 ) (576 224 -32 ) (576 192 -32 ) 
4 48 49 0 (576 224 -32 ) (704 224 -32 ) (704 0 -32 ) (576 0 -32 ) 
4 49 83 0 (576 0 -96 ) (640 0 -96 ) (640 0 -32 ) (576 0 -32 ) 
4 49 51 0 (576 0 -32 ) (576 128 -32 ) (576 128 -96 ) (576 0 -96 ) 
4 49 50 0 (576 192 -32 ) (576 224 -32 ) (576 224 -96 ) (576 192 -96 ) 
4 51 83 0 (512 0 -96 ) (576 0 -96 ) (576 0 -32 ) (512 0 -32 ) 
4 51 53 0 (512 128 -96 ) (512 64 -96 ) (512 64 -64 ) (512 128 -64 ) 
4 52 85 0 (352 0 0 ) (224 0 0 ) (224 0 -64 ) (352 0 -64 ) 
4 52 55 0 (224 0 -64 ) (224 256 -64 ) (352 256 -64 ) (352 0 -64 ) 
4 53 54 0 (384 64 -64 ) (384 64 -96 ) (448 64 -96 ) (448 64 -64 ) 
4 54 84 0 (384 0 -96 ) (448 0 -96 ) (448 0 -64 ) (384 0 -64 ) 
4 55 85 0 (224 0 -96 ) (352 0 -96 ) (352 0 -64 ) (224 0 -64 ) 
4 56 132 0 (0 64 0 ) (0 256 0 ) (0 256 -96 ) (0 64 -96 ) 
4 56 57 0 (0 64 -96 ) (64 64 -96 ) (64 64 0 ) (0 64 0 ) 
4 57 132 0 (0 0 -96 ) (0 0 0 ) (0 64 0 ) (0 64 -96 ) 
4 57 87 0 (0 0 0 ) (0 0 -96 ) (192 0 -96 ) (192 0 0 ) 
4 58 79 0 (928 0 0 ) (1024 0 0 ) (1024 -128 0 ) (928 -128 0 ) 
4 59 81 0 (768 0 0 ) (896 0 0 ) (896 -192 0 ) (768 -192 0 ) 
4 59 63 0 (768 -192 0 ) (896 -192 0 ) (896 -192 16 ) (768 -192 16 ) 
4 60 82 0 (640 0 0 ) (704 0 0 ) (704 -64 0 ) (640 -64 0 ) 
4 60 83 0 (512 0 0 ) (640 0 0 ) (640 -64 0 ) (512 -64 0 ) 
4 61 85 0 (224 0 0 ) (352 0 0 ) (352 -128 0 ) (224 -128 0 ) 
4 62 133 0 (0 0 16 ) (0 0 0 ) (0 -128 0 ) (0 -128 16 ) 
4 62 87 0 (0 -128 0 ) (0 0 0 ) (192 0 0 ) (192 -128 0 ) 
4 63 91 0 (960 -448 0 ) (960 -512 0 ) (736 -512 0 ) (736 -448 0 ) 
4 63 89 0 (960 -416 0 ) (960 -448 0 ) (736 -448 0 ) (736 -416 0 ) 
4 63 88 0 (736 -192 0 ) (960 -192 0 ) (960 -416 0 ) (736 -416 0 ) 
4 63 70 0 (896 -512 48 ) (896 -512 96 ) (736 -512 96 ) (736 -512 48 ) 
4 63 65 0 (736 -192 32 ) (736 -192 0 ) (736 -448 0 ) (736 -448 32 ) 
4 63 64 0 (736 -192 112 ) (736 -192 32 ) (736 -512 32 ) (736 -512 112 ) 
4 64 70 0 (736 -512 48 ) (736 -512 96 ) (640 -512 96 ) (640 -512 48 ) 
4 64 66 0 (608 -192 112 ) (608 -192 32 ) (608 -512 32 ) (608 -512 112 ) 
4 64 65 0 (608 -448 32 ) (608 -192 32 ) (736 -192 32 ) (736 -448 32 ) 
4 65 89 0 (736 -416 0 ) (736 -448 0 ) (720 -448 0 ) (720 -416 0 ) 
4 65 90 0 (688 -448 0 ) (608 -448 0 ) (608 -416 0 ) (688 -416 0 ) 
4 65 88 0 (608 -192 0 ) (736 -192 0 ) (736 -416 0 ) (608 -416 0 ) 
4 65 67 0 (608 -192 32 ) (608 -192 0 ) (608 -448 0 ) (608 -448 32 ) 
4 66 68 0 (488 -512 32 ) (488 -256 32 ) (552 -256 32 ) (552 -512 32 ) 
4 66 67 0 (552 -192 32 ) (608 -192 32 ) (608 -512 32 ) (552 -512 32 ) 
4 66 69 0 (488 -192 112 ) (488 -192 32 ) (488 -512 32 ) (488 -512 112 ) 
4 67 92 0 (552 -192 0 ) (608 -192 0 ) (608 -256 0 ) (552 -256 0 ) 
4 67 94 0 (608 -256 0 ) (608 -512 0 ) (552 -512 0 ) (552 -256 0 ) 
4 67 68 0 (552 -512 0 ) (552 -512 32 ) (552 -256 32 ) (552 -256 0 ) 
4 68 94 0 (552 -256 0 ) (552 -512 0 ) (488 -512 0 ) (488 -256 0 ) 
4 68 69 0 (488 -256 0 ) (488 -512 0 ) (488 -512 32 ) (488 -256 32 ) 
4 69 121 0 (96 -192 0 ) (352 -192 0 ) (352 -512 0 ) (96 -512 0 ) 
4 69 93 0 (352 -192 0 ) (488 -192 0 ) (488 -256 0 ) (352 -256 0 ) 
4 69 94 0 (488 -256 0 ) (488 -512 0 ) (352 -512 0 ) (352 -256 0 ) 
4 69 71 0 (96 -512 0 ) (352 -512 0 ) (352 -512 112 ) (96 -512 112 ) 
4 70 72 0 (896 -544 48 ) (896 -544 96 ) (640 -544 96 ) (640 -544 48 ) 
4 71 121 0 (96 -512 0 ) (352 -512 0 ) (352 -544 0 ) (96 -544 0 ) 
4 71 73 0 (96 -544 0 ) (352 -544 0 ) (352 -544 112 ) (96 -544 112 ) 
4 72 74 0 (832 -800 0 ) (896 -800 0 ) (896 -800 96 ) (832 -800 96 ) 
4 72 73 0 (576 -544 112 ) (576 -544 0 ) (576 -672 0 ) (576 -672 112 ) 
4 73 121 0 (96 -544 0 ) (352 -544 0 ) (352 -672 0 ) (96 -672 0 ) 
4 73 120 0 (352 -544 0 ) (576 -544 0 ) (576 -672 0 ) (352 -672 0 ) 
4 74 75 0 (832 -832 0 ) (896 -832 0 ) (896 -832 96 ) (832 -832 96 ) 
4 75 124 0 (768 -1024 0 ) (960 -1024 0 ) (960 -1024 112 ) (768 -1024 112 ) 
4 75 76 0 (768 -896 0 ) (768 -960 0 ) (768 -960 96 ) (768 -896 96 ) 
4 76 77 0 (736 -896 0 ) (736 -960 0 ) (736 -960 96 ) (736 -896 96 ) 
4 77 78 0 (544 -960 0 ) (736 -960 0 ) (736 -960 112 ) (544 -960 112 ) 
4 78 126 0 (320 -1024 0 ) (736 -1024 0 ) (736 -1024 112 ) (320 -1024 112 ) 
4 79 80 0 (928 0 -96 ) (928 -64 -96 ) (928 -64 0 ) (928 0 0 ) 
4 80 81 0 (896 0 -96 ) (896 -64 -96 ) (896 -64 0 ) (896 0 0 ) 
4 81 107 0 (768 -192 -32 ) (768 -192 -96 ) (880 -192 -96 ) (880 -192 -32 ) 
4 81 98 0 (880 -192 -96 ) (896 -192 -96 ) (896 -192 -32 ) (880 -192 -32 ) 
4 81 88 0 (896 -192 0 ) (768 -192 0 ) (768 -192 -32 ) (896 -192 -32 ) 
4 82 83 0 (640 -64 -32 ) (640 -64 0 ) (640 0 0 ) (640 0 -32 ) 
4 84 119 0 (384 -192 -96 ) (416 -192 -96 ) (416 -192 -64 ) (384 -192 -64 ) 
4 84 116 0 (416 -192 -96 ) (448 -192 -96 ) (448 -192 -64 ) (416 -192 -64 ) 
4 85 86 0 (224 0 -96 ) (224 -64 -96 ) (224 -64 0 ) (224 0 0 ) 
4 86 87 0 (192 0 -96 ) (192 -64 -96 ) (192 -64 0 ) (192 0 0 ) 
4 87 134 0 (0 -128 0 ) (0 0 0 ) (0 0 -96 ) (0 -128 -96 ) 
4 88 110 0 (736 -408 -32 ) (880 -408 -32 ) (880 -416 -32 ) (736 -416 -32 ) 
4 88 107 0 (752 -192 -32 ) (880 -192 -32 ) (880 -256 -32 ) (752 -256 -32 ) 
4 88 108 0 (880 -256 -32 ) (880 -408 -32 ) (688 -408 -32 ) (688 -256 -32 ) 
4 88 109 0 (608 -408 -32 ) (608 -192 -32 ) (688 -192 -32 ) (688 -408 -32 ) 
4 88 99 0 (928 -228.748459 -32 ) (928 -416 -32 ) (880 -416 -32 ) (880 -228.748459 -32 ) 
4 88 98 0 (880 -192 -32 ) (928 -192 -32 ) (928 -228.748459 -32 ) (880 -228.748459 -32 ) 
4 88 95 0 (928 -192 -32 ) (960 -192 -32 ) (960 -312 -32 ) (928 -312 -32 ) 
4 88 97 0 (960 -312 -32 ) (960 -416 -32 ) (928 -416 -32 ) (928 -312 -32 ) 
4 88 92 0 (608 -192 0 ) (608 -192 -32 ) (608 -256 -32 ) (608 -256 0 ) 
4 88 94 0 (608 -256 -32 ) (608 -416 -32 ) (608 -416 0 ) (608 -256 0 ) 
4 88 89 0 (720 -416 -32 ) (960 -416 -32 ) (960 -416 0 ) (720 -416 0 ) 
4 88 90 0 (608 -416 0 ) (608 -416 -32 ) (688 -416 -32 ) (688 -416 0 ) 
4 89 110 0 (736 -416 -32 ) (880 -416 -32 ) (880 -448 -32 ) (736 -448 -32 ) 
4 89 104 0 (928 -421.525146 -32 ) (928 -448 -32 ) (880 -448 -32 ) (880 -421.525146 -32 ) 
4 89 99 0 (880 -416 -32 ) (928 -416 -32 ) (928 -421.525146 -32 ) (880 -421.525146 -32 ) 
4 89 97 0 (928 -416 -32 ) (960 -416 -32 ) (960 -448 -32 ) (928 -448 -32 ) 
4 89 91 0 (736 -448 -32 ) (960 -448 -32 ) (960 -448 0 ) (736 -448 0 ) 
4 90 94 0 (608 -416 -32 ) (608 -448 -32 ) (608 -448 0 ) (608 -416 0 ) 
4 91 110 0 (736 -472 -32 ) (736 -448 -32 ) (880 -448 -32 ) (880 -472 -32 ) 
4 91 111 0 (880 -512 -32 ) (736 -512 -32 ) (736 -472 -32 ) (880 -472 -32 ) 
4 91 106 0 (896 -512 -32 ) (880 -512 -32 ) (880 -448 -32 ) (896 -448 -32 ) 
4 92 113 0 (552 -192 -32 ) (592 -192 -32 ) (592 -200 -32 ) (552 -200 -32 ) 
4 92 109 0 (592 -192 -32 ) (608 -192 -32 ) (608 -256 -32 ) (592 -256 -32 ) 
4 92 94 0 (552 -256 -32 ) (608 -256 -32 ) (608 -256 0 ) (552 -256 0 ) 
4 93 121 0 (352 -192 0 ) (352 -192 -32 ) (352 -256 -32 ) (352 -256 0 ) 
4 93 119 0 (352 -256 -32 ) (352 -192 -32 ) (416 -192 -32 ) (416 -256 -32 ) 
4 93 118 0 (448 -256 -32 ) (416 -256 -32 ) (416 -208 -32 ) (448 -208 -32 ) 
4 93 116 0 (416 -192 -32 ) (488 -192 -32 ) (488 -208 -32 ) (416 -208 -32 ) 
4 93 94 0 (352 -256 0 ) (352 -256 -32 ) (488 -256 -32 ) (488 -256 0 ) 
4 94 121 0 (352 -256 -32 ) (352 -512 -32 ) (352 -512 0 ) (352 -256 0 ) 
4 94 119 0 (352 -448 -32 ) (352 -256 -32 ) (416 -256 -32 ) (416 -448 -32 ) 
4 94 117 0 (512 -512 -32 ) (448 -512 -32 ) (448 -272 -32 ) (512 -272 -32 ) 
4 94 118 0 (448 -512 -32 ) (416 -512 -32 ) (416 -256 -32 ) (448 -256 -32 ) 
4 94 114 0 (592 -512 -32 ) (528 -512 -32 ) (528 -264 -32 ) (592 -264 -32 ) 
4 94 115 0 (528 -512 -32 ) (512 -512 -32 ) (512 -256 -32 ) (528 -256 -32 ) 
4 94 112 0 (608 -512 -32 ) (592 -512 -32 ) (592 -408 -32 ) (608 -408 -32 ) 
4 94 109 0 (592 -408 -32 ) (592 -256 -32 ) (608 -256 -32 ) (608 -408 -32 ) 
4 95 99 0 (928 -312 -64 ) (928 -312 -32 ) (928 -228.748459 -32 ) (928 -240.784393 -64 ) 
4 95 98 0 (928 -228.748459 -32 ) (928 -192 -32 ) (928 -192 -64 ) (928 -240.784393 -64 ) 
4 95 96 0 (928 -280 -64 ) (928 -192 -64 ) (960 -192 -64 ) (960 -280 -64 ) 
4 95 97 0 (928 -312 -32 ) (928 -312 -64 ) (960 -312 -64 ) (960 -312 -32 ) 
3 96 101 0 (928 -262.730377 -96 ) (928 -280 -96 ) (928 -280 -89.504486 ) 
4 96 99 0 (928 -280 -85.230919 ) (928 -280 -64 ) (928 -240.784393 -64 ) (928 -252.640366 -95.521515 ) 
4 96 98 0 (928 -192 -96 ) (928 -252.820328 -96 ) (928 -240.784393 -64 ) (928 -192 -64 ) 
4 97 105 0 (928 -312 -96 ) (928 -321.197632 -96 ) (928 -313.951447 -76.734558 ) (928 -312 -77.468552 ) 
5 97 104 0 (928 -321.197632 -96 ) (928 -448 -96 ) (928 -448 -32 ) (928 -421.525146 -32 ) (928 -312.543274 -72.990623 ) 
3 97 99 0 (928 -421.525146 -32 ) (928 -312 -32 ) (928 -312 -73.194969 ) 
4 98 107 0 (880 -192 -96 ) (880 -252.820328 -96 ) (880 -228.748459 -32 ) (880 -192 -32 ) 
4 98 99 0 (880 -228.748947 -32 ) (880 -252.640793 -95.521355 ) (928 -252.640793 -95.521355 ) (928 -228.748947 -32 ) 
3 99 110 0 (880 -421.525146 -32 ) (880 -408 -32 ) (880 -408 -37.087124 ) 
4 99 107 0 (880 -256 -32 ) (880 -228.748459 -32 ) (880 -252.640366 -95.521515 ) (880 -256 -94.257881 ) 
4 99 108 0 (880 -408 -32 ) (880 -256 -32 ) (880 -256 -94.257881 ) (880 -408 -37.087124 ) 
4 99 104 0 (880 -421.526917 -32 ) (880 -312.543518 -72.991211 ) (928 -312.543518 -72.991211 ) (928 -421.526917 -32 ) 
4 100 105 0 (928 -312 -84 ) (928 -312 -77.468544 ) (896 -312 -77.468544 ) (896 -312 -84 ) 
4 100 102 0 (896 -300 -84 ) (896 -294.640106 -84 ) (908 -294.640106 -84 ) (908 -300 -84 ) 
4 100 101 0 (928 -312 -84 ) (908 -312 -84 ) (908 -294.640106 -84 ) (928 -294.640106 -84 ) 
3 100 103 0 (896 -312 -84 ) (896 -312 -77.467926 ) (896 -294.633148 -84 ) 
4 101 105 0 (928 -312 -96 ) (928 -312 -84 ) (908 -312 -84 ) (908 -312 -96 ) 
4 101 102 0 (908 -300 -84 ) (908 -294.640106 -84 ) (908 -262.735657 -96 ) (908 -300 -96 ) 
4 102 103 0 (896 -300 -84 ) (896 -294.633148 -84 ) (896 -262.728699 -96 ) (896 -300 -96 ) 
3 103 108 0 (880 -262.730377 -96 ) (880 -312 -96 ) (880 -312 -77.468552 ) 
4 103 105 0 (896 -312 -77.468544 ) (880 -312 -77.468544 ) (880 -312 -96 ) (896 -312 -96 ) 
5 104 110 0 (880 -408 -96 ) (880 -448 -96 ) (880 -448 -32 ) (880 -421.525146 -32 ) (880 -408 -37.087124 ) 
4 104 108 0 (880 -321.197632 -96 ) (880 -408 -96 ) (880 -408 -37.087124 ) (880 -312.543274 -72.990623 ) 
4 104 106 0 (880 -448 -32 ) (880 -448 -96 ) (896 -448 -96 ) (896 -448 -32 ) 
4 104 105 0 (880 -321.197723 -96 ) (880 -313.951538 -76.734528 ) (928 -313.951538 -76.734528 ) (928 -321.197723 -96 ) 
4 105 108 0 (880 -312 -96 ) (880 -321.197632 -96 ) (880 -313.951447 -76.734558 ) (880 -312 -77.468552 ) 
4 106 110 0 (880 -448 -96 ) (880 -472 -96 ) (880 -472 -32 ) (880 -448 -32 ) 
4 106 111 0 (880 -472 -96 ) (880 -512 -96 ) (880 -512 -32 ) (880 -472 -32 ) 
4 107 108 0 (752 -256 -96 ) (880 -256 -96 ) (880 -256 -32 ) (752 -256 -32 ) 
4 108 110 0 (736 -408 -96 ) (880 -408 -96 ) (880 -408 -32 ) (736 -408 -32 ) 
4 108 109 0 (688 -256 -96 ) (688 -408 -96 ) (688 -408 -32 ) (688 -256 -32 ) 
4 109 114 0 (592 -264 -96 ) (592 -408 -96 ) (592 -408 -32 ) (592 -264 -32 ) 
4 109 113 0 (592 -192 -96 ) (592 -200 -96 ) (592 -200 -32 ) (592 -192 -32 ) 
4 109 112 0 (592 -408 -32 ) (592 -408 -96 ) (608 -408 -96 ) (608 -408 -32 ) 
4 110 111 0 (736 -472 -96 ) (880 -472 -96 ) (880 -472 -32 ) (736 -472 -32 ) 
4 111 112 0 (608 -472 -96 ) (608 -512 -96 ) (608 -512 -32 ) (608 -472 -32 ) 
4 112 114 0 (592 -408 -96 ) (592 -512 -96 ) (592 -512 -32 ) (592 -408 -32 ) 
4 113 115 0 (528 -192 -96 ) (528 -200 -96 ) (528 -200 -32 ) (528 -192 -32 ) 
4 114 115 0 (528 -264 -96 ) (528 -512 -96 ) (528 -512 -32 ) (528 -264 -32 ) 
4 115 117 0 (512 -272 -96 ) (512 -512 -96 ) (512 -512 -32 ) (512 -272 -32 ) 
4 115 116 0 (512 -192 -96 ) (512 -208 -96 ) (512 -208 -32 ) (512 -192 -32 ) 
4 116 119 0 (416 -192 -96 ) (416 -208 -96 ) (416 -208 -32 ) (416 -192 -32 ) 
4 116 118 0 (416 -208 -32 ) (416 -208 -96 ) (448 -208 -96 ) (448 -208 -32 ) 
4 117 118 0 (448 -272 -96 ) (448 -512 -96 ) (448 -512 -32 ) (448 -272 -32 ) 
4 118 119 0 (416 -208 -96 ) (416 -448 -96 ) (416 -448 -32 ) (416 -208 -32 ) 
4 119 122 0 (352 -192 -32 ) (352 -192 -96 ) (352 -448 -96 ) (352 -448 -32 ) 
4 120 122 0 (352 -544 -96 ) (352 -672 -96 ) (352 -672 -32 ) (352 -544 -32 ) 
4 120 121 0 (352 -672 -32 ) (352 -672 0 ) (352 -544 0 ) (352 -544 -32 ) 
4 121 123 0 (96 -672 -32 ) (96 -256 -32 ) (160 -256 -32 ) (160 -672 -32 ) 
4 121 122 0 (160 -192 -32 ) (352 -192 -32 ) (352 -672 -32 ) (160 -672 -32 ) 
4 122 123 0 (160 -256 -96 ) (160 -672 -96 ) (160 -672 -32 ) (160 -256 -32 ) 
4 124 125 0 (768 -1216 0 ) (768 -1280 0 ) (768 -1280 96 ) (768 -1216 96 ) 
4 125 128 0 (736 -1216 0 ) (736 -1280 0 ) (736 -1280 96 ) (736 -1216 96 ) 
4 126 127 0 (320 -1152 0 ) (736 -1152 0 ) (736 -1152 112 ) (320 -1152 112 ) 
4 127 128 0 (544 -1216 0 ) (736 -1216 0 ) (736 -1216 112 ) (544 -1216 112 ) 
4 129 133 0 (0 0 0 ) (0 0 16 ) (-128 0 16 ) (-128 0 0 ) 
4 129 132 0 (0 0 0 ) (-128 0 0 ) (-128 384 0 ) (0 384 0 ) 
4 130 131 0 (-64 512 -64 ) (-64 576 -64 ) (0 576 -64 ) (0 512 -64 ) 
4 131 132 0 (-64 384 -96 ) (0 384 -96 ) (0 384 -64 ) (-64 384 -64 ) 
4 132 134 0 (0 0 -96 ) (0 0 0 ) (-128 0 0 ) (-128 0 -96 ) 
4 133 134 0 (-128 -128 0 ) (-128 0 0 ) (0 0 0 ) (0 -128 0 ) 
4 135 136 0 (-136 -1024 0 ) (0 -1024 0 ) (0 -1352 0 ) (-136 -1352 0 ) 
4 0 (1024 256 16 ) (1024 256 0 ) (1120 256 0 ) (1120 256 16 ) 
4 0 (1120 672 16 ) (1120 256 16 ) (1120 256 0 ) (1120 672 0 ) 
4 0 (1120 672 16 ) (1024 672 16 ) (1024 256 16 ) (1120 256 16 ) 
4 0 (1024 672 16 ) (1120 672 16 ) (1120 672 0 ) (1024 672 0 ) 
4 1 (1120 0 16 ) (1120 0 0 ) (1120 224 0 ) (1120 224 16 ) 
4 1 (1120 224 16 ) (1120 224 0 ) (1024 224 0 ) (1024 224 16 ) 
4 1 (1024 0 16 ) (1120 0 16 ) (1120 224 16 ) (1024 224 16 ) 
4 2 (1056 256 -96 ) (1120 256 -96 ) (1120 256 0 ) (1056 256 0 ) 
4 2 (1120 672 0 ) (1120 256 0 ) (1120 256 -96 ) (1120 672 -96 ) 
4 2 (1024 256 -96 ) (1024 672 -96 ) (1120 672 -96 ) (1120 256 -96 ) 
4 2 (1024 672 0 ) (1120 672 0 ) (1120 672 -96 ) (1024 672 -96 ) 
4 3 (1056 224 0 ) (1056 256 0 ) (1024 256 0 ) (1024 224 0 ) 
4 3 (1024 224 -96 ) (1024 256 -96 ) (1056 256 -96 ) (1056 224 -96 ) 
4 3 (1056 224 0 ) (1056 224 -96 ) (1056 256 -96 ) (1056 256 0 ) 
4 4 (1056 224 0 ) (1120 224 0 ) (1120 224 -96 ) (1056 224 -96 ) 
4 4 (1120 224 0 ) (1120 0 0 ) (1120 0 -96 ) (1120 224 -96 ) 
4 4 (1120 0 -96 ) (1024 0 -96 ) (1024 224 -96 ) (1120 224 -96 ) 
4 5 (1024 -128 0 ) (1120 -128 0 ) (1120 -128 16 ) (1024 -128 16 ) 
4 5 (1120 -128 16 ) (1120 0 16 ) (1024 0 16 ) (1024 -128 16 ) 
4 5 (1120 0 16 ) (1120 -128 16 ) (1120 -128 0 ) (1120 0 0 ) 
4 6 (1120 -128 -96 ) (1120 -128 0 ) (1024 -128 0 ) (1024 -128 -96 ) 
4 6 (1120 -128 -96 ) (1120 0 -96 ) (1120 0 0 ) (1120 -128 0 ) 
4 6 (1120 -128 -96 ) (1024 -128 -96 ) (1024 0 -96 ) (1120 0 -96 ) 
4 7 (1024 -1344 120 ) (1024 -1024 120 ) (1024 -1024 0 ) (1024 -1344 0 ) 
4 7 (1024 -1352 0 ) (1024 -1352 120 ) (1024 -1344 120 ) (1024 -1344 0 ) 
4 7 (1024 -1352 120 ) (1128 -1352 120 ) (1128 -1024 120 ) (1024 -1024 120 ) 
4 7 (1128 -1352 0 ) (1128 -1352 120 ) (1024 -1352 120 ) (1024 -1352 0 ) 
4 7 (1128 -1352 120 ) (1128 -1352 0 ) (1128 -1024 0 ) (1128 -1024 120 ) 
4 7 (1128 -1024 120 ) (1128 -1024 16 ) (1024 -1024 16 ) (1024 -1024 120 ) 
4 7 (1128 -1024 16 ) (1128 -1024 0 ) (1024 -1024 0 ) (1024 -1024 16 ) 
4 8 (1024 -1024 -104 ) (1024 -1352 -104 ) (1024 -1352 0 ) (1024 -1024 0 ) 
4 8 (1128 -1352 -104 ) (1024 -1352 -104 ) (1024 -1024 -104 ) (1128 -1024 -104 ) 
4 8 (1024 -1352 -104 ) (1128 -1352 -104 ) (1128 -1352 0 ) (1024 -1352 0 ) 
4 8 (1128 -1352 0 ) (1128 -1352 -104 ) (1128 -1024 -104 ) (1128 -1024 0 ) 
4 8 (1120 -1024 0 ) (1128 -1024 0 ) (1128 -1024 -104 ) (1120 -1024 -104 ) 
4 8 (1120 -1024 0 ) (1120 -1024 -104 ) (1024 -1024 -104 ) (1024 -1024 0 ) 
4 9 (320 416 0 ) (928 416 0 ) (928 416 16 ) (320 416 16 ) 
4 9 (320 672 16 ) (1024 672 16 ) (1024 672 0 ) (320 672 0 ) 
4 9 (320 416 16 ) (1024 416 16 ) (1024 672 16 ) (320 672 16 ) 
4 9 (320 672 16 ) (320 672 0 ) (320 416 0 ) (320 416 16 ) 
4 10 (928 384 16 ) (1024 384 16 ) (1024 416 16 ) (928 416 16 ) 
4 10 (928 416 16 ) (928 416 0 ) (928 384 0 ) (928 384 16 ) 
4 11 (928 256 0 ) (1024 256 0 ) (1024 256 16 ) (928 256 16 ) 
4 11 (928 256 16 ) (1024 256 16 ) (1024 384 16 ) (928 384 16 ) 
4 11 (928 384 16 ) (928 384 0 ) (928 256 0 ) (928 256 16 ) 
4 12 (352 256 0 ) (768 256 0 ) (768 256 16 ) (352 256 16 ) 
4 12 (224 384 16 ) (896 384 16 ) (896 384 0 ) (224 384 0 ) 
4 12 (224 256 16 ) (896 256 16 ) (896 384 16 ) (224 384 16 ) 
4 12 (896 256 16 ) (896 256 0 ) (896 384 0 ) (896 384 16 ) 
4 12 (224 384 16 ) (224 384 0 ) (224 256 0 ) (224 256 16 ) 
4 13 (64 256 16 ) (64 256 0 ) (64 384 0 ) (64 384 16 ) 
4 13 (0 384 16 ) (64 384 16 ) (64 384 0 ) (0 384 0 ) 
4 13 (64 256 16 ) (64 384 16 ) (0 384 16 ) (0 256 16 ) 
4 14 (768 256 16 ) (768 256 0 ) (768 224 0 ) (768 224 16 ) 
4 14 (768 224 16 ) (896 224 16 ) (896 256 16 ) (768 256 16 ) 
4 14 (896 224 16 ) (896 224 0 ) (896 256 0 ) (896 256 16 ) 
4 15 (224 256 16 ) (224 256 0 ) (224 224 0 ) (224 224 16 ) 
4 15 (352 224 16 ) (352 256 16 ) (224 256 16 ) (224 224 16 ) 
4 15 (352 224 16 ) (352 224 0 ) (352 256 0 ) (352 256 16 ) 
4 16 (928 224 16 ) (928 224 0 ) (928 0 0 ) (928 0 16 ) 
4 16 (1024 224 16 ) (928 224 16 ) (928 0 16 ) (1024 0 16 ) 
4 16 (928 224 16 ) (1024 224 16 ) (1024 224 0 ) (928 224 0 ) 
4 17 (896 0 16 ) (896 0 0 ) (896 224 0 ) (896 224 16 ) 
4 17 (896 224 16 ) (768 224 16 ) (768 0 16 ) (896 0 16 ) 
4 17 (768 224 16 ) (768 224 0 ) (768 0 0 ) (768 0 16 ) 
4 18 (512 224 16 ) (512 224 0 ) (512 0 0 ) (512 0 16 ) 
4 18 (704 0 16 ) (704 0 0 ) (704 224 0 ) (704 224 16 ) 
4 18 (512 224 16 ) (704 224 16 ) (704 224 0 ) (512 224 0 ) 
4 18 (704 224 16 ) (512 224 16 ) (512 0 16 ) (704 0 16 ) 
4 19 (224 224 0 ) (224 0 0 ) (224 0 16 ) (224 224 16 ) 
4 19 (352 224 16 ) (224 224 16 ) (224 0 16 ) (352 0 16 ) 
4 19 (352 0 16 ) (352 0 0 ) (352 224 0 ) (352 224 16 ) 
4 20 (64 64 16 ) (64 256 16 ) (0 256 16 ) (0 64 16 ) 
4 20 (64 64 16 ) (64 64 0 ) (64 256 0 ) (64 256 16 ) 
4 21 (64 64 16 ) (192 64 16 ) (192 64 0 ) (64 64 0 ) 
4 21 (192 64 16 ) (192 0 16 ) (192 0 0 ) (192 64 0 ) 
4 21 (192 64 16 ) (0 64 16 ) (0 0 16 ) (192 0 16 ) 
4 22 (896 672 -16 ) (896 672 -96 ) (896 576 -96 ) (896 576 -16 ) 
4 22 (896 672 -96 ) (1024 672 -96 ) (1024 576 -96 ) (896 576 -96 ) 
4 22 (896 672 0 ) (1024 672 0 ) (1024 672 -96 ) (896 672 -96 ) 
4 23 (888 672 -16 ) (888 672 0 ) (896 672 0 ) (896 672 -16 ) 
4 23 (888 576 -16 ) (888 672 -16 ) (896 672 -16 ) (896 576 -16 ) 
4 24 (816 672 -56 ) (816 672 0 ) (888 672 0 ) (888 672 -56 ) 
4 24 (888 624 -16 ) (888 624 -56 ) (888 672 -56 ) (888 672 -16 ) 
4 24 (888 624 -56 ) (816 624 -56 ) (816 672 -56 ) (888 672 -56 ) 
4 25 (824 672 -96 ) (888 672 -96 ) (888 624 -96 ) (824 624 -96 ) 
4 25 (824 672 -64 ) (888 672 -64 ) (888 672 -96 ) (824 672 -96 ) 
4 25 (888 624 -64 ) (888 624 -96 ) (888 672 -96 ) (888 672 -64 ) 
4 25 (888 672 -64 ) (824 672 -64 ) (824 624 -64 ) (888 624 -64 ) 
4 25 (824 624 -96 ) (824 624 -64 ) (824 672 -64 ) (824 672 -96 ) 
4 26 (824 624 -64 ) (824 624 -96 ) (816 624 -96 ) (816 624 -64 ) 
4 26 (888 624 -56 ) (888 624 -64 ) (816 624 -64 ) (816 624 -56 ) 
4 26 (888 624 -96 ) (888 576 -96 ) (816 576 -96 ) (816 624 -96 ) 
4 26 (888 624 -16 ) (888 576 -16 ) (888 576 -96 ) (888 624 -96 ) 
4 27 (704 672 -16 ) (704 672 -96 ) (704 576 -96 ) (704 576 -16 ) 
4 27 (816 624 -64 ) (816 624 -96 ) (816 672 -96 ) (816 672 -64 ) 
4 27 (816 624 -56 ) (816 624 -64 ) (816 672 -64 ) (816 672 -56 ) 
4 27 (704 672 0 ) (816 672 0 ) (816 672 -96 ) (704 672 -96 ) 
4 27 (704 672 -96 ) (816 672 -96 ) (816 576 -96 ) (704 576 -96 ) 
4 28 (696 672 -16 ) (696 672 0 ) (704 672 0 ) (704 672 -16 ) 
4 28 (696 576 -16 ) (696 672 -16 ) (704 672 -16 ) (704 576 -16 ) 
4 29 (696 624 -56 ) (632 624 -56 ) (632 672 -56 ) (696 672 -56 ) 
4 29 (632 624 -56 ) (624 624 -56 ) (624 672 -56 ) (632 672 -56 ) 
4 29 (624 672 -56 ) (624 672 0 ) (696 672 0 ) (696 672 -56 ) 
4 29 (696 624 -16 ) (696 624 -56 ) (696 672 -56 ) (696 672 -16 ) 
4 30 (632 624 -96 ) (632 624 -64 ) (632 672 -64 ) (632 672 -96 ) 
4 30 (632 672 -96 ) (696 672 -96 ) (696 624 -96 ) (632 624 -96 ) 
4 30 (632 672 -64 ) (696 672 -64 ) (696 672 -96 ) (632 672 -96 ) 
4 30 (696 624 -64 ) (696 624 -96 ) (696 672 -96 ) (696 672 -64 ) 
4 30 (696 672 -64 ) (632 672 -64 ) (632 624 -64 ) (696 624 -64 ) 
4 31 (512 672 -16 ) (512 672 -96 ) (512 624 -96 ) (512 624 -16 ) 
4 31 (624 624 -56 ) (624 624 -96 ) (624 672 -96 ) (624 672 -56 ) 
4 31 (512 672 0 ) (624 672 0 ) (624 672 -96 ) (512 672 -96 ) 
4 31 (512 672 -96 ) (624 672 -96 ) (624 624 -96 ) (512 624 -96 ) 
4 32 (512 624 -96 ) (512 576 -96 ) (512 576 -16 ) (512 624 -16 ) 
4 32 (632 624 -64 ) (632 624 -56 ) (696 624 -56 ) (696 624 -64 ) 
4 32 (624 624 -56 ) (632 624 -56 ) (632 624 -96 ) (624 624 -96 ) 
4 32 (696 624 -96 ) (696 576 -96 ) (512 576 -96 ) (512 624 -96 ) 
4 32 (696 624 -16 ) (696 576 -16 ) (696 576 -96 ) (696 624 -96 ) 
4 33 (504 672 -16 ) (504 672 0 ) (512 672 0 ) (512 672 -16 ) 
4 33 (504 576 -16 ) (504 672 -16 ) (512 672 -16 ) (512 576 -16 ) 
4 34 (432 672 -56 ) (432 672 0 ) (504 672 0 ) (504 672 -56 ) 
4 34 (504 624 -16 ) (504 624 -56 ) (504 672 -56 ) (504 672 -16 ) 
4 34 (504 624 -56 ) (432 624 -56 ) (432 672 -56 ) (504 672 -56 ) 
4 35 (440 672 -96 ) (504 672 -96 ) (504 624 -96 ) (440 624 -96 ) 
4 35 (440 672 -64 ) (504 672 -64 ) (504 672 -96 ) (440 672 -96 ) 
4 35 (504 624 -64 ) (504 624 -96 ) (504 672 -96 ) (504 672 -64 ) 
4 35 (504 672 -64 ) (440 672 -64 ) (440 624 -64 ) (504 624 -64 ) 
4 35 (440 624 -96 ) (440 624 -64 ) (440 672 -64 ) (440 672 -96 ) 
4 36 (440 624 -64 ) (440 624 -96 ) (432 624 -96 ) (432 624 -64 ) 
4 36 (504 624 -56 ) (504 624 -64 ) (432 624 -64 ) (432 624 -56 ) 
4 36 (504 624 -96 ) (504 576 -96 ) (432 576 -96 ) (432 624 -96 ) 
4 36 (504 624 -16 ) (504 576 -16 ) (504 576 -96 ) (504 624 -96 ) 
4 37 (432 624 -64 ) (432 624 -96 ) (432 672 -96 ) (432 672 -64 ) 
4 37 (432 624 -56 ) (432 624 -64 ) (432 672 -64 ) (432 672 -56 ) 
4 37 (320 672 0 ) (320 672 -96 ) (320 576 -96 ) (320 576 0 ) 
4 37 (320 672 0 ) (432 672 0 ) (432 672 -96 ) (320 672 -96 ) 
4 37 (320 672 -96 ) (432 672 -96 ) (432 576 -96 ) (320 576 -96 ) 
4 38 (320 416 -96 ) (384 416 -96 ) (384 416 0 ) (320 416 0 ) 
4 38 (448 416 -96 ) (928 416 -96 ) (928 416 0 ) (448 416 0 ) 
4 38 (504 576 -16 ) (512 576 -16 ) (512 576 -96 ) (504 576 -96 ) 
4 38 (696 576 -16 ) (704 576 -16 ) (704 576 -96 ) (696 576 -96 ) 
4 38 (888 576 -16 ) (896 576 -16 ) (896 576 -96 ) (888 576 -96 ) 
4 38 (320 576 -96 ) (1024 576 -96 ) (1024 416 -96 ) (320 416 -96 ) 
4 38 (320 576 0 ) (320 576 -96 ) (320 416 -96 ) (320 416 0 ) 
4 39 (928 416 0 ) (928 416 -96 ) (928 384 -96 ) (928 384 0 ) 
4 39 (928 416 -96 ) (1024 416 -96 ) (1024 384 -96 ) (928 384 -96 ) 
4 40 (448 384 0 ) (448 384 -96 ) (448 416 -96 ) (448 416 0 ) 
4 40 (384 384 0 ) (448 384 0 ) (448 416 0 ) (384 416 0 ) 
4 40 (384 416 -96 ) (448 416 -96 ) (448 384 -96 ) (384 384 -96 ) 
4 40 (384 416 0 ) (384 416 -96 ) (384 384 -96 ) (384 384 0 ) 
4 41 (928 384 0 ) (928 384 -96 ) (928 256 -96 ) (928 256 0 ) 
4 41 (928 256 0 ) (928 256 -96 ) (992 256 -96 ) (992 256 0 ) 
4 41 (928 256 -96 ) (928 384 -96 ) (1024 384 -96 ) (1024 256 -96 ) 
4 42 (992 224 0 ) (1024 224 0 ) (1024 256 0 ) (992 256 0 ) 
4 42 (992 256 -96 ) (1024 256 -96 ) (1024 224 -96 ) (992 224 -96 ) 
4 42 (992 256 0 ) (992 256 -96 ) (992 224 -96 ) (992 224 0 ) 
4 43 (928 224 -96 ) (928 0 -96 ) (928 0 0 ) (928 224 0 ) 
4 43 (992 224 0 ) (992 224 -96 ) (928 224 -96 ) (928 224 0 ) 
4 43 (1024 0 -96 ) (928 0 -96 ) (928 224 -96 ) (1024 224 -96 ) 
4 44 (768 224 -96 ) (768 0 -96 ) (768 0 0 ) (768 224 0 ) 
4 44 (768 256 -96 ) (768 224 -96 ) (768 224 0 ) (768 256 0 ) 
4 44 (896 0 -96 ) (768 0 -96 ) (768 384 -96 ) (896 384 -96 ) 
4 44 (768 384 0 ) (896 384 0 ) (896 384 -96 ) (768 384 -96 ) 
4 44 (896 0 0 ) (896 0 -96 ) (896 384 -96 ) (896 384 0 ) 
4 45 (352 256 -96 ) (384 256 -96 ) (384 256 -64 ) (352 256 -64 ) 
4 45 (384 256 -96 ) (512 256 -96 ) (512 256 -64 ) (384 256 -64 ) 
4 45 (512 256 -64 ) (512 256 0 ) (352 256 0 ) (352 256 -64 ) 
4 45 (640 256 -96 ) (768 256 -96 ) (768 256 0 ) (640 256 0 ) 
4 45 (512 256 -96 ) (576 256 -96 ) (576 256 0 ) (512 256 0 ) 
4 45 (224 384 0 ) (224 384 -96 ) (224 256 -96 ) (224 256 0 ) 
4 45 (224 384 -96 ) (768 384 -96 ) (768 256 -96 ) (224 256 -96 ) 
4 45 (448 384 0 ) (768 384 0 ) (768 384 -96 ) (448 384 -96 ) 
4 45 (224 384 0 ) (384 384 0 ) (384 384 -96 ) (224 384 -96 ) 
4 46 (0 384 0 ) (64 384 0 ) (64 384 -96 ) (0 384 -96 ) 
4 46 (0 256 -96 ) (0 384 -96 ) (64 384 -96 ) (64 256 -96 ) 
4 46 (64 256 0 ) (64 256 -96 ) (64 384 -96 ) (64 384 0 ) 
4 47 (576 256 0 ) (576 256 -96 ) (576 224 -96 ) (576 224 0 ) 
4 47 (576 256 -96 ) (640 256 -96 ) (640 224 -96 ) (576 224 -96 ) 
4 47 (576 224 0 ) (640 224 0 ) (640 256 0 ) (576 256 0 ) 
4 47 (640 224 0 ) (640 224 -96 ) (640 256 -96 ) (640 256 0 ) 
4 48 (512 0 -32 ) (512 0 0 ) (512 224 0 ) (512 224 -32 ) 
4 48 (512 128 -32 ) (512 192 -32 ) (576 192 -32 ) (576 128 -32 ) 
4 48 (704 0 0 ) (704 0 -32 ) (704 224 -32 ) (704 224 0 ) 
4 48 (640 224 -32 ) (640 224 0 ) (704 224 0 ) (704 224 -32 ) 
4 48 (576 224 0 ) (576 224 -32 ) (512 224 -32 ) (512 224 0 ) 
4 49 (640 0 -96 ) (704 0 -96 ) (704 0 -32 ) (640 0 -32 ) 
4 49 (576 128 -32 ) (576 192 -32 ) (576 192 -96 ) (576 128 -96 ) 
4 49 (704 0 -96 ) (576 0 -96 ) (576 224 -96 ) (704 224 -96 ) 
4 49 (640 224 -32 ) (704 224 -32 ) (704 224 -96 ) (640 224 -96 ) 
4 49 (704 0 -32 ) (704 0 -96 ) (704 224 -96 ) (704 224 -32 ) 
4 50 (512 224 -96 ) (512 192 -96 ) (512 192 -64 ) (512 224 -64 ) 
4 50 (512 192 -64 ) (512 192 -32 ) (512 224 -32 ) (512 224 -64 ) 
4 50 (576 192 -96 ) (576 192 -32 ) (512 192 -32 ) (512 192 -96 ) 
4 50 (576 224 -32 ) (576 224 -96 ) (512 224 -96 ) (512 224 -32 ) 
4 50 (512 192 -96 ) (512 224 -96 ) (576 224 -96 ) (576 192 -96 ) 
4 51 (512 64 -96 ) (512 0 -96 ) (512 0 -64 ) (512 64 -64 ) 
4 51 (512 0 -64 ) (512 0 -32 ) (512 128 -32 ) (512 128 -64 ) 
4 51 (576 0 -96 ) (512 0 -96 ) (512 128 -96 ) (576 128 -96 ) 
4 51 (512 128 -96 ) (512 128 -32 ) (576 128 -32 ) (576 128 -96 ) 
4 52 (224 64 -64 ) (224 0 -64 ) (224 0 0 ) (224 64 0 ) 
4 52 (224 256 0 ) (224 256 -64 ) (224 64 -64 ) (224 64 0 ) 
4 52 (352 0 0 ) (352 0 -64 ) (352 256 -64 ) (352 256 0 ) 
4 53 (384 64 -64 ) (384 128 -64 ) (384 128 -96 ) (384 64 -96 ) 
4 53 (448 64 -96 ) (512 64 -96 ) (512 64 -64 ) (448 64 -64 ) 
4 53 (512 128 -64 ) (512 128 -96 ) (384 128 -96 ) (384 128 -64 ) 
4 53 (384 64 -96 ) (384 128 -96 ) (512 128 -96 ) (512 64 -96 ) 
4 53 (384 128 -64 ) (384 64 -64 ) (512 64 -64 ) (512 128 -64 ) 
4 54 (384 0 -64 ) (384 64 -64 ) (384 64 -96 ) (384 0 -96 ) 
4 54 (448 64 -64 ) (384 64 -64 ) (384 0 -64 ) (448 0 -64 ) 
4 54 (448 0 -96 ) (384 0 -96 ) (384 64 -96 ) (448 64 -96 ) 
4 54 (448 0 -64 ) (448 0 -96 ) (448 64 -96 ) (448 64 -64 ) 
4 55 (224 64 -96 ) (224 0 -96 ) (224 0 -64 ) (224 64 -64 ) 
4 55 (224 256 -64 ) (224 256 -96 ) (224 64 -96 ) (224 64 -64 ) 
4 55 (352 0 -96 ) (224 0 -96 ) (224 256 -96 ) (352 256 -96 ) 
4 55 (352 0 -96 ) (352 256 -96 ) (352 256 -64 ) (352 0 -64 ) 
4 56 (0 64 -96 ) (0 256 -96 ) (64 256 -96 ) (64 64 -96 ) 
4 56 (64 64 0 ) (64 64 -96 ) (64 256 -96 ) (64 256 0 ) 
4 57 (192 0 -96 ) (0 0 -96 ) (0 64 -96 ) (192 64 -96 ) 
4 57 (64 64 0 ) (192 64 0 ) (192 64 -96 ) (64 64 -96 ) 
4 57 (192 0 0 ) (192 0 -96 ) (192 64 -96 ) (192 64 0 ) 
4 58 (928 0 0 ) (928 -128 0 ) (928 -128 16 ) (928 0 16 ) 
4 58 (1024 -128 16 ) (1024 0 16 ) (928 0 16 ) (928 -128 16 ) 
4 58 (928 -128 16 ) (928 -128 0 ) (1024 -128 0 ) (1024 -128 16 ) 
4 59 (768 0 0 ) (768 -128 0 ) (768 -128 16 ) (768 0 16 ) 
4 59 (768 -128 0 ) (768 -192 0 ) (768 -192 16 ) (768 -128 16 ) 
4 59 (896 0 16 ) (768 0 16 ) (768 -192 16 ) (896 -192 16 ) 
4 59 (896 0 16 ) (896 -192 16 ) (896 -192 0 ) (896 0 0 ) 
4 60 (512 0 0 ) (512 -64 0 ) (512 -64 16 ) (512 0 16 ) 
4 60 (704 0 16 ) (704 -64 16 ) (704 -64 0 ) (704 0 0 ) 
4 60 (512 -64 16 ) (704 -64 16 ) (704 0 16 ) (512 0 16 ) 
4 60 (512 -64 16 ) (512 -64 0 ) (704 -64 0 ) (704 -64 16 ) 
4 61 (224 0 0 ) (224 -128 0 ) (224 -128 16 ) (224 0 16 ) 
4 61 (352 -128 16 ) (352 0 16 ) (224 0 16 ) (224 -128 16 ) 
4 61 (224 -128 16 ) (224 -128 0 ) (352 -128 0 ) (352 -128 16 ) 
4 61 (352 0 16 ) (352 -128 16 ) (352 -128 0 ) (352 0 0 ) 
4 62 (192 -128 16 ) (192 0 16 ) (0 0 16 ) (0 -128 16 ) 
4 62 (192 0 16 ) (192 -128 16 ) (192 -128 0 ) (192 0 0 ) 
4 62 (0 -128 0 ) (192 -128 0 ) (192 -128 16 ) (0 -128 16 ) 
4 63 (896 -512 96 ) (896 -512 112 ) (736 -512 112 ) (736 -512 96 ) 
4 63 (736 -512 0 ) (896 -512 0 ) (896 -512 48 ) (736 -512 48 ) 
4 63 (896 -512 0 ) (960 -512 0 ) (960 -512 112 ) (896 -512 112 ) 
4 63 (736 -448 0 ) (736 -512 0 ) (736 -512 32 ) (736 -448 32 ) 
4 63 (960 -512 112 ) (960 -512 0 ) (960 -192 0 ) (960 -192 112 ) 
4 63 (736 -512 112 ) (960 -512 112 ) (960 -192 112 ) (736 -192 112 ) 
4 63 (960 -192 16 ) (736 -192 16 ) (736 -192 112 ) (960 -192 112 ) 
4 63 (928 -192 16 ) (960 -192 16 ) (960 -192 0 ) (928 -192 0 ) 
4 63 (896 -192 16 ) (928 -192 16 ) (928 -192 0 ) (896 -192 0 ) 
4 63 (736 -192 16 ) (768 -192 16 ) (768 -192 0 ) (736 -192 0 ) 
4 64 (640 -512 112 ) (608 -512 112 ) (608 -512 32 ) (640 -512 32 ) 
4 64 (736 -512 96 ) (736 -512 112 ) (640 -512 112 ) (640 -512 96 ) 
4 64 (736 -512 32 ) (736 -512 48 ) (640 -512 48 ) (640 -512 32 ) 
4 64 (608 -512 32 ) (608 -448 32 ) (736 -448 32 ) (736 -512 32 ) 
4 64 (736 -192 32 ) (608 -192 32 ) (608 -192 112 ) (736 -192 112 ) 
4 64 (608 -512 112 ) (736 -512 112 ) (736 -192 112 ) (608 -192 112 ) 
4 65 (720 -448 0 ) (688 -448 0 ) (688 -416 0 ) (720 -416 0 ) 
4 65 (736 -192 32 ) (736 -192 16 ) (608 -192 16 ) (608 -192 32 ) 
4 65 (608 -192 16 ) (736 -192 16 ) (736 -192 0 ) (608 -192 0 ) 
4 65 (736 -448 0 ) (736 -448 32 ) (608 -448 32 ) (608 -448 0 ) 
4 66 (608 -512 32 ) (608 -512 112 ) (488 -512 112 ) (488 -512 32 ) 
4 66 (488 -256 32 ) (488 -192 32 ) (552 -192 32 ) (552 -256 32 ) 
4 66 (608 -192 32 ) (488 -192 32 ) (488 -192 112 ) (608 -192 112 ) 
4 66 (488 -512 112 ) (608 -512 112 ) (608 -192 112 ) (488 -192 112 ) 
4 67 (552 -512 0 ) (608 -512 0 ) (608 -512 32 ) (552 -512 32 ) 
4 67 (552 -256 32 ) (552 -192 32 ) (552 -192 0 ) (552 -256 0 ) 
4 67 (608 -448 32 ) (608 -512 32 ) (608 -512 0 ) (608 -448 0 ) 
4 67 (552 -192 32 ) (608 -192 32 ) (608 -192 16 ) (552 -192 16 ) 
4 67 (552 -192 16 ) (608 -192 16 ) (608 -192 0 ) (552 -192 0 ) 
4 68 (488 -512 0 ) (552 -512 0 ) (552 -512 32 ) (488 -512 32 ) 
4 68 (488 -256 0 ) (488 -256 32 ) (552 -256 32 ) (552 -256 0 ) 
4 69 (352 -512 0 ) (488 -512 0 ) (488 -512 112 ) (352 -512 112 ) 
4 69 (488 -256 32 ) (488 -256 0 ) (488 -192 0 ) (488 -192 32 ) 
4 69 (96 -192 112 ) (96 -192 0 ) (96 -512 0 ) (96 -512 112 ) 
4 69 (96 -512 112 ) (488 -512 112 ) (488 -192 112 ) (96 -192 112 ) 
4 69 (488 -192 16 ) (96 -192 16 ) (96 -192 112 ) (488 -192 112 ) 
4 69 (224 -192 16 ) (488 -192 16 ) (488 -192 0 ) (224 -192 0 ) 
4 69 (192 -192 16 ) (224 -192 16 ) (224 -192 0 ) (192 -192 0 ) 
4 69 (96 -192 16 ) (192 -192 16 ) (192 -192 0 ) (96 -192 0 ) 
4 70 (640 -512 96 ) (640 -512 48 ) (640 -544 48 ) (640 -544 96 ) 
4 70 (640 -544 48 ) (640 -512 48 ) (896 -512 48 ) (896 -544 48 ) 
4 70 (896 -544 96 ) (896 -544 48 ) (896 -512 48 ) (896 -512 96 ) 
4 70 (896 -544 96 ) (896 -512 96 ) (640 -512 96 ) (640 -544 96 ) 
4 71 (96 -544 112 ) (352 -544 112 ) (352 -512 112 ) (96 -512 112 ) 
4 71 (96 -512 112 ) (96 -512 0 ) (96 -544 0 ) (96 -544 112 ) 
4 71 (352 -544 112 ) (352 -544 0 ) (352 -512 0 ) (352 -512 112 ) 
4 72 (576 -544 0 ) (960 -544 0 ) (960 -672 0 ) (576 -672 0 ) 
4 72 (960 -672 0 ) (960 -800 0 ) (576 -800 0 ) (576 -672 0 ) 
4 72 (896 -800 0 ) (960 -800 0 ) (960 -800 96 ) (896 -800 96 ) 
4 72 (576 -800 0 ) (832 -800 0 ) (832 -800 96 ) (576 -800 96 ) 
4 72 (960 -800 96 ) (960 -800 112 ) (576 -800 112 ) (576 -800 96 ) 
4 72 (576 -672 0 ) (576 -800 0 ) (576 -800 112 ) (576 -672 112 ) 
4 72 (576 -544 112 ) (640 -544 112 ) (640 -544 0 ) (576 -544 0 ) 
4 72 (640 -544 96 ) (640 -544 112 ) (896 -544 112 ) (896 -544 96 ) 
4 72 (640 -544 48 ) (896 -544 48 ) (896 -544 0 ) (640 -544 0 ) 
4 72 (896 -544 112 ) (960 -544 112 ) (960 -544 0 ) (896 -544 0 ) 
4 72 (576 -800 112 ) (960 -800 112 ) (960 -544 112 ) (576 -544 112 ) 
4 72 (960 -800 112 ) (960 -800 0 ) (960 -544 0 ) (960 -544 112 ) 
4 73 (96 -672 0 ) (576 -672 0 ) (576 -672 112 ) (96 -672 112 ) 
4 73 (96 -672 112 ) (576 -672 112 ) (576 -544 112 ) (96 -544 112 ) 
4 73 (352 -544 112 ) (576 -544 112 ) (576 -544 0 ) (352 -544 0 ) 
4 73 (96 -544 112 ) (96 -544 0 ) (96 -672 0 ) (96 -672 112 ) 
4 74 (832 -800 0 ) (896 -800 0 ) (896 -832 0 ) (832 -832 0 ) 
4 74 (832 -832 0 ) (832 -832 96 ) (832 -800 96 ) (832 -800 0 ) 
4 74 (832 -832 96 ) (896 -832 96 ) (896 -800 96 ) (832 -800 96 ) 
4 74 (896 -800 0 ) (896 -800 96 ) (896 -832 96 ) (896 -832 0 ) 
4 75 (960 -1024 0 ) (768 -1024 0 ) (768 -832 0 ) (960 -832 0 ) 
4 75 (768 -832 96 ) (768 -832 0 ) (768 -896 0 ) (768 -896 96 ) 
4 75 (768 -960 0 ) (768 -1024 0 ) (768 -1024 96 ) (768 -960 96 ) 
4 75 (768 -832 112 ) (768 -832 96 ) (768 -1024 96 ) (768 -1024 112 ) 
4 75 (896 -832 96 ) (960 -832 96 ) (960 -832 0 ) (896 -832 0 ) 
4 75 (768 -832 96 ) (832 -832 96 ) (832 -832 0 ) (768 -832 0 ) 
4 75 (768 -832 96 ) (768 -832 112 ) (960 -832 112 ) (960 -832 96 ) 
4 75 (960 -832 112 ) (768 -832 112 ) (768 -1024 112 ) (960 -1024 112 ) 
4 75 (960 -1024 112 ) (960 -1024 0 ) (960 -832 0 ) (960 -832 112 ) 
4 76 (736 -960 0 ) (736 -896 0 ) (768 -896 0 ) (768 -960 0 ) 
4 76 (768 -960 0 ) (768 -960 96 ) (736 -960 96 ) (736 -960 0 ) 
4 76 (768 -960 96 ) (768 -896 96 ) (736 -896 96 ) (736 -960 96 ) 
4 76 (736 -896 0 ) (736 -896 96 ) (768 -896 96 ) (768 -896 0 ) 
4 77 (544 -832 0 ) (736 -832 0 ) (736 -960 0 ) (544 -960 0 ) 
4 77 (736 -896 96 ) (736 -896 0 ) (736 -832 0 ) (736 -832 96 ) 
4 77 (736 -960 112 ) (736 -960 96 ) (736 -832 96 ) (736 -832 112 ) 
4 77 (544 -832 96 ) (736 -832 96 ) (736 -832 0 ) (544 -832 0 ) 
4 77 (736 -832 96 ) (544 -832 96 ) (544 -832 112 ) (736 -832 112 ) 
4 77 (544 -960 112 ) (736 -960 112 ) (736 -832 112 ) (544 -832 112 ) 
4 77 (544 -832 112 ) (544 -832 0 ) (544 -960 0 ) (544 -960 112 ) 
4 78 (736 -1024 0 ) (320 -1024 0 ) (320 -960 0 ) (736 -960 0 ) 
4 78 (736 -960 96 ) (736 -1024 96 ) (736 -1024 0 ) (736 -960 0 ) 
4 78 (736 -960 112 ) (736 -1024 112 ) (736 -1024 96 ) (736 -960 96 ) 
4 78 (736 -960 112 ) (320 -960 112 ) (320 -1024 112 ) (736 -1024 112 ) 
4 78 (320 -960 112 ) (544 -960 112 ) (544 -960 0 ) (320 -960 0 ) 
4 78 (320 -960 112 ) (320 -960 0 ) (320 -1024 0 ) (320 -1024 112 ) 
4 79 (928 -64 -96 ) (928 -128 -96 ) (928 -128 0 ) (928 -64 0 ) 
4 79 (928 -128 -96 ) (928 0 -96 ) (1024 0 -96 ) (1024 -128 -96 ) 
4 79 (928 -128 0 ) (928 -128 -96 ) (1024 -128 -96 ) (1024 -128 0 ) 
4 80 (896 -64 0 ) (928 -64 0 ) (928 0 0 ) (896 0 0 ) 
4 80 (896 0 0 ) (928 0 0 ) (928 0 -96 ) (896 0 -96 ) 
4 80 (896 -64 -96 ) (896 0 -96 ) (928 0 -96 ) (928 -64 -96 ) 
4 80 (896 -64 0 ) (896 -64 -96 ) (928 -64 -96 ) (928 -64 0 ) 
4 81 (768 0 -96 ) (768 -64 -96 ) (768 -64 0 ) (768 0 0 ) 
4 81 (768 -64 -96 ) (768 -192 -96 ) (768 -192 0 ) (768 -64 0 ) 
4 81 (896 -64 0 ) (896 -192 0 ) (896 -192 -96 ) (896 -64 -96 ) 
4 81 (896 -192 -96 ) (768 -192 -96 ) (768 0 -96 ) (896 0 -96 ) 
4 82 (704 0 -32 ) (704 0 0 ) (704 -64 0 ) (704 -64 -32 ) 
4 82 (704 -64 -32 ) (704 -64 0 ) (640 -64 0 ) (640 -64 -32 ) 
4 82 (640 -64 -32 ) (640 0 -32 ) (704 0 -32 ) (704 -64 -32 ) 
4 83 (512 0 -96 ) (512 -64 -96 ) (512 -64 0 ) (512 0 0 ) 
4 83 (640 0 -32 ) (640 -64 -32 ) (640 -64 -96 ) (640 0 -96 ) 
4 83 (512 -64 0 ) (512 -64 -96 ) (640 -64 -96 ) (640 -64 0 ) 
4 83 (512 -64 -96 ) (512 0 -96 ) (640 0 -96 ) (640 -64 -96 ) 
4 84 (384 -192 -64 ) (448 -192 -64 ) (448 0 -64 ) (384 0 -64 ) 
4 84 (448 -192 -96 ) (384 -192 -96 ) (384 0 -96 ) (448 0 -96 ) 
4 84 (448 0 -64 ) (448 -192 -64 ) (448 -192 -96 ) (448 0 -96 ) 
4 84 (384 0 -96 ) (384 -192 -96 ) (384 -192 -64 ) (384 0 -64 ) 
4 85 (224 -64 -96 ) (224 -128 -96 ) (224 -128 0 ) (224 -64 0 ) 
4 85 (224 -128 -96 ) (352 -128 -96 ) (352 -128 0 ) (224 -128 0 ) 
4 85 (352 0 -64 ) (352 -128 -64 ) (352 -128 -96 ) (352 0 -96 ) 
4 85 (352 -128 -64 ) (352 0 -64 ) (352 0 0 ) (352 -128 0 ) 
4 85 (224 0 -96 ) (352 0 -96 ) (352 -128 -96 ) (224 -128 -96 ) 
4 86 (192 -64 0 ) (224 -64 0 ) (224 0 0 ) (192 0 0 ) 
4 86 (192 0 0 ) (224 0 0 ) (224 0 -96 ) (192 0 -96 ) 
4 86 (192 0 -96 ) (224 0 -96 ) (224 -64 -96 ) (192 -64 -96 ) 
4 86 (192 -64 0 ) (192 -64 -96 ) (224 -64 -96 ) (224 -64 0 ) 
4 87 (192 -64 0 ) (192 -128 0 ) (192 -128 -96 ) (192 -64 -96 ) 
4 87 (0 -128 -96 ) (0 0 -96 ) (192 0 -96 ) (192 -128 -96 ) 
4 87 (0 -128 -96 ) (192 -128 -96 ) (192 -128 0 ) (0 -128 0 ) 
4 88 (608 -416 -32 ) (608 -408 -32 ) (736 -408 -32 ) (736 -416 -32 ) 
4 88 (688 -192 -32 ) (752 -192 -32 ) (752 -256 -32 ) (688 -256 -32 ) 
4 88 (688 -416 -32 ) (720 -416 -32 ) (720 -416 0 ) (688 -416 0 ) 
4 88 (960 -416 0 ) (960 -416 -32 ) (960 -192 -32 ) (960 -192 0 ) 
4 88 (768 -192 -32 ) (608 -192 -32 ) (608 -192 0 ) (768 -192 0 ) 
4 88 (928 -192 -32 ) (896 -192 -32 ) (896 -192 0 ) (928 -192 0 ) 
4 88 (960 -192 -32 ) (928 -192 -32 ) (928 -192 0 ) (960 -192 0 ) 
4 89 (720 -416 -32 ) (736 -416 -32 ) (736 -448 -32 ) (720 -448 -32 ) 
4 89 (720 -448 -32 ) (736 -448 -32 ) (736 -448 0 ) (720 -448 0 ) 
4 89 (960 -416 0 ) (960 -448 0 ) (960 -448 -32 ) (960 -416 -32 ) 
4 89 (720 -416 0 ) (720 -416 -32 ) (720 -448 -32 ) (720 -448 0 ) 
4 90 (608 -448 -32 ) (608 -416 -32 ) (688 -416 -32 ) (688 -448 -32 ) 
4 90 (608 -448 0 ) (608 -448 -32 ) (688 -448 -32 ) (688 -448 0 ) 
4 90 (688 -448 0 ) (688 -448 -32 ) (688 -416 -32 ) (688 -416 0 ) 
4 91 (736 -512 -32 ) (960 -512 -32 ) (960 -512 0 ) (736 -512 0 ) 
4 91 (928 -512 -32 ) (896 -512 -32 ) (896 -448 -32 ) (928 -448 -32 ) 
4 91 (960 -512 -32 ) (928 -512 -32 ) (928 -448 -32 ) (960 -448 -32 ) 
4 91 (960 -448 0 ) (960 -512 0 ) (960 -512 -32 ) (960 -448 -32 ) 
4 91 (736 -448 0 ) (736 -448 -32 ) (736 -512 -32 ) (736 -512 0 ) 
4 92 (592 -200 -32 ) (592 -256 -32 ) (552 -256 -32 ) (552 -200 -32 ) 
4 92 (608 -192 -32 ) (552 -192 -32 ) (552 -192 0 ) (608 -192 0 ) 
4 92 (552 -192 0 ) (552 -192 -32 ) (552 -256 -32 ) (552 -256 0 ) 
4 93 (488 -208 -32 ) (488 -256 -32 ) (448 -256 -32 ) (448 -208 -32 ) 
4 93 (488 -256 0 ) (488 -256 -32 ) (488 -192 -32 ) (488 -192 0 ) 
4 93 (448 -192 -32 ) (352 -192 -32 ) (352 -192 0 ) (448 -192 0 ) 
4 93 (488 -192 -32 ) (448 -192 -32 ) (448 -192 0 ) (488 -192 0 ) 
4 94 (352 -512 0 ) (352 -512 -32 ) (608 -512 -32 ) (608 -512 0 ) 
4 94 (416 -512 -32 ) (352 -512 -32 ) (352 -448 -32 ) (416 -448 -32 ) 
4 94 (448 -272 -32 ) (448 -256 -32 ) (512 -256 -32 ) (512 -272 -32 ) 
4 94 (528 -264 -32 ) (528 -256 -32 ) (592 -256 -32 ) (592 -264 -32 ) 
4 94 (488 -256 0 ) (552 -256 0 ) (552 -256 -32 ) (488 -256 -32 ) 
4 94 (608 -448 0 ) (608 -512 0 ) (608 -512 -32 ) (608 -448 -32 ) 
4 95 (960 -312 -64 ) (928 -312 -64 ) (928 -280 -64 ) (960 -280 -64 ) 
4 95 (960 -192 -64 ) (960 -192 -32 ) (960 -312 -32 ) (960 -312 -64 ) 
4 95 (960 -192 -64 ) (928 -192 -64 ) (928 -192 -32 ) (960 -192 -32 ) 
5 96 (928 -252.820328 -96 ) (928 -262.730377 -96 ) (928 -280 -89.504486 ) (928 -280 -85.230919 ) (928 -252.640366 -95.521515 ) 
4 96 (928 -192 -96 ) (960 -192 -96 ) (960 -280 -96 ) (928 -280 -96 ) 
4 96 (960 -192 -64 ) (960 -192 -96 ) (928 -192 -96 ) (928 -192 -64 ) 
4 96 (960 -192 -64 ) (960 -280 -64 ) (960 -280 -96 ) (960 -192 -96 ) 
4 96 (960 -280 -96 ) (960 -280 -64 ) (928 -280 -64 ) (928 -280 -96 ) 
4 97 (928 -313.951447 -76.734558 ) (928 -312.543274 -72.990623 ) (928 -312 -73.194969 ) (928 -312 -77.468552 ) 
4 97 (960 -312 -64 ) (960 -312 -96 ) (928 -312 -96 ) (928 -312 -64 ) 
4 97 (928 -448 -32 ) (928 -448 -96 ) (960 -448 -96 ) (960 -448 -32 ) 
4 97 (960 -312 -96 ) (960 -448 -96 ) (928 -448 -96 ) (928 -312 -96 ) 
4 97 (960 -312 -32 ) (960 -448 -32 ) (960 -448 -96 ) (960 -312 -96 ) 
4 98 (880 -252.640793 -95.521355 ) (880 -252.820816 -96 ) (928 -252.820816 -96 ) (928 -252.640793 -95.521355 ) 
4 98 (880 -192 -96 ) (928 -192 -96 ) (928 -252.820328 -96 ) (880 -252.820328 -96 ) 
4 98 (928 -192 -32 ) (928 -192 -96 ) (896 -192 -96 ) (896 -192 -32 ) 
4 99 (880 -312.543518 -72.991211 ) (880 -312 -73.195633 ) (928 -312 -73.195633 ) (928 -312.543518 -72.991211 ) 
4 99 (880 -312 -73.195633 ) (880 -252.643707 -95.520920 ) (928 -252.643707 -95.520920 ) (928 -312 -73.195633 ) 
4 99 (928 -280 -85.230919 ) (928 -280 -64 ) (928 -312 -64 ) (928 -312 -73.194969 ) 
4 100 (908 -312 -84 ) (896 -312 -84 ) (896 -300 -84 ) (908 -300 -84 ) 
3 100 (928 -294.634796 -84 ) (928 -312 -77.468552 ) (928 -312 -84 ) 
4 100 (896 -312 -77.470695 ) (928 -312 -77.470695 ) (928 -294.640533 -84 ) (896 -294.640533 -84 ) 
4 101 (908 -312 -96 ) (908 -312 -84 ) (908 -300 -84 ) (908 -300 -96 ) 
4 101 (928 -294.640533 -84 ) (928 -262.736084 -96 ) (908 -262.736084 -96 ) (908 -294.640533 -84 ) 
5 101 (928 -280 -89.504486 ) (928 -294.634796 -84 ) (928 -312 -84 ) (928 -312 -96 ) (928 -280 -96 ) 
4 101 (928 -262.730377 -96 ) (928 -312 -96 ) (908 -312 -96 ) (908 -262.730377 -96 ) 
4 102 (896 -300 -96 ) (896 -262.730377 -96 ) (908 -262.730377 -96 ) (908 -300 -96 ) 
4 102 (908 -262.736084 -96 ) (896 -262.736084 -96 ) (896 -294.640533 -84 ) (908 -294.640533 -84 ) 
4 102 (908 -300 -96 ) (908 -300 -84 ) (896 -300 -84 ) (896 -300 -96 ) 
4 103 (896 -300 -96 ) (896 -300 -84 ) (896 -312 -84 ) (896 -312 -96 ) 
4 103 (880 -262.736084 -96 ) (880 -312 -77.470695 ) (896 -312 -77.470695 ) (896 -262.736084 -96 ) 
4 103 (896 -312 -96 ) (880 -312 -96 ) (880 -262.730377 -96 ) (896 -262.730377 -96 ) 
4 104 (896 -448 -96 ) (928 -448 -96 ) (928 -448 -32 ) (896 -448 -32 ) 
4 104 (880 -313.951538 -76.734528 ) (880 -312.543365 -72.990601 ) (928 -312.543365 -72.990601 ) (928 -313.951538 -76.734528 ) 
4 104 (928 -321.197632 -96 ) (928 -448 -96 ) (880 -448 -96 ) (880 -321.197632 -96 ) 
4 105 (908 -312 -96 ) (896 -312 -96 ) (896 -312 -84 ) (908 -312 -84 ) 
4 105 (928 -312 -96 ) (928 -321.197632 -96 ) (880 -321.197632 -96 ) (880 -312 -96 ) 
4 105 (928 -312 -77.470688 ) (880 -312 -77.470688 ) (880 -313.952881 -76.736168 ) (928 -313.952881 -76.736168 ) 
4 106 (880 -512 -96 ) (896 -512 -96 ) (896 -512 -32 ) (880 -512 -32 ) 
4 106 (896 -512 -96 ) (880 -512 -96 ) (880 -448 -96 ) (896 -448 -96 ) 
4 106 (896 -512 -32 ) (896 -512 -96 ) (896 -448 -96 ) (896 -448 -32 ) 
4 107 (880 -252.640366 -95.521515 ) (880 -256 -94.257881 ) (880 -256 -96 ) (880 -252.820328 -96 ) 
4 107 (752 -192 -96 ) (880 -192 -96 ) (880 -256 -96 ) (752 -256 -96 ) 
4 107 (752 -192 -32 ) (768 -192 -32 ) (768 -192 -96 ) (752 -192 -96 ) 
4 107 (752 -192 -96 ) (752 -256 -96 ) (752 -256 -32 ) (752 -192 -32 ) 
4 108 (688 -408 -96 ) (736 -408 -96 ) (736 -408 -32 ) (688 -408 -32 ) 
4 108 (752 -256 -32 ) (752 -256 -96 ) (688 -256 -96 ) (688 -256 -32 ) 
4 108 (880 -256 -96 ) (880 -408 -96 ) (688 -408 -96 ) (688 -256 -96 ) 
5 108 (880 -256 -94.257881 ) (880 -312 -73.194969 ) (880 -312 -77.468552 ) (880 -262.730377 -96 ) (880 -256 -96 ) 
4 108 (880 -312 -77.468552 ) (880 -312 -73.194969 ) (880 -312.543274 -72.990623 ) (880 -313.951447 -76.734558 ) 
4 109 (592 -200 -96 ) (592 -264 -96 ) (592 -264 -32 ) (592 -200 -32 ) 
4 109 (608 -408 -96 ) (688 -408 -96 ) (688 -408 -32 ) (608 -408 -32 ) 
4 109 (688 -192 -32 ) (688 -256 -32 ) (688 -256 -96 ) (688 -192 -96 ) 
4 109 (592 -192 -96 ) (688 -192 -96 ) (688 -408 -96 ) (592 -408 -96 ) 
4 109 (592 -192 -32 ) (688 -192 -32 ) (688 -192 -96 ) (592 -192 -96 ) 
4 110 (880 -408 -96 ) (880 -472 -96 ) (736 -472 -96 ) (736 -408 -96 ) 
4 110 (736 -408 -32 ) (736 -408 -96 ) (736 -472 -96 ) (736 -472 -32 ) 
4 111 (608 -512 -96 ) (880 -512 -96 ) (880 -512 -32 ) (608 -512 -32 ) 
4 111 (736 -472 -32 ) (736 -472 -96 ) (608 -472 -96 ) (608 -472 -32 ) 
4 111 (736 -472 -32 ) (608 -472 -32 ) (608 -512 -32 ) (736 -512 -32 ) 
4 111 (880 -472 -96 ) (880 -512 -96 ) (608 -512 -96 ) (608 -472 -96 ) 
4 112 (592 -512 -96 ) (608 -512 -96 ) (608 -512 -32 ) (592 -512 -32 ) 
4 112 (608 -472 -32 ) (608 -472 -96 ) (608 -408 -96 ) (608 -408 -32 ) 
4 112 (608 -512 -96 ) (592 -512 -96 ) (592 -408 -96 ) (608 -408 -96 ) 
4 113 (528 -200 -32 ) (528 -200 -96 ) (592 -200 -96 ) (592 -200 -32 ) 
4 113 (528 -200 -32 ) (552 -200 -32 ) (552 -192 -32 ) (528 -192 -32 ) 
4 113 (528 -192 -32 ) (592 -192 -32 ) (592 -192 -96 ) (528 -192 -96 ) 
4 113 (528 -192 -96 ) (592 -192 -96 ) (592 -200 -96 ) (528 -200 -96 ) 
4 114 (528 -512 -96 ) (592 -512 -96 ) (592 -512 -32 ) (528 -512 -32 ) 
4 114 (592 -264 -96 ) (592 -512 -96 ) (528 -512 -96 ) (528 -264 -96 ) 
4 114 (592 -264 -32 ) (592 -264 -96 ) (528 -264 -96 ) (528 -264 -32 ) 
4 115 (512 -512 -96 ) (528 -512 -96 ) (528 -512 -32 ) (512 -512 -32 ) 
4 115 (512 -208 -96 ) (512 -272 -96 ) (512 -272 -32 ) (512 -208 -32 ) 
4 115 (528 -200 -32 ) (528 -264 -32 ) (528 -264 -96 ) (528 -200 -96 ) 
4 115 (512 -192 -96 ) (528 -192 -96 ) (528 -512 -96 ) (512 -512 -96 ) 
4 115 (528 -192 -32 ) (528 -192 -96 ) (512 -192 -96 ) (512 -192 -32 ) 
4 115 (512 -256 -32 ) (528 -256 -32 ) (528 -192 -32 ) (512 -192 -32 ) 
4 116 (448 -208 -96 ) (512 -208 -96 ) (512 -208 -32 ) (448 -208 -32 ) 
4 116 (488 -208 -32 ) (512 -208 -32 ) (512 -192 -32 ) (488 -192 -32 ) 
4 116 (512 -192 -32 ) (512 -192 -96 ) (448 -192 -96 ) (448 -192 -32 ) 
4 116 (416 -192 -32 ) (448 -192 -32 ) (448 -192 -64 ) (416 -192 -64 ) 
4 116 (416 -192 -96 ) (512 -192 -96 ) (512 -208 -96 ) (416 -208 -96 ) 
4 117 (448 -512 -96 ) (512 -512 -96 ) (512 -512 -32 ) (448 -512 -32 ) 
4 117 (512 -272 -96 ) (512 -512 -96 ) (448 -512 -96 ) (448 -272 -96 ) 
4 117 (512 -272 -32 ) (512 -272 -96 ) (448 -272 -96 ) (448 -272 -32 ) 
4 118 (416 -512 -96 ) (448 -512 -96 ) (448 -512 -32 ) (416 -512 -32 ) 
4 118 (416 -448 -96 ) (416 -512 -96 ) (416 -512 -32 ) (416 -448 -32 ) 
4 118 (448 -272 -32 ) (448 -272 -96 ) (448 -208 -96 ) (448 -208 -32 ) 
4 118 (448 -512 -96 ) (416 -512 -96 ) (416 -208 -96 ) (448 -208 -96 ) 
4 119 (416 -192 -32 ) (416 -192 -64 ) (352 -192 -64 ) (352 -192 -32 ) 
4 119 (384 -192 -64 ) (384 -192 -96 ) (352 -192 -96 ) (352 -192 -64 ) 
4 119 (352 -192 -96 ) (416 -192 -96 ) (416 -448 -96 ) (352 -448 -96 ) 
4 119 (416 -448 -96 ) (416 -448 -32 ) (352 -448 -32 ) (352 -448 -96 ) 
3 120 (576 -544 0 ) (352 -544 -96 ) (352 -544 0 ) 
3 120 (352 -672 -96 ) (576 -672 0 ) (352 -672 0 ) 
4 120 (576.001343 -672 0 ) (352 -672 -96 ) (352 -544 -96 ) (576.001343 -544 0 ) 
4 121 (96 -256 -32 ) (96 -192 -32 ) (160 -192 -32 ) (160 -256 -32 ) 
4 121 (96 -192 0 ) (96 -192 -32 ) (96 -672 -32 ) (96 -672 0 ) 
4 121 (352 -512 -32 ) (352 -512 0 ) (352 -544 0 ) (352 -544 -32 ) 
4 121 (352 -672 -32 ) (352 -672 0 ) (96 -672 0 ) (96 -672 -32 ) 
4 121 (352 -192 -32 ) (96 -192 -32 ) (96 -192 0 ) (352 -192 0 ) 
4 122 (160 -192 -96 ) (160 -256 -96 ) (160 -256 -32 ) (160 -192 -32 ) 
4 122 (160 -192 -96 ) (352 -192 -96 ) (352 -672 -96 ) (160 -672 -96 ) 
4 122 (160 -192 -32 ) (352 -192 -32 ) (352 -192 -96 ) (160 -192 -96 ) 
4 122 (160 -672 -96 ) (352 -672 -96 ) (352 -672 -32 ) (160 -672 -32 ) 
4 122 (352 -448 -32 ) (352 -512 -32 ) (352 -512 -96 ) (352 -448 -96 ) 
4 122 (352 -512 -32 ) (352 -544 -32 ) (352 -544 -96 ) (352 -512 -96 ) 
4 123 (96 -256 -96 ) (96 -672 -96 ) (96 -672 -32 ) (96 -256 -32 ) 
4 123 (96 -672 -96 ) (160 -672 -96 ) (160 -672 -32 ) (96 -672 -32 ) 
4 123 (160 -256 -96 ) (160 -672 -96 ) (96 -672 -96 ) (96 -256 -96 ) 
4 123 (96 -256 -96 ) (96 -256 -32 ) (160 -256 -32 ) (160 -256 -96 ) 
4 124 (768 -1024 96 ) (768 -1024 0 ) (768 -1216 0 ) (768 -1216 96 ) 
4 124 (768 -1024 112 ) (768 -1024 96 ) (768 -1280 96 ) (768 -1280 112 ) 
4 124 (768 -1280 0 ) (768 -1344 0 ) (768 -1344 112 ) (768 -1280 112 ) 
4 124 (960 -1344 112 ) (960 -1344 0 ) (960 -1024 0 ) (960 -1024 112 ) 
4 124 (768 -1024 0 ) (960 -1024 0 ) (960 -1344 0 ) (768 -1344 0 ) 
4 124 (768 -1344 112 ) (768 -1344 0 ) (960 -1344 0 ) (960 -1344 112 ) 
4 124 (768 -1024 112 ) (768 -1344 112 ) (960 -1344 112 ) (960 -1024 112 ) 
4 125 (768 -1216 96 ) (736 -1216 96 ) (736 -1280 96 ) (768 -1280 96 ) 
4 125 (768 -1216 0 ) (768 -1280 0 ) (736 -1280 0 ) (736 -1216 0 ) 
4 125 (736 -1280 96 ) (736 -1280 0 ) (768 -1280 0 ) (768 -1280 96 ) 
4 125 (736 -1216 0 ) (736 -1216 96 ) (768 -1216 96 ) (768 -1216 0 ) 
4 126 (192 -1152 0 ) (320 -1152 0 ) (320 -1152 112 ) (192 -1152 112 ) 
4 126 (736 -1152 96 ) (736 -1152 0 ) (736 -1024 0 ) (736 -1024 96 ) 
4 126 (736 -1152 112 ) (736 -1152 96 ) (736 -1024 96 ) (736 -1024 112 ) 
4 126 (192 -1024 112 ) (320 -1024 112 ) (320 -1024 0 ) (192 -1024 0 ) 
4 126 (192 -1024 0 ) (736 -1024 0 ) (736 -1152 0 ) (192 -1152 0 ) 
4 126 (192 -1152 112 ) (736 -1152 112 ) (736 -1024 112 ) (192 -1024 112 ) 
4 126 (192 -1024 0 ) (192 -1152 0 ) (192 -1152 112 ) (192 -1024 112 ) 
4 127 (320 -1216 0 ) (544 -1216 0 ) (544 -1216 112 ) (320 -1216 112 ) 
4 127 (736 -1152 96 ) (736 -1216 96 ) (736 -1216 0 ) (736 -1152 0 ) 
4 127 (736 -1152 112 ) (736 -1216 112 ) (736 -1216 96 ) (736 -1152 96 ) 
4 127 (320 -1152 0 ) (736 -1152 0 ) (736 -1216 0 ) (320 -1216 0 ) 
4 127 (736 -1152 112 ) (320 -1152 112 ) (320 -1216 112 ) (736 -1216 112 ) 
4 127 (320 -1152 112 ) (320 -1152 0 ) (320 -1216 0 ) (320 -1216 112 ) 
4 128 (544 -1344 112 ) (544 -1344 0 ) (736 -1344 0 ) (736 -1344 112 ) 
4 128 (736 -1216 112 ) (736 -1280 112 ) (736 -1280 96 ) (736 -1216 96 ) 
4 128 (736 -1280 112 ) (736 -1344 112 ) (736 -1344 0 ) (736 -1280 0 ) 
4 128 (544 -1216 0 ) (736 -1216 0 ) (736 -1344 0 ) (544 -1344 0 ) 
4 128 (544 -1216 112 ) (544 -1216 0 ) (544 -1344 0 ) (544 -1344 112 ) 
4 128 (736 -1216 112 ) (544 -1216 112 ) (544 -1344 112 ) (736 -1344 112 ) 
4 129 (0 384 16 ) (-128 384 16 ) (-128 0 16 ) (0 0 16 ) 
4 129 (-128 384 16 ) (0 384 16 ) (0 384 0 ) (-128 384 0 ) 
4 129 (-128 0 16 ) (-128 384 16 ) (-128 384 0 ) (-128 0 0 ) 
4 130 (-64 512 0 ) (-64 576 0 ) (-64 576 -64 ) (-64 512 -64 ) 
4 130 (-64 576 0 ) (-64 512 0 ) (0 512 0 ) (0 576 0 ) 
4 130 (0 512 -64 ) (0 576 -64 ) (0 576 0 ) (0 512 0 ) 
4 130 (0 576 0 ) (0 576 -64 ) (-64 576 -64 ) (-64 576 0 ) 
4 130 (-64 512 0 ) (-64 512 -64 ) (0 512 -64 ) (0 512 0 ) 
4 131 (0 512 -64 ) (-64 512 -64 ) (-64 384 -64 ) (0 384 -64 ) 
4 131 (0 576 -64 ) (0 576 -96 ) (-64 576 -96 ) (-64 576 -64 ) 
4 131 (0 384 -64 ) (0 384 -96 ) (0 416 -96 ) (0 416 -64 ) 
4 131 (0 416 -64 ) (0 416 -96 ) (0 576 -96 ) (0 576 -64 ) 
4 131 (0 576 -96 ) (0 384 -96 ) (-64 384 -96 ) (-64 576 -96 ) 
4 131 (-64 576 -96 ) (-64 384 -96 ) (-64 384 -64 ) (-64 576 -64 ) 
4 132 (0 0 -96 ) (-128 0 -96 ) (-128 384 -96 ) (0 384 -96 ) 
4 132 (-128 384 0 ) (-64 384 0 ) (-64 384 -96 ) (-128 384 -96 ) 
4 132 (-64 384 -64 ) (-64 384 0 ) (0 384 0 ) (0 384 -64 ) 
4 132 (-128 384 0 ) (-128 384 -96 ) (-128 0 -96 ) (-128 0 0 ) 
4 133 (0 -128 16 ) (0 0 16 ) (-128 0 16 ) (-128 -128 16 ) 
4 133 (-128 0 16 ) (-128 0 0 ) (-128 -128 0 ) (-128 -128 16 ) 
4 133 (0 -128 16 ) (-128 -128 16 ) (-128 -128 0 ) (0 -128 0 ) 
4 134 (-128 -128 0 ) (-128 -128 -96 ) (0 -128 -96 ) (0 -128 0 ) 
4 134 (-128 -128 0 ) (-128 0 0 ) (-128 0 -96 ) (-128 -128 -96 ) 
4 134 (0 -128 -96 ) (-128 -128 -96 ) (-128 0 -96 ) (0 0 -96 ) 
4 135 (0 -1216 0 ) (0 -1216 120 ) (0 -1352 120 ) (0 -1352 0 ) 
4 135 (0 -1152 112 ) (0 -1216 112 ) (0 -1216 0 ) (0 -1152 0 ) 
4 135 (0 -1152 112 ) (0 -1152 0 ) (0 -1024 0 ) (0 -1024 112 ) 
4 135 (0 -1216 112 ) (0 -1024 112 ) (0 -1024 120 ) (0 -1216 120 ) 
4 135 (-136 -1352 0 ) (-136 -1352 120 ) (-136 -1024 120 ) (-136 -1024 0 ) 
4 135 (-136 -1352 120 ) (-136 -1352 0 ) (0 -1352 0 ) (0 -1352 120 ) 
4 135 (-136 -1024 120 ) (-136 -1352 120 ) (0 -1352 120 ) (0 -1024 120 ) 
4 135 (-128 -1024 120 ) (-128 -1024 0 ) (-136 -1024 0 ) (-136 -1024 120 ) 
4 135 (-128 -1024 16 ) (-128 -1024 120 ) (0 -1024 120 ) (0 -1024 16 ) 
4 135 (-128 -1024 16 ) (0 -1024 16 ) (0 -1024 0 ) (-128 -1024 0 ) 
4 136 (0 -1024 0 ) (0 -1352 0 ) (0 -1352 -104 ) (0 -1024 -104 ) 
4 136 (-136 -1024 -104 ) (-136 -1352 -104 ) (-136 -1352 0 ) (-136 -1024 0 ) 
4 136 (-136 -1352 0 ) (-136 -1352 -104 ) (0 -1352 -104 ) (0 -1352 0 ) 
4 136 (0 -1352 -104 ) (-136 -1352 -104 ) (-136 -1024 -104 ) (0 -1024 -104 ) 
4 136 (-128 -1024 0 ) (-128 -1024 -104 ) (-136 -1024 -104 ) (-136 -1024 0 ) 
4 136 (-128 -1024 0 ) (0 -1024 0 ) (0 -1024 -104 ) (-128 -1024 -104 ) 
