PRT1
28
56
90
4 0 6 0 (1024 64 0 ) (1024 0 0 ) (1024 0 8 ) (1024 64 8 ) 
4 0 5 0 (1024 0 8 ) (1024 0 64 ) (1024 64 64 ) (1024 64 8 ) 
4 0 2 0 (1024 0 64 ) (1024 0 0 ) (1152 0 0 ) (1152 0 64 ) 
4 0 1 0 (1152 0 0 ) (1024 0 0 ) (1024 64 0 ) (1152 64 0 ) 
4 1 9 0 (1024 0 -64 ) (1024 0 0 ) (1024 64 0 ) (1024 64 -64 ) 
4 1 3 0 (1024 0 0 ) (1024 0 -64 ) (1152 0 -64 ) (1152 0 0 ) 
4 2 15 0 (1024 0 8 ) (1024 0 0 ) (1024 -64 0 ) (1024 -64 8 ) 
4 2 14 0 (1024 -64 64 ) (1024 0 64 ) (1024 0 8 ) (1024 -64 8 ) 
4 2 3 0 (1024 -64 0 ) (1024 0 0 ) (1152 0 0 ) (1152 -64 0 ) 
4 3 18 0 (1024 -64 -64 ) (1024 -64 0 ) (1024 0 0 ) (1024 0 -64 ) 
4 4 8 0 (896 160 0 ) (896 64 0 ) (768 64 0 ) (768 160 0 ) 
4 4 6 0 (768 64 0 ) (896 64 0 ) (896 64 8 ) (768 64 8 ) 
4 4 5 0 (896 64 8 ) (896 64 64 ) (768 64 64 ) (768 64 8 ) 
4 5 24 0 (0 0 8 ) (0 0 64 ) (0 64 64 ) (0 64 8 ) 
4 5 14 0 (0 0 64 ) (0 0 8 ) (1024 0 8 ) (1024 0 64 ) 
4 5 6 0 (1024 0 8 ) (192 0 8 ) (192 64 8 ) (1024 64 8 ) 
4 5 7 0 (176 0 8 ) (0 0 8 ) (0 64 8 ) (176 64 8 ) 
4 6 15 0 (192 0 0 ) (1024 0 0 ) (1024 0 8 ) (192 0 8 ) 
4 6 11 0 (336 0 0 ) (192 0 0 ) (192 64 0 ) (336 64 0 ) 
4 6 10 0 (352 0 0 ) (336 0 0 ) (336 64 0 ) (352 64 0 ) 
4 6 9 0 (1024 0 0 ) (352 0 0 ) (352 64 0 ) (1024 64 0 ) 
4 7 24 0 (0 0 0 ) (0 0 8 ) (0 64 8 ) (0 64 0 ) 
4 7 16 0 (0 0 8 ) (0 0 0 ) (176 0 0 ) (176 0 8 ) 
4 7 13 0 (176 0 0 ) (0 0 0 ) (0 64 0 ) (176 64 0 ) 
4 8 9 0 (768 64 -64 ) (896 64 -64 ) (896 64 0 ) (768 64 0 ) 
4 9 18 0 (352 0 -64 ) (1024 0 -64 ) (1024 0 0 ) (352 0 0 ) 
4 9 10 0 (352 64 0 ) (352 64 -24 ) (352 0 -24 ) (352 0 0 ) 
4 10 19 0 (352 0 -24 ) (352 0 0 ) (336 0 0 ) (336 0 -24 ) 
4 10 11 0 (336 64 0 ) (336 64 -24 ) (336 0 -24 ) (336 0 0 ) 
4 11 20 0 (192 0 -64 ) (336 0 -64 ) (336 0 0 ) (192 0 0 ) 
4 11 12 0 (192 64 -32 ) (192 64 -64 ) (192 0 -64 ) (192 0 -32 ) 
4 12 21 0 (176 0 -64 ) (192 0 -64 ) (192 0 -32 ) (176 0 -32 ) 
4 12 13 0 (176 64 -32 ) (176 64 -64 ) (176 0 -64 ) (176 0 -32 ) 
4 13 25 0 (0 0 -64 ) (0 0 0 ) (0 64 0 ) (0 64 -64 ) 
4 13 22 0 (0 0 0 ) (0 0 -64 ) (176 0 -64 ) (176 0 0 ) 
4 14 26 0 (0 -64 64 ) (0 0 64 ) (0 0 8 ) (0 -64 8 ) 
4 14 17 0 (896 -64 64 ) (768 -64 64 ) (768 -64 8 ) (896 -64 8 ) 
4 14 15 0 (1024 -64 8 ) (192 -64 8 ) (192 0 8 ) (1024 0 8 ) 
4 14 16 0 (176 -64 8 ) (0 -64 8 ) (0 0 8 ) (176 0 8 ) 
4 15 20 0 (192 0 0 ) (336 0 0 ) (336 -64 0 ) (192 -64 0 ) 
4 15 19 0 (336 0 0 ) (352 0 0 ) (352 -64 0 ) (336 -64 0 ) 
4 15 18 0 (352 0 0 ) (1024 0 0 ) (1024 -64 0 ) (352 -64 0 ) 
4 15 17 0 (768 -64 0 ) (896 -64 0 ) (896 -64 8 ) (768 -64 8 ) 
4 16 26 0 (0 0 8 ) (0 0 0 ) (0 -64 0 ) (0 -64 8 ) 
4 16 22 0 (0 -64 0 ) (0 0 0 ) (176 0 0 ) (176 -64 0 ) 
4 17 23 0 (768 -64 0 ) (896 -64 0 ) (896 -160 0 ) (768 -160 0 ) 
4 18 23 0 (768 -64 -64 ) (896 -64 -64 ) (896 -64 0 ) (768 -64 0 ) 
4 18 19 0 (352 -64 -24 ) (352 -64 0 ) (352 0 0 ) (352 0 -24 ) 
4 19 20 0 (336 -64 -24 ) (336 -64 0 ) (336 0 0 ) (336 0 -24 ) 
4 20 21 0 (192 0 -64 ) (192 -64 -64 ) (192 -64 -32 ) (192 0 -32 ) 
4 21 22 0 (176 0 -64 ) (176 -64 -64 ) (176 -64 -32 ) (176 0 -32 ) 
4 22 27 0 (0 -64 0 ) (0 0 0 ) (0 0 -64 ) (0 -64 -64 ) 
4 24 26 0 (-64 0 0 ) (0 0 0 ) (0 0 64 ) (-64 0 64 ) 
4 24 25 0 (0 0 0 ) (-64 0 0 ) (-64 64 0 ) (0 64 0 ) 
4 25 27 0 (0 0 -64 ) (0 0 0 ) (-64 0 0 ) (-64 0 -64 ) 
4 26 27 0 (-64 0 0 ) (0 0 0 ) (0 -64 0 ) (-64 -64 0 ) 
4 0 (1152 64 64 ) (1152 0 64 ) (1152 0 0 ) (1152 64 0 ) 
4 0 (1152 64 64 ) (1024 64 64 ) (1024 0 64 ) (1152 0 64 ) 
4 0 (1024 64 64 ) (1152 64 64 ) (1152 64 0 ) (1024 64 0 ) 
4 1 (1152 0 0 ) (1152 0 -64 ) (1152 64 -64 ) (1152 64 0 ) 
4 1 (1152 64 -64 ) (1024 64 -64 ) (1024 64 0 ) (1152 64 0 ) 
4 1 (1024 64 -64 ) (1152 64 -64 ) (1152 0 -64 ) (1024 0 -64 ) 
4 2 (1152 0 64 ) (1152 -64 64 ) (1152 -64 0 ) (1152 0 0 ) 
4 2 (1152 -64 64 ) (1152 0 64 ) (1024 0 64 ) (1024 -64 64 ) 
4 2 (1024 -64 0 ) (1152 -64 0 ) (1152 -64 64 ) (1024 -64 64 ) 
4 3 (1152 0 -64 ) (1152 0 0 ) (1152 -64 0 ) (1152 -64 -64 ) 
4 3 (1152 -64 0 ) (1024 -64 0 ) (1024 -64 -64 ) (1152 -64 -64 ) 
4 3 (1024 0 -64 ) (1152 0 -64 ) (1152 -64 -64 ) (1024 -64 -64 ) 
4 4 (896 160 64 ) (896 64 64 ) (896 64 0 ) (896 160 0 ) 
4 4 (768 160 64 ) (768 64 64 ) (896 64 64 ) (896 160 64 ) 
4 4 (768 160 0 ) (768 64 0 ) (768 64 64 ) (768 160 64 ) 
4 4 (896 160 64 ) (896 160 0 ) (768 160 0 ) (768 160 64 ) 
4 5 (192 0 8 ) (176 0 8 ) (176 64 8 ) (192 64 8 ) 
4 5 (1024 64 64 ) (0 64 64 ) (0 0 64 ) (1024 0 64 ) 
4 5 (0 64 8 ) (0 64 64 ) (768 64 64 ) (768 64 8 ) 
4 5 (896 64 8 ) (896 64 64 ) (1024 64 64 ) (1024 64 8 ) 
4 6 (192 64 8 ) (768 64 8 ) (768 64 0 ) (192 64 0 ) 
4 6 (896 64 8 ) (1024 64 8 ) (1024 64 0 ) (896 64 0 ) 
4 6 (192 0 8 ) (192 64 8 ) (192 64 0 ) (192 0 0 ) 
4 7 (176 0 0 ) (176 64 0 ) (176 64 8 ) (176 0 8 ) 
4 7 (0 64 8 ) (176 64 8 ) (176 64 0 ) (0 64 0 ) 
4 8 (896 160 0 ) (896 64 0 ) (896 64 -64 ) (896 160 -64 ) 
4 8 (896 160 -64 ) (896 64 -64 ) (768 64 -64 ) (768 160 -64 ) 
4 8 (768 160 -64 ) (768 64 -64 ) (768 64 0 ) (768 160 0 ) 
4 8 (896 160 0 ) (896 160 -64 ) (768 160 -64 ) (768 160 0 ) 
4 9 (352 64 -24 ) (352 64 -64 ) (352 0 -64 ) (352 0 -24 ) 
4 9 (1024 0 -64 ) (352 0 -64 ) (352 64 -64 ) (1024 64 -64 ) 
4 9 (352 64 0 ) (768 64 0 ) (768 64 -64 ) (352 64 -64 ) 
4 9 (896 64 0 ) (1024 64 0 ) (1024 64 -64 ) (896 64 -64 ) 
4 10 (336 64 -24 ) (336 64 0 ) (352 64 0 ) (352 64 -24 ) 
4 10 (336 0 -24 ) (336 64 -24 ) (352 64 -24 ) (352 0 -24 ) 
4 11 (192 64 0 ) (192 64 -32 ) (192 0 -32 ) (192 0 0 ) 
4 11 (336 0 -64 ) (192 0 -64 ) (192 64 -64 ) (336 64 -64 ) 
4 11 (192 64 0 ) (336 64 0 ) (336 64 -64 ) (192 64 -64 ) 
4 11 (336 0 -24 ) (336 0 -64 ) (336 64 -64 ) (336 64 -24 ) 
4 12 (192 0 -64 ) (176 0 -64 ) (176 64 -64 ) (192 64 -64 ) 
4 12 (176 64 -32 ) (192 64 -32 ) (192 64 -64 ) (176 64 -64 ) 
4 12 (192 0 -32 ) (192 64 -32 ) (176 64 -32 ) (176 0 -32 ) 
4 13 (176 0 0 ) (176 0 -32 ) (176 64 -32 ) (176 64 0 ) 
4 13 (0 64 0 ) (176 64 0 ) (176 64 -64 ) (0 64 -64 ) 
4 13 (176 0 -64 ) (0 0 -64 ) (0 64 -64 ) (176 64 -64 ) 
4 14 (1024 -64 8 ) (1024 -64 64 ) (896 -64 64 ) (896 -64 8 ) 
4 14 (768 -64 64 ) (0 -64 64 ) (0 -64 8 ) (768 -64 8 ) 
4 14 (192 -64 8 ) (176 -64 8 ) (176 0 8 ) (192 0 8 ) 
4 14 (1024 -64 64 ) (1024 0 64 ) (0 0 64 ) (0 -64 64 ) 
4 15 (896 -64 0 ) (1024 -64 0 ) (1024 -64 8 ) (896 -64 8 ) 
4 15 (192 -64 0 ) (768 -64 0 ) (768 -64 8 ) (192 -64 8 ) 
4 15 (192 0 0 ) (192 -64 0 ) (192 -64 8 ) (192 0 8 ) 
4 16 (0 -64 0 ) (176 -64 0 ) (176 -64 8 ) (0 -64 8 ) 
4 16 (176 0 8 ) (176 -64 8 ) (176 -64 0 ) (176 0 0 ) 
4 17 (896 -160 64 ) (896 -160 0 ) (896 -64 0 ) (896 -64 64 ) 
4 17 (768 -160 64 ) (896 -160 64 ) (896 -64 64 ) (768 -64 64 ) 
4 17 (768 -64 64 ) (768 -64 0 ) (768 -160 0 ) (768 -160 64 ) 
4 17 (768 -160 64 ) (768 -160 0 ) (896 -160 0 ) (896 -160 64 ) 
4 18 (896 -64 -64 ) (1024 -64 -64 ) (1024 -64 0 ) (896 -64 0 ) 
4 18 (352 -64 -64 ) (768 -64 -64 ) (768 -64 0 ) (352 -64 0 ) 
4 18 (352 0 -64 ) (352 -64 -64 ) (352 -64 -24 ) (352 0 -24 ) 
4 18 (352 0 -64 ) (1024 0 -64 ) (1024 -64 -64 ) (352 -64 -64 ) 
4 19 (352 -64 -24 ) (352 -64 0 ) (336 -64 0 ) (336 -64 -24 ) 
4 19 (336 -64 -24 ) (336 0 -24 ) (352 0 -24 ) (352 -64 -24 ) 
4 20 (192 -64 -64 ) (336 -64 -64 ) (336 -64 0 ) (192 -64 0 ) 
4 20 (192 -64 -32 ) (192 -64 0 ) (192 0 0 ) (192 0 -32 ) 
4 20 (192 0 -64 ) (336 0 -64 ) (336 -64 -64 ) (192 -64 -64 ) 
4 20 (336 0 -24 ) (336 -64 -24 ) (336 -64 -64 ) (336 0 -64 ) 
4 21 (176 -64 -64 ) (192 -64 -64 ) (192 -64 -32 ) (176 -64 -32 ) 
4 21 (176 0 -64 ) (192 0 -64 ) (192 -64 -64 ) (176 -64 -64 ) 
4 21 (192 -64 -32 ) (192 0 -32 ) (176 0 -32 ) (176 -64 -32 ) 
4 22 (0 -64 -64 ) (176 -64 -64 ) (176 -64 0 ) (0 -64 0 ) 
4 22 (176 0 -32 ) (176 0 0 ) (176 -64 0 ) (176 -64 -32 ) 
4 22 (0 -64 -64 ) (0 0 -64 ) (176 0 -64 ) (176 -64 -64 ) 
4 23 (896 -160 0 ) (896 -160 -64 ) (896 -64 -64 ) (896 -64 0 ) 
4 23 (768 -64 -64 ) (896 -64 -64 ) (896 -160 -64 ) (768 -160 -64 ) 
4 23 (768 -64 0 ) (768 -64 -64 ) (768 -160 -64 ) (768 -160 0 ) 
4 23 (768 -160 0 ) (768 -160 -64 ) (896 -160 -64 ) (896 -160 0 ) 
4 24 (-64 64 64 ) (0 64 64 ) (0 64 0 ) (-64 64 0 ) 
4 24 (0 64 64 ) (-64 64 64 ) (-64 0 64 ) (0 0 64 ) 
4 24 (-64 64 64 ) (-64 64 0 ) (-64 0 0 ) (-64 0 64 ) 
4 25 (0 64 0 ) (0 64 -64 ) (-64 64 -64 ) (-64 64 0 ) 
4 25 (-64 0 -64 ) (-64 0 0 ) (-64 64 0 ) (-64 64 -64 ) 
4 25 (0 0 -64 ) (-64 0 -64 ) (-64 64 -64 ) (0 64 -64 ) 
4 26 (-64 -64 0 ) (0 -64 0 ) (0 -64 64 ) (-64 -64 64 ) 
4 26 (-64 -64 64 ) (0 -64 64 ) (0 0 64 ) (-64 0 64 ) 
4 26 (-64 0 0 ) (-64 -64 0 ) (-64 -64 64 ) (-64 0 64 ) 
4 27 (-64 -64 0 ) (-64 -64 -64 ) (0 -64 -64 ) (0 -64 0 ) 
4 27 (-64 -64 0 ) (-64 0 0 ) (-64 0 -64 ) (-64 -64 -64 ) 
4 27 (0 -64 -64 ) (-64 -64 -64 ) (-64 0 -64 ) (0 0 -64 ) 
