PRT1
189
431
817
4 0 5 0 (832 1504 208 ) (832 1440 208 ) (704 1440 208 ) (704 1504 208 ) 
4 0 9 0 (832 1440 208 ) (832 1216 208 ) (704 1216 208 ) (704 1440 208 ) 
4 0 4 0 (832 1728 208 ) (832 1504 208 ) (704 1504 208 ) (704 1728 208 ) 
4 1 6 0 (448 1440 208 ) (448 1504 208 ) (672 1504 208 ) (672 1440 208 ) 
4 1 9 0 (672 1216 208 ) (448 1216 208 ) (448 1440 208 ) (672 1440 208 ) 
4 1 4 0 (448 1504 208 ) (448 1728 208 ) (672 1728 208 ) (672 1504 208 ) 
4 2 7 0 (192 1440 208 ) (192 1504 208 ) (416 1504 208 ) (416 1440 208 ) 
4 2 9 0 (416 1216 208 ) (192 1216 208 ) (192 1440 208 ) (416 1440 208 ) 
4 2 4 0 (192 1504 208 ) (192 1728 208 ) (416 1728 208 ) (416 1504 208 ) 
4 3 101 0 (0 1728 224 ) (0 1728 208 ) (0 1216 208 ) (0 1216 224 ) 
4 3 8 0 (0 1440 208 ) (0 1504 208 ) (160 1504 208 ) (160 1440 208 ) 
4 3 9 0 (160 1216 208 ) (0 1216 208 ) (0 1440 208 ) (160 1440 208 ) 
4 3 4 0 (0 1504 208 ) (0 1728 208 ) (160 1728 208 ) (160 1504 208 ) 
4 4 104 0 (0 1728 192 ) (0 1504 192 ) (0 1504 208 ) (0 1728 208 ) 
4 4 10 0 (0 1504 192 ) (0 1728 192 ) (832 1728 192 ) (832 1504 192 ) 
4 4 7 0 (192 1504 192 ) (416 1504 192 ) (416 1504 208 ) (192 1504 208 ) 
4 4 8 0 (0 1504 192 ) (160 1504 192 ) (160 1504 208 ) (0 1504 208 ) 
4 4 5 0 (704 1504 192 ) (832 1504 192 ) (832 1504 208 ) (704 1504 208 ) 
4 4 6 0 (448 1504 192 ) (672 1504 192 ) (672 1504 208 ) (448 1504 208 ) 
4 5 10 0 (704 1504 192 ) (832 1504 192 ) (832 1440 192 ) (704 1440 192 ) 
4 5 9 0 (704 1440 192 ) (832 1440 192 ) (832 1440 208 ) (704 1440 208 ) 
4 6 10 0 (448 1504 192 ) (672 1504 192 ) (672 1440 192 ) (448 1440 192 ) 
4 6 9 0 (448 1440 192 ) (672 1440 192 ) (672 1440 208 ) (448 1440 208 ) 
4 7 10 0 (192 1504 192 ) (416 1504 192 ) (416 1440 192 ) (192 1440 192 ) 
4 7 9 0 (192 1440 192 ) (416 1440 192 ) (416 1440 208 ) (192 1440 208 ) 
4 8 105 0 (0 1504 192 ) (0 1440 192 ) (0 1440 208 ) (0 1504 208 ) 
4 8 10 0 (0 1440 192 ) (0 1504 192 ) (160 1504 192 ) (160 1440 192 ) 
4 8 9 0 (0 1440 192 ) (160 1440 192 ) (160 1440 208 ) (0 1440 208 ) 
4 9 108 0 (0 1440 192 ) (0 1216 192 ) (0 1216 208 ) (0 1440 208 ) 
4 9 10 0 (832 1216 192 ) (0 1216 192 ) (0 1440 192 ) (832 1440 192 ) 
4 10 109 0 (0 1728 0 ) (0 1216 0 ) (0 1216 192 ) (0 1728 192 ) 
4 10 34 0 (96 1344 0 ) (288 1344 0 ) (288 1296 0 ) (96 1296 0 ) 
4 10 35 0 (0 1216 0 ) (0 1296 0 ) (288 1296 0 ) (288 1216 0 ) 
4 10 26 0 (416 1344 0 ) (832 1344 0 ) (832 1216 0 ) (416 1216 0 ) 
4 10 25 0 (96 1424 0 ) (832 1424 0 ) (832 1344 0 ) (96 1344 0 ) 
4 10 24 0 (0 1424 0 ) (0 1536 0 ) (832 1536 0 ) (832 1424 0 ) 
4 10 22 0 (832 1664 0 ) (832 1536 0 ) (576 1536 0 ) (576 1664 0 ) 
4 10 21 0 (448 1728 0 ) (832 1728 0 ) (832 1664 0 ) (448 1664 0 ) 
4 10 23 0 (0 1536 0 ) (0 1728 0 ) (448 1728 0 ) (448 1536 0 ) 
4 10 11 0 (288 1216 0 ) (416 1216 0 ) (416 1216 128 ) (288 1216 128 ) 
4 11 14 0 (288 1184 0 ) (416 1184 0 ) (416 1184 128 ) (288 1184 128 ) 
4 12 124 0 (0 1024 128 ) (0 1024 224 ) (0 1184 224 ) (0 1184 128 ) 
4 12 37 0 (0 1024 224 ) (0 1024 128 ) (224 1024 128 ) (224 1024 224 ) 
4 12 19 0 (160 1024 128 ) (32 1024 128 ) (32 1184 128 ) (160 1184 128 ) 
4 13 47 0 (544 1024 0 ) (576 1024 0 ) (576 1024 128 ) (544 1024 128 ) 
4 13 44 0 (736 1024 32 ) (736 1024 128 ) (640 1024 128 ) (640 1024 32 ) 
4 13 43 0 (736 1024 0 ) (832 1024 0 ) (832 1024 128 ) (736 1024 128 ) 
4 13 45 0 (576 1024 0 ) (640 1024 0 ) (640 1024 128 ) (576 1024 128 ) 
4 13 17 0 (544 1056 0 ) (544 1024 0 ) (544 1024 96 ) (544 1056 96 ) 
4 13 15 0 (544 1024 128 ) (544 1088 128 ) (544 1088 96 ) (544 1024 96 ) 
4 13 14 0 (544 1088 128 ) (544 1184 128 ) (544 1184 0 ) (544 1088 0 ) 
4 14 16 0 (256 1088 96 ) (256 1088 0 ) (384 1088 0 ) (384 1088 96 ) 
4 14 15 0 (256 1088 128 ) (256 1088 96 ) (544 1088 96 ) (544 1088 128 ) 
4 15 48 0 (480 1024 128 ) (448 1024 128 ) (448 1024 96 ) (480 1024 96 ) 
4 15 47 0 (544 1024 96 ) (544 1024 128 ) (480 1024 128 ) (480 1024 96 ) 
4 15 50 0 (448 1024 128 ) (256 1024 128 ) (256 1024 96 ) (448 1024 96 ) 
4 15 17 0 (480 1056 96 ) (544 1056 96 ) (544 1024 96 ) (480 1024 96 ) 
4 15 18 0 (256 1024 96 ) (256 1056 96 ) (448 1056 96 ) (448 1024 96 ) 
4 15 16 0 (256 1056 96 ) (256 1088 96 ) (384 1088 96 ) (384 1056 96 ) 
4 16 18 0 (384 1056 96 ) (256 1056 96 ) (256 1056 0 ) (384 1056 0 ) 
4 17 47 0 (480 1024 0 ) (544 1024 0 ) (544 1024 96 ) (480 1024 96 ) 
4 18 50 0 (256 1024 0 ) (448 1024 0 ) (448 1024 96 ) (256 1024 96 ) 
4 19 65 0 (32 1024 96 ) (160 1024 96 ) (160 1024 128 ) (32 1024 128 ) 
4 19 20 0 (32 1184 96 ) (160 1184 96 ) (160 1024 96 ) (32 1024 96 ) 
4 20 129 0 (0 1024 0 ) (0 1024 96 ) (0 1184 96 ) (0 1184 0 ) 
4 20 66 0 (0 1024 96 ) (0 1024 0 ) (224 1024 0 ) (224 1024 96 ) 
4 20 36 0 (224 1024 0 ) (0 1024 0 ) (0 1184 0 ) (224 1184 0 ) 
4 21 22 0 (576 1664 -128 ) (832 1664 -128 ) (832 1664 0 ) (576 1664 0 ) 
4 21 23 0 (448 1728 0 ) (448 1728 -128 ) (448 1664 -128 ) (448 1664 0 ) 
4 22 24 0 (576 1536 -128 ) (832 1536 -128 ) (832 1536 0 ) (576 1536 0 ) 
4 23 132 0 (0 1536 0 ) (0 1632 0 ) (0 1632 -128 ) (0 1536 -128 ) 
4 23 131 0 (0 1632 0 ) (0 1728 0 ) (0 1728 -128 ) (0 1632 -128 ) 
4 23 24 0 (0 1536 -128 ) (448 1536 -128 ) (448 1536 0 ) (0 1536 0 ) 
4 24 132 0 (0 1424 0 ) (0 1536 0 ) (0 1536 -128 ) (0 1424 -128 ) 
4 24 25 0 (96 1424 -128 ) (832 1424 -128 ) (832 1424 0 ) (96 1424 0 ) 
4 25 34 0 (288 1344 0 ) (96 1344 0 ) (96 1344 -128 ) (288 1344 -128 ) 
4 25 33 0 (576 1344 -80 ) (576 1344 -64 ) (544 1344 -64 ) (544 1344 -80 ) 
4 25 32 0 (576 1344 -64 ) (576 1344 -48 ) (512 1344 -48 ) (512 1344 -64 ) 
4 25 31 0 (576 1344 -96 ) (608 1344 -96 ) (608 1344 -48 ) (576 1344 -48 ) 
4 25 30 0 (608 1344 -32 ) (480 1344 -32 ) (480 1344 -48 ) (608 1344 -48 ) 
4 25 29 0 (640 1344 -112 ) (640 1344 -32 ) (608 1344 -32 ) (608 1344 -112 ) 
4 25 28 0 (640 1344 -32 ) (640 1344 -16 ) (448 1344 -16 ) (448 1344 -32 ) 
4 25 27 0 (640 1344 -128 ) (832 1344 -128 ) (832 1344 -16 ) (640 1344 -16 ) 
4 25 26 0 (832 1344 0 ) (416 1344 0 ) (416 1344 -16 ) (832 1344 -16 ) 
4 26 28 0 (448 1344 -16 ) (640 1344 -16 ) (640 1216 -16 ) (448 1216 -16 ) 
4 26 27 0 (640 1344 -16 ) (832 1344 -16 ) (832 1216 -16 ) (640 1216 -16 ) 
4 27 29 0 (640 1216 -112 ) (640 1216 -32 ) (640 1344 -32 ) (640 1344 -112 ) 
4 27 28 0 (640 1216 -32 ) (640 1216 -16 ) (640 1344 -16 ) (640 1344 -32 ) 
4 28 30 0 (480 1344 -32 ) (608 1344 -32 ) (608 1216 -32 ) (480 1216 -32 ) 
4 28 29 0 (608 1344 -32 ) (640 1344 -32 ) (640 1216 -32 ) (608 1216 -32 ) 
4 29 31 0 (608 1216 -96 ) (608 1216 -48 ) (608 1344 -48 ) (608 1344 -96 ) 
4 29 30 0 (608 1216 -48 ) (608 1216 -32 ) (608 1344 -32 ) (608 1344 -48 ) 
4 30 32 0 (512 1344 -48 ) (576 1344 -48 ) (576 1216 -48 ) (512 1216 -48 ) 
4 30 31 0 (576 1344 -48 ) (608 1344 -48 ) (608 1216 -48 ) (576 1216 -48 ) 
4 31 33 0 (576 1216 -80 ) (576 1216 -64 ) (576 1344 -64 ) (576 1344 -80 ) 
4 31 32 0 (576 1216 -64 ) (576 1216 -48 ) (576 1344 -48 ) (576 1344 -64 ) 
4 32 33 0 (544 1344 -64 ) (576 1344 -64 ) (576 1216 -64 ) (544 1216 -64 ) 
4 34 35 0 (96 1296 -128 ) (288 1296 -128 ) (288 1296 0 ) (96 1296 0 ) 
4 35 135 0 (0 1216 -128 ) (0 1216 0 ) (0 1296 0 ) (0 1296 -128 ) 
4 36 140 0 (0 1024 -128 ) (0 1024 0 ) (0 1184 0 ) (0 1184 -128 ) 
4 36 72 0 (0 1024 0 ) (0 1024 -128 ) (224 1024 -128 ) (224 1024 0 ) 
4 37 142 0 (0 1024 224 ) (0 1024 128 ) (0 864 128 ) (0 864 224 ) 
4 37 65 0 (32 1024 128 ) (160 1024 128 ) (160 864 128 ) (32 864 128 ) 
4 38 98 0 (224 0 144 ) (224 0 160 ) (32 0 160 ) (32 0 144 ) 
4 38 100 0 (32 0 128 ) (224 0 128 ) (224 0 144 ) (32 0 144 ) 
4 38 71 0 (224 0 128 ) (32 0 128 ) (32 224 128 ) (224 224 128 ) 
4 38 39 0 (32 32 160 ) (32 224 160 ) (32 224 144 ) (32 32 144 ) 
4 38 40 0 (32 224 144 ) (32 224 128 ) (32 0 128 ) (32 0 144 ) 
4 39 157 0 (0 32 160 ) (0 224 160 ) (0 224 144 ) (0 32 144 ) 
4 39 40 0 (0 224 144 ) (32 224 144 ) (32 32 144 ) (0 32 144 ) 
4 40 158 0 (0 0 128 ) (0 0 144 ) (0 224 144 ) (0 224 128 ) 
4 40 100 0 (0 0 144 ) (0 0 128 ) (32 0 128 ) (32 0 144 ) 
4 40 71 0 (32 0 128 ) (0 0 128 ) (0 224 128 ) (32 224 128 ) 
4 41 92 0 (896 0 0 ) (960 0 0 ) (960 0 32 ) (896 0 32 ) 
4 41 42 0 (896 384 32 ) (896 384 0 ) (896 320 0 ) (896 320 32 ) 
4 42 46 0 (832 384 0 ) (832 320 0 ) (832 320 32 ) (832 384 32 ) 
4 43 44 0 (736 832 32 ) (736 832 128 ) (736 1024 128 ) (736 1024 32 ) 
4 43 46 0 (736 832 0 ) (832 832 0 ) (832 832 128 ) (736 832 128 ) 
4 44 46 0 (736 832 32 ) (736 832 128 ) (640 832 128 ) (640 832 32 ) 
4 44 45 0 (640 832 32 ) (640 832 128 ) (640 1024 128 ) (640 1024 32 ) 
4 45 47 0 (576 1024 0 ) (576 864 0 ) (576 864 128 ) (576 1024 128 ) 
4 45 49 0 (576 864 0 ) (576 832 0 ) (576 832 128 ) (576 864 128 ) 
4 45 46 0 (576 832 128 ) (576 832 0 ) (640 832 0 ) (640 832 128 ) 
4 46 49 0 (576 832 0 ) (576 640 0 ) (576 640 128 ) (576 832 128 ) 
4 47 48 0 (480 864 96 ) (480 864 128 ) (480 1024 128 ) (480 1024 96 ) 
4 47 49 0 (480 864 0 ) (576 864 0 ) (576 864 128 ) (480 864 128 ) 
4 48 50 0 (448 864 96 ) (448 864 128 ) (448 1024 128 ) (448 1024 96 ) 
4 48 49 0 (448 864 128 ) (448 864 96 ) (480 864 96 ) (480 864 128 ) 
4 49 50 0 (448 864 0 ) (448 640 0 ) (448 640 128 ) (448 864 128 ) 
4 50 51 0 (256 640 128 ) (256 640 0 ) (384 640 0 ) (384 640 128 ) 
4 51 52 0 (364 608 0 ) (384 608 0 ) (384 608 128 ) (364 608 128 ) 
4 51 57 0 (256 608 128 ) (256 608 0 ) (364 608 0 ) (364 608 128 ) 
4 52 55 0 (364 468 16 ) (364 468 8 ) (372 468 8 ) (372 468 16 ) 
4 52 54 0 (364 468 128 ) (364 468 24 ) (372 468 24 ) (372 468 128 ) 
4 52 53 0 (372 468 0 ) (544 468 0 ) (544 468 128 ) (372 468 128 ) 
4 52 57 0 (364 608 128 ) (364 608 0 ) (364 468 0 ) (364 468 128 ) 
4 53 58 0 (372 288 0 ) (464 288 0 ) (464 288 96 ) (372 288 96 ) 
4 53 55 0 (372 468 16 ) (372 468 8 ) (372 460 8 ) (372 460 16 ) 
4 53 54 0 (372 468 128 ) (372 468 24 ) (372 460 24 ) (372 460 128 ) 
4 53 56 0 (372 460 0 ) (372 288 0 ) (372 288 128 ) (372 460 128 ) 
4 54 57 0 (364 460 24 ) (364 460 128 ) (364 468 128 ) (364 468 24 ) 
4 54 56 0 (364 460 128 ) (364 460 24 ) (372 460 24 ) (372 460 128 ) 
4 55 57 0 (364 460 8 ) (364 460 16 ) (364 468 16 ) (364 468 8 ) 
4 55 56 0 (364 460 16 ) (364 460 8 ) (372 460 8 ) (372 460 16 ) 
4 56 58 0 (364 288 0 ) (372 288 0 ) (372 288 96 ) (364 288 96 ) 
4 56 57 0 (364 460 0 ) (364 288 0 ) (364 288 128 ) (364 460 128 ) 
4 57 58 0 (336 288 0 ) (364 288 0 ) (364 288 96 ) (336 288 96 ) 
4 58 59 0 (336 256 0 ) (464 256 0 ) (464 256 96 ) (336 256 96 ) 
4 59 64 0 (256 64 0 ) (256 32 0 ) (256 32 96 ) (256 64 96 ) 
4 59 61 0 (552 32 0 ) (600 32 0 ) (600 32 32 ) (552 32 32 ) 
4 59 60 0 (608 32 40 ) (608 32 128 ) (544 32 128 ) (544 32 40 ) 
4 59 63 0 (256 32 128 ) (256 32 0 ) (544 32 0 ) (544 32 128 ) 
4 60 89 0 (608 0 40 ) (608 0 128 ) (544 0 128 ) (544 0 40 ) 
4 60 63 0 (544 32 128 ) (544 32 40 ) (544 0 40 ) (544 0 128 ) 
4 61 62 0 (600 24 32 ) (552 24 32 ) (552 24 0 ) (600 24 0 ) 
4 62 92 0 (544 0 0 ) (608 0 0 ) (608 0 32 ) (544 0 32 ) 
4 62 63 0 (544 24 0 ) (544 0 0 ) (544 0 32 ) (544 24 32 ) 
4 63 92 0 (256 0 0 ) (544 0 0 ) (544 0 32 ) (256 0 32 ) 
4 63 91 0 (544 0 32 ) (544 0 128 ) (256 0 128 ) (256 0 32 ) 
4 63 64 0 (256 32 0 ) (256 0 0 ) (256 0 96 ) (256 32 96 ) 
4 64 97 0 (224 0 0 ) (256 0 0 ) (256 0 96 ) (224 0 96 ) 
4 64 71 0 (224 64 0 ) (224 0 0 ) (224 0 96 ) (224 64 96 ) 
4 65 66 0 (160 864 96 ) (32 864 96 ) (32 1024 96 ) (160 1024 96 ) 
4 66 147 0 (0 1024 96 ) (0 1024 0 ) (0 864 0 ) (0 864 96 ) 
4 66 72 0 (0 864 0 ) (0 1024 0 ) (224 1024 0 ) (224 864 0 ) 
4 67 82 0 (224 704 0 ) (224 288 0 ) (16 288 0 ) (16 704 0 ) 
4 67 74 0 (16 832 0 ) (224 832 0 ) (224 704 0 ) (16 704 0 ) 
4 67 68 0 (16 592 48 ) (16 832 48 ) (16 832 32 ) (16 592 32 ) 
4 67 69 0 (16 832 32 ) (16 832 0 ) (16 528 0 ) (16 528 32 ) 
4 67 70 0 (16 288 0 ) (16 288 48 ) (16 528 48 ) (16 528 0 ) 
4 68 151 0 (0 832 48 ) (0 832 32 ) (0 592 32 ) (0 592 48 ) 
4 68 69 0 (0 592 32 ) (0 832 32 ) (16 832 32 ) (16 592 32 ) 
4 69 156 0 (0 832 32 ) (0 832 0 ) (0 528 0 ) (0 528 32 ) 
4 69 82 0 (0 528 0 ) (0 704 0 ) (16 704 0 ) (16 528 0 ) 
4 69 74 0 (0 704 0 ) (0 832 0 ) (16 832 0 ) (16 704 0 ) 
4 69 70 0 (0 528 0 ) (16 528 0 ) (16 528 32 ) (0 528 32 ) 
4 70 156 0 (0 528 0 ) (0 288 0 ) (0 288 32 ) (0 528 32 ) 
4 70 155 0 (0 288 32 ) (0 288 48 ) (0 528 48 ) (0 528 32 ) 
4 70 82 0 (0 288 0 ) (0 528 0 ) (16 528 0 ) (16 288 0 ) 
4 71 158 0 (0 0 0 ) (0 0 128 ) (0 224 128 ) (0 224 0 ) 
4 71 100 0 (0 0 128 ) (0 0 0 ) (224 0 0 ) (224 0 128 ) 
4 72 164 0 (0 864 -128 ) (0 864 0 ) (0 1024 0 ) (0 1024 -128 ) 
4 72 73 0 (128 864 0 ) (0 864 0 ) (0 864 -128 ) (128 864 -128 ) 
4 73 76 0 (120 832 -128 ) (128 832 -128 ) (128 832 -104 ) (120 832 -104 ) 
4 73 78 0 (0 832 -104 ) (0 832 -128 ) (120 832 -128 ) (120 832 -104 ) 
4 73 75 0 (0 832 -96 ) (0 832 -104 ) (128 832 -104 ) (128 832 -96 ) 
4 73 74 0 (128 832 0 ) (0 832 0 ) (0 832 -96 ) (128 832 -96 ) 
4 74 166 0 (0 704 -96 ) (0 704 0 ) (0 832 0 ) (0 832 -96 ) 
4 74 82 0 (224 704 -96 ) (224 704 0 ) (0 704 0 ) (0 704 -96 ) 
4 74 75 0 (0 712 -96 ) (0 832 -96 ) (224 832 -96 ) (224 712 -96 ) 
4 75 167 0 (0 712 -96 ) (0 832 -96 ) (0 832 -104 ) (0 712 -104 ) 
4 75 76 0 (120 832 -104 ) (224 832 -104 ) (224 712 -104 ) (120 712 -104 ) 
4 75 78 0 (0 712 -104 ) (0 832 -104 ) (120 832 -104 ) (120 712 -104 ) 
4 76 77 0 (136 712 -128 ) (224 712 -128 ) (224 712 -104 ) (136 712 -104 ) 
4 76 78 0 (120 832 -128 ) (120 712 -128 ) (120 712 -104 ) (120 832 -104 ) 
4 77 82 0 (224 704 -128 ) (224 704 -104 ) (136 704 -104 ) (136 704 -128 ) 
4 78 171 0 (0 704 -128 ) (0 704 -104 ) (0 712 -104 ) (0 712 -128 ) 
4 78 170 0 (0 712 -104 ) (0 720 -104 ) (0 720 -128 ) (0 712 -128 ) 
4 78 168 0 (0 720 -104 ) (0 832 -104 ) (0 832 -128 ) (0 720 -128 ) 
4 78 82 0 (120 704 -104 ) (0 704 -104 ) (0 704 -128 ) (120 704 -128 ) 
4 79 169 0 (0 720 -144 ) (0 832 -144 ) (0 832 -256 ) (0 720 -256 ) 
4 79 80 0 (144 720 -256 ) (224 720 -256 ) (224 720 -144 ) (144 720 -144 ) 
4 79 81 0 (0 720 -256 ) (112 720 -256 ) (112 720 -144 ) (0 720 -144 ) 
4 80 83 0 (224 704 -256 ) (224 704 -160 ) (144 704 -160 ) (144 704 -256 ) 
4 80 82 0 (224 704 -160 ) (224 704 -144 ) (144 704 -144 ) (144 704 -160 ) 
4 81 175 0 (0 704 -256 ) (0 704 -144 ) (0 720 -144 ) (0 720 -256 ) 
4 81 83 0 (32 704 -256 ) (112 704 -256 ) (112 704 -160 ) (32 704 -160 ) 
4 81 86 0 (0 704 -160 ) (0 704 -256 ) (32 704 -256 ) (32 704 -160 ) 
4 81 82 0 (112 704 -144 ) (0 704 -144 ) (0 704 -160 ) (112 704 -160 ) 
4 82 181 0 (0 288 -160 ) (0 288 -128 ) (0 480 -128 ) (0 480 -160 ) 
4 82 180 0 (0 288 -128 ) (0 288 0 ) (0 480 0 ) (0 480 -128 ) 
4 82 179 0 (0 480 0 ) (0 704 0 ) (0 704 -160 ) (0 480 -160 ) 
4 82 87 0 (0 288 -128 ) (0 288 -160 ) (64 288 -160 ) (64 288 -128 ) 
4 82 85 0 (128 288 -160 ) (32 288 -160 ) (32 448 -160 ) (128 448 -160 ) 
4 82 84 0 (224 288 -160 ) (128 288 -160 ) (128 544 -160 ) (224 544 -160 ) 
4 82 83 0 (32 544 -160 ) (32 704 -160 ) (224 704 -160 ) (224 544 -160 ) 
4 82 86 0 (32 288 -160 ) (0 288 -160 ) (0 704 -160 ) (32 704 -160 ) 
4 83 84 0 (128 544 -256 ) (224 544 -256 ) (224 544 -160 ) (128 544 -160 ) 
4 83 86 0 (32 704 -256 ) (32 544 -256 ) (32 544 -160 ) (32 704 -160 ) 
4 84 85 0 (128 448 -256 ) (128 288 -256 ) (128 288 -160 ) (128 448 -160 ) 
4 85 87 0 (64 288 -160 ) (32 288 -160 ) (32 288 -256 ) (64 288 -256 ) 
4 85 86 0 (32 448 -256 ) (32 288 -256 ) (32 288 -160 ) (32 448 -160 ) 
4 86 181 0 (0 288 -256 ) (0 288 -160 ) (0 480 -160 ) (0 480 -256 ) 
4 86 179 0 (0 480 -160 ) (0 704 -160 ) (0 704 -256 ) (0 480 -256 ) 
4 86 87 0 (32 288 -160 ) (0 288 -160 ) (0 288 -256 ) (32 288 -256 ) 
4 87 182 0 (0 256 -256 ) (0 256 -128 ) (0 288 -128 ) (0 288 -256 ) 
4 87 88 0 (0 256 -128 ) (0 256 -256 ) (64 256 -256 ) (64 256 -128 ) 
4 88 184 0 (0 64 -256 ) (0 64 -96 ) (0 256 -96 ) (0 256 -256 ) 
4 89 90 0 (608 -224 40 ) (544 -224 40 ) (544 -96 40 ) (608 -96 40 ) 
4 89 91 0 (544 -224 40 ) (544 -224 128 ) (544 0 128 ) (544 0 40 ) 
4 90 96 0 (608 -96 32 ) (608 -224 32 ) (544 -224 32 ) (544 -96 32 ) 
4 90 91 0 (544 -96 32 ) (544 -224 32 ) (544 -224 40 ) (544 -96 40 ) 
4 91 97 0 (256 0 96 ) (256 0 32 ) (256 -64 32 ) (256 -64 96 ) 
4 91 96 0 (256 -224 32 ) (256 -96 32 ) (544 -96 32 ) (544 -224 32 ) 
4 91 95 0 (256 -96 32 ) (256 -88 32 ) (544 -88 32 ) (544 -96 32 ) 
4 91 93 0 (256 -88 32 ) (256 -64 32 ) (544 -64 32 ) (544 -88 32 ) 
4 91 92 0 (256 -64 32 ) (256 0 32 ) (544 0 32 ) (544 -64 32 ) 
4 92 97 0 (256 0 32 ) (256 0 0 ) (256 -64 0 ) (256 -64 32 ) 
4 92 93 0 (608 -64 32 ) (256 -64 32 ) (256 -64 0 ) (608 -64 0 ) 
4 93 95 0 (544 -88 32 ) (256 -88 32 ) (256 -88 0 ) (544 -88 0 ) 
4 93 94 0 (600 -88 32 ) (552 -88 32 ) (552 -88 0 ) (600 -88 0 ) 
4 94 96 0 (600 -96 32 ) (552 -96 32 ) (552 -96 0 ) (600 -96 0 ) 
4 95 96 0 (544 -96 32 ) (256 -96 32 ) (256 -96 0 ) (544 -96 0 ) 
4 97 100 0 (224 0 96 ) (224 0 0 ) (224 -64 0 ) (224 -64 96 ) 
4 98 99 0 (32 -32 144 ) (32 -224 144 ) (32 -224 160 ) (32 -32 160 ) 
4 98 100 0 (224 -224 144 ) (32 -224 144 ) (32 0 144 ) (224 0 144 ) 
4 99 186 0 (0 -32 144 ) (0 -224 144 ) (0 -224 160 ) (0 -32 160 ) 
4 99 100 0 (32 -224 144 ) (0 -224 144 ) (0 -32 144 ) (32 -32 144 ) 
4 100 188 0 (0 0 144 ) (0 0 0 ) (0 -224 0 ) (0 -224 144 ) 
4 101 105 0 (-64 1440 208 ) (-64 1504 208 ) (0 1504 208 ) (0 1440 208 ) 
4 101 108 0 (0 1216 208 ) (-64 1216 208 ) (-64 1440 208 ) (0 1440 208 ) 
4 101 104 0 (-64 1504 208 ) (-64 1728 208 ) (0 1728 208 ) (0 1504 208 ) 
4 102 106 0 (-320 1440 208 ) (-320 1504 208 ) (-96 1504 208 ) (-96 1440 208 ) 
4 102 108 0 (-96 1216 208 ) (-320 1216 208 ) (-320 1440 208 ) (-96 1440 208 ) 
4 102 104 0 (-320 1504 208 ) (-320 1728 208 ) (-96 1728 208 ) (-96 1504 208 ) 
4 103 107 0 (-480 1440 208 ) (-480 1504 208 ) (-352 1504 208 ) (-352 1440 208 ) 
4 103 108 0 (-352 1216 208 ) (-480 1216 208 ) (-480 1440 208 ) (-352 1440 208 ) 
4 103 104 0 (-480 1504 208 ) (-480 1728 208 ) (-352 1728 208 ) (-352 1504 208 ) 
4 104 110 0 (-480 1504 192 ) (-480 1728 192 ) (-32 1728 192 ) (-32 1504 192 ) 
4 104 109 0 (-32 1728 192 ) (0 1728 192 ) (0 1504 192 ) (-32 1504 192 ) 
4 104 106 0 (-320 1504 192 ) (-96 1504 192 ) (-96 1504 208 ) (-320 1504 208 ) 
4 104 107 0 (-480 1504 192 ) (-352 1504 192 ) (-352 1504 208 ) (-480 1504 208 ) 
4 104 105 0 (-64 1504 192 ) (0 1504 192 ) (0 1504 208 ) (-64 1504 208 ) 
4 105 110 0 (-64 1504 192 ) (-32 1504 192 ) (-32 1440 192 ) (-64 1440 192 ) 
4 105 109 0 (-32 1504 192 ) (0 1504 192 ) (0 1440 192 ) (-32 1440 192 ) 
4 105 108 0 (-64 1440 192 ) (0 1440 192 ) (0 1440 208 ) (-64 1440 208 ) 
4 106 110 0 (-320 1504 192 ) (-96 1504 192 ) (-96 1440 192 ) (-320 1440 192 ) 
4 106 108 0 (-320 1440 192 ) (-96 1440 192 ) (-96 1440 208 ) (-320 1440 208 ) 
4 107 110 0 (-480 1440 192 ) (-480 1504 192 ) (-352 1504 192 ) (-352 1440 192 ) 
4 107 108 0 (-480 1440 192 ) (-352 1440 192 ) (-352 1440 208 ) (-480 1440 208 ) 
4 108 110 0 (-32 1216 192 ) (-480 1216 192 ) (-480 1440 192 ) (-32 1440 192 ) 
4 108 109 0 (0 1216 192 ) (-32 1216 192 ) (-32 1440 192 ) (0 1440 192 ) 
4 109 135 0 (0 1296 0 ) (0 1216 0 ) (-32 1216 0 ) (-32 1296 0 ) 
4 109 132 0 (0 1632 0 ) (0 1424 0 ) (-32 1424 0 ) (-32 1632 0 ) 
4 109 131 0 (0 1728 0 ) (0 1632 0 ) (-32 1632 0 ) (-32 1728 0 ) 
4 109 114 0 (-32 1344 0 ) (-32 1312 0 ) (-32 1312 32 ) (-32 1344 32 ) 
4 109 113 0 (-32 1312 32 ) (-32 1312 128 ) (-32 1424 128 ) (-32 1424 32 ) 
4 109 115 0 (-32 1312 0 ) (-32 1216 0 ) (-32 1216 128 ) (-32 1312 128 ) 
4 109 112 0 (-32 1632 0 ) (-32 1424 0 ) (-32 1424 128 ) (-32 1632 128 ) 
4 109 111 0 (-32 1728 128 ) (-32 1728 0 ) (-32 1632 0 ) (-32 1632 128 ) 
4 109 110 0 (-32 1728 192 ) (-32 1728 128 ) (-32 1216 128 ) (-32 1216 192 ) 
4 110 123 0 (-160 1216 192 ) (-224 1216 192 ) (-224 1216 128 ) (-160 1216 128 ) 
4 110 113 0 (-32 1424 128 ) (-32 1312 128 ) (-128 1312 128 ) (-128 1424 128 ) 
4 110 115 0 (-32 1312 128 ) (-32 1216 128 ) (-256 1216 128 ) (-256 1312 128 ) 
4 110 112 0 (-32 1632 128 ) (-32 1424 128 ) (-128 1424 128 ) (-128 1632 128 ) 
4 110 111 0 (-256 1728 128 ) (-32 1728 128 ) (-32 1632 128 ) (-256 1632 128 ) 
4 110 116 0 (-480 1216 128 ) (-480 1728 128 ) (-256 1728 128 ) (-256 1216 128 ) 
4 111 131 0 (-256 1632 0 ) (-256 1728 0 ) (-32 1728 0 ) (-32 1632 0 ) 
4 111 112 0 (-128 1632 0 ) (-32 1632 0 ) (-32 1632 128 ) (-128 1632 128 ) 
4 111 116 0 (-256 1632 128 ) (-256 1728 128 ) (-256 1728 0 ) (-256 1632 0 ) 
4 112 133 0 (-32 1504 0 ) (-32 1424 0 ) (-128 1424 0 ) (-128 1504 0 ) 
4 112 113 0 (-32 1424 32 ) (-32 1424 128 ) (-128 1424 128 ) (-128 1424 64 ) 
4 113 114 0 (-32 1312 31.998695 ) (-128 1312 63.998699 ) (-128 1344 63.998699 ) (-32 1344 31.998695 ) 
4 113 115 0 (-128 1312 64 ) (-32 1312 32 ) (-32 1312 128 ) (-128 1312 128 ) 
4 114 115 0 (-128 1312 0 ) (-32 1312 0 ) (-32 1312 32 ) (-128 1312 64 ) 
4 115 135 0 (-32 1216 0 ) (-224 1216 0 ) (-224 1296 0 ) (-32 1296 0 ) 
4 115 136 0 (-224 1216 0 ) (-256 1216 0 ) (-256 1312 0 ) (-224 1312 0 ) 
4 115 116 0 (-256 1216 0 ) (-256 1216 128 ) (-256 1312 128 ) (-256 1312 0 ) 
4 116 136 0 (-256 1216 0 ) (-480 1216 0 ) (-480 1424 0 ) (-256 1424 0 ) 
4 116 133 0 (-256 1504 0 ) (-256 1424 0 ) (-352 1424 0 ) (-352 1504 0 ) 
4 116 131 0 (-352 1728 0 ) (-256 1728 0 ) (-256 1632 0 ) (-352 1632 0 ) 
4 116 134 0 (-480 1424 0 ) (-480 1728 0 ) (-352 1728 0 ) (-352 1424 0 ) 
4 116 117 0 (-480 1632 0 ) (-480 1312 0 ) (-480 1312 64 ) (-480 1632 64 ) 
4 117 137 0 (-480 1632 0 ) (-480 1312 0 ) (-512 1312 0 ) (-512 1632 0 ) 
4 117 121 0 (-512 1632 0 ) (-512 1312 0 ) (-512 1312 64 ) (-512 1632 64 ) 
4 118 120 0 (-592 1440 80 ) (-592 1216 80 ) (-592 1216 96 ) (-592 1440 96 ) 
4 118 119 0 (-592 1728 80 ) (-592 1504 80 ) (-592 1504 96 ) (-592 1728 96 ) 
4 118 121 0 (-592 1728 80 ) (-512 1728 80 ) (-512 1216 80 ) (-592 1216 80 ) 
4 119 122 0 (-624 1504 96 ) (-624 1728 96 ) (-624 1728 80 ) (-624 1504 80 ) 
4 119 121 0 (-624 1504 80 ) (-624 1728 80 ) (-592 1728 80 ) (-592 1504 80 ) 
4 120 121 0 (-624 1216 80 ) (-624 1440 80 ) (-592 1440 80 ) (-592 1216 80 ) 
4 120 122 0 (-624 1216 80 ) (-624 1216 96 ) (-624 1440 96 ) (-624 1440 80 ) 
4 121 138 0 (-624 1728 0 ) (-512 1728 0 ) (-512 1216 0 ) (-624 1216 0 ) 
4 121 122 0 (-624 1216 0 ) (-624 1216 80 ) (-624 1728 80 ) (-624 1728 0 ) 
4 122 138 0 (-704 1728 0 ) (-624 1728 0 ) (-624 1216 0 ) (-704 1216 0 ) 
4 123 124 0 (-224 1184 192 ) (-224 1184 128 ) (-160 1184 128 ) (-160 1184 192 ) 
4 124 161 0 (-736 1024 224 ) (-800 1024 224 ) (-800 1024 128 ) (-736 1024 128 ) 
4 124 160 0 (-672 1024 224 ) (-736 1024 224 ) (-736 1024 128 ) (-672 1024 128 ) 
4 124 142 0 (0 1024 128 ) (0 1024 224 ) (-672 1024 224 ) (-672 1024 128 ) 
4 124 128 0 (-608 1024 128 ) (-736 1024 128 ) (-736 1184 128 ) (-608 1184 128 ) 
4 124 126 0 (-224 1024 128 ) (-352 1024 128 ) (-352 1184 128 ) (-224 1184 128 ) 
4 124 125 0 (-32 1024 128 ) (-160 1024 128 ) (-160 1184 128 ) (-32 1184 128 ) 
4 124 127 0 (-416 1024 128 ) (-544 1024 128 ) (-544 1184 128 ) (-416 1184 128 ) 
4 125 143 0 (-32 1024 128 ) (-160 1024 128 ) (-160 1024 96 ) (-32 1024 96 ) 
4 125 129 0 (-32 1024 96 ) (-160 1024 96 ) (-160 1184 96 ) (-32 1184 96 ) 
4 126 144 0 (-224 1024 128 ) (-352 1024 128 ) (-352 1024 96 ) (-224 1024 96 ) 
4 126 129 0 (-224 1024 96 ) (-352 1024 96 ) (-352 1184 96 ) (-224 1184 96 ) 
4 127 145 0 (-416 1024 128 ) (-544 1024 128 ) (-544 1024 96 ) (-416 1024 96 ) 
4 127 129 0 (-416 1024 96 ) (-544 1024 96 ) (-544 1184 96 ) (-416 1184 96 ) 
4 128 160 0 (-672 1024 128 ) (-736 1024 128 ) (-736 1024 96 ) (-672 1024 96 ) 
4 128 146 0 (-608 1024 128 ) (-672 1024 128 ) (-672 1024 96 ) (-608 1024 96 ) 
4 128 129 0 (-608 1024 96 ) (-736 1024 96 ) (-736 1184 96 ) (-608 1184 96 ) 
4 129 162 0 (-736 1024 96 ) (-800 1024 96 ) (-800 1024 0 ) (-736 1024 0 ) 
4 129 160 0 (-672 1024 96 ) (-736 1024 96 ) (-736 1024 0 ) (-672 1024 0 ) 
4 129 147 0 (0 1024 0 ) (0 1024 96 ) (-672 1024 96 ) (-672 1024 0 ) 
4 129 140 0 (0 1024 0 ) (-800 1024 0 ) (-800 1184 0 ) (0 1184 0 ) 
4 130 163 0 (-1024 1024 0 ) (-832 1024 0 ) (-832 1024 32 ) (-1024 1024 32 ) 
4 130 141 0 (-832 1024 0 ) (-1024 1024 0 ) (-1024 1184 0 ) (-832 1184 0 ) 
4 131 132 0 (-32 1632 -128 ) (0 1632 -128 ) (0 1632 0 ) (-32 1632 0 ) 
4 131 134 0 (-352 1728 0 ) (-352 1728 -128 ) (-352 1632 -128 ) (-352 1632 0 ) 
4 132 133 0 (-32 1504 -128 ) (-32 1424 -128 ) (-32 1424 0 ) (-32 1504 0 ) 
4 133 136 0 (-352 1424 -128 ) (-224 1424 -128 ) (-224 1424 0 ) (-352 1424 0 ) 
4 133 134 0 (-352 1504 -128 ) (-352 1424 -128 ) (-352 1424 0 ) (-352 1504 0 ) 
4 134 137 0 (-480 1424 0 ) (-480 1632 0 ) (-480 1632 -128 ) (-480 1424 -128 ) 
4 134 136 0 (-480 1424 0 ) (-480 1424 -128 ) (-352 1424 -128 ) (-352 1424 0 ) 
4 135 136 0 (-224 1296 -128 ) (-224 1216 -128 ) (-224 1216 0 ) (-224 1296 0 ) 
4 136 137 0 (-480 1312 0 ) (-480 1424 0 ) (-480 1424 -128 ) (-480 1312 -128 ) 
4 137 138 0 (-512 1312 0 ) (-512 1632 0 ) (-512 1632 -128 ) (-512 1312 -128 ) 
4 138 139 0 (-544 1216 0 ) (-672 1216 0 ) (-672 1216 -128 ) (-544 1216 -128 ) 
4 139 140 0 (-544 1184 0 ) (-672 1184 0 ) (-672 1184 -128 ) (-544 1184 -128 ) 
4 140 164 0 (0 1024 -128 ) (0 1024 0 ) (-800 1024 0 ) (-800 1024 -128 ) 
4 141 185 0 (-832 1024 -128 ) (-832 1024 0 ) (-1024 1024 0 ) (-1024 1024 -128 ) 
4 142 160 0 (-672 1024 224 ) (-672 1024 128 ) (-672 864 128 ) (-672 864 224 ) 
4 142 146 0 (-608 864 128 ) (-672 864 128 ) (-672 1024 128 ) (-608 1024 128 ) 
4 142 144 0 (-224 864 128 ) (-352 864 128 ) (-352 1024 128 ) (-224 1024 128 ) 
4 142 143 0 (-32 864 128 ) (-160 864 128 ) (-160 1024 128 ) (-32 1024 128 ) 
4 142 145 0 (-416 864 128 ) (-544 864 128 ) (-544 1024 128 ) (-416 1024 128 ) 
4 143 147 0 (-32 864 96 ) (-160 864 96 ) (-160 1024 96 ) (-32 1024 96 ) 
4 144 147 0 (-224 864 96 ) (-352 864 96 ) (-352 1024 96 ) (-224 1024 96 ) 
4 145 147 0 (-416 864 96 ) (-544 864 96 ) (-544 1024 96 ) (-416 1024 96 ) 
4 146 160 0 (-672 1024 128 ) (-672 1024 96 ) (-672 864 96 ) (-672 864 128 ) 
4 146 147 0 (-608 864 96 ) (-672 864 96 ) (-672 1024 96 ) (-608 1024 96 ) 
4 147 164 0 (-672 864 0 ) (-672 1024 0 ) (0 1024 0 ) (0 864 0 ) 
4 147 160 0 (-672 1024 96 ) (-672 1024 0 ) (-672 864 0 ) (-672 864 96 ) 
4 148 155 0 (-16 528 48 ) (-16 288 48 ) (-240 288 48 ) (-240 528 48 ) 
4 148 152 0 (-16 592 48 ) (-16 528 48 ) (-240 528 48 ) (-240 592 48 ) 
4 148 151 0 (-240 832 48 ) (-16 832 48 ) (-16 592 48 ) (-240 592 48 ) 
4 149 155 0 (-272 528 48 ) (-272 288 48 ) (-496 288 48 ) (-496 528 48 ) 
4 149 153 0 (-272 592 48 ) (-272 528 48 ) (-496 528 48 ) (-496 592 48 ) 
4 149 151 0 (-496 832 48 ) (-272 832 48 ) (-272 592 48 ) (-496 592 48 ) 
4 150 155 0 (-672 288 48 ) (-672 528 48 ) (-528 528 48 ) (-528 288 48 ) 
4 150 154 0 (-672 528 48 ) (-672 592 48 ) (-528 592 48 ) (-528 528 48 ) 
4 150 151 0 (-672 592 48 ) (-672 832 48 ) (-528 832 48 ) (-528 592 48 ) 
4 151 156 0 (-672 592 32 ) (-672 832 32 ) (0 832 32 ) (0 592 32 ) 
4 151 154 0 (-672 592 32 ) (-528 592 32 ) (-528 592 48 ) (-672 592 48 ) 
4 151 153 0 (-496 592 32 ) (-272 592 32 ) (-272 592 48 ) (-496 592 48 ) 
4 151 152 0 (-240 592 32 ) (-16 592 32 ) (-16 592 48 ) (-240 592 48 ) 
4 152 156 0 (-240 592 32 ) (-16 592 32 ) (-16 528 32 ) (-240 528 32 ) 
4 152 155 0 (-240 528 32 ) (-16 528 32 ) (-16 528 48 ) (-240 528 48 ) 
4 153 156 0 (-496 592 32 ) (-272 592 32 ) (-272 528 32 ) (-496 528 32 ) 
4 153 155 0 (-496 528 32 ) (-272 528 32 ) (-272 528 48 ) (-496 528 48 ) 
4 154 156 0 (-672 528 32 ) (-672 592 32 ) (-528 592 32 ) (-528 528 32 ) 
4 154 155 0 (-672 528 32 ) (-528 528 32 ) (-528 528 48 ) (-672 528 48 ) 
4 155 156 0 (-672 288 32 ) (-672 528 32 ) (0 528 32 ) (0 288 32 ) 
4 156 180 0 (-672 288 0 ) (-672 480 0 ) (0 480 0 ) (0 288 0 ) 
4 156 179 0 (-672 480 0 ) (-672 704 0 ) (0 704 0 ) (0 480 0 ) 
4 156 166 0 (-672 704 0 ) (-672 832 0 ) (0 832 0 ) (0 704 0 ) 
4 157 158 0 (-32 32 144 ) (-32 224 144 ) (0 224 144 ) (0 32 144 ) 
4 157 159 0 (-32 32 160 ) (-32 224 160 ) (-32 224 144 ) (-32 32 144 ) 
4 158 188 0 (-32 0 0 ) (0 0 0 ) (0 0 144 ) (-32 0 144 ) 
4 158 159 0 (-32 224 144 ) (-32 224 0 ) (-32 0 0 ) (-32 0 144 ) 
4 159 187 0 (-32 0 144 ) (-32 0 160 ) (-224 0 160 ) (-224 0 144 ) 
4 159 188 0 (-224 0 0 ) (-32 0 0 ) (-32 0 144 ) (-224 0 144 ) 
4 160 164 0 (-736 1024 0 ) (-672 1024 0 ) (-672 864 0 ) (-736 864 0 ) 
4 160 162 0 (-736 1024 0 ) (-736 864 0 ) (-736 864 96 ) (-736 1024 96 ) 
4 160 161 0 (-736 864 128 ) (-736 864 224 ) (-736 1024 224 ) (-736 1024 128 ) 
4 162 164 0 (-800 864 0 ) (-800 1024 0 ) (-736 1024 0 ) (-736 864 0 ) 
4 163 185 0 (-1024 256 0 ) (-1024 1024 0 ) (-832 1024 0 ) (-832 256 0 ) 
4 164 165 0 (-800 896 0 ) (-800 1024 0 ) (-800 1024 -128 ) (-800 896 -128 ) 
4 165 185 0 (-832 896 0 ) (-832 1024 0 ) (-832 1024 -128 ) (-832 896 -128 ) 
4 166 179 0 (-672 704 0 ) (-672 704 -96 ) (0 704 -96 ) (0 704 0 ) 
4 166 167 0 (-672 712 -96 ) (-672 832 -96 ) (0 832 -96 ) (0 712 -96 ) 
4 167 170 0 (-672 712 -104 ) (-672 720 -104 ) (0 720 -104 ) (0 712 -104 ) 
4 167 168 0 (-672 720 -104 ) (-672 832 -104 ) (0 832 -104 ) (0 720 -104 ) 
4 168 170 0 (0 720 -128 ) (0 720 -104 ) (-672 720 -104 ) (-672 720 -128 ) 
4 169 178 0 (-672 720 -256 ) (-592 720 -256 ) (-592 720 -144 ) (-672 720 -144 ) 
4 169 177 0 (-560 720 -256 ) (-400 720 -256 ) (-400 720 -144 ) (-560 720 -144 ) 
4 169 176 0 (-368 720 -256 ) (-144 720 -256 ) (-144 720 -144 ) (-368 720 -144 ) 
4 169 175 0 (-112 720 -256 ) (0 720 -256 ) (0 720 -144 ) (-112 720 -144 ) 
4 170 174 0 (-672 712 -128 ) (-584 712 -128 ) (-584 712 -104 ) (-672 712 -104 ) 
4 170 173 0 (-568 712 -128 ) (-392 712 -128 ) (-392 712 -104 ) (-568 712 -104 ) 
4 170 172 0 (-376 712 -128 ) (-136 712 -128 ) (-136 712 -104 ) (-376 712 -104 ) 
4 170 171 0 (-120 712 -128 ) (0 712 -128 ) (0 712 -104 ) (-120 712 -104 ) 
4 171 179 0 (-120 704 -128 ) (0 704 -128 ) (0 704 -104 ) (-120 704 -104 ) 
4 172 179 0 (-376 704 -128 ) (-136 704 -128 ) (-136 704 -104 ) (-376 704 -104 ) 
4 173 179 0 (-568 704 -128 ) (-392 704 -128 ) (-392 704 -104 ) (-568 704 -104 ) 
4 174 179 0 (-672 704 -104 ) (-672 704 -128 ) (-584 704 -128 ) (-584 704 -104 ) 
4 175 179 0 (-112 704 -256 ) (0 704 -256 ) (0 704 -144 ) (-112 704 -144 ) 
4 176 179 0 (-368 704 -256 ) (-144 704 -256 ) (-144 704 -144 ) (-368 704 -144 ) 
4 177 179 0 (-560 704 -256 ) (-400 704 -256 ) (-400 704 -144 ) (-560 704 -144 ) 
4 178 179 0 (-672 704 -144 ) (-672 704 -256 ) (-592 704 -256 ) (-592 704 -144 ) 
4 179 181 0 (-352 480 -256 ) (0 480 -256 ) (0 480 -128 ) (-608 480 -128 ) 
4 179 180 0 (-672 480 0 ) (-672 480 -128 ) (0 480 -128 ) (0 480 0 ) 
4 180 183 0 (-672 320 0 ) (-672 448 0 ) (-672 448 -128 ) (-672 320 -128 ) 
4 180 181 0 (0 288 -128 ) (-608 288 -128 ) (-608 480 -128 ) (0 480 -128 ) 
4 181 182 0 (-64 288 -256 ) (0 288 -256 ) (0 288 -128 ) (-64 288 -128 ) 
4 182 184 0 (0 256 -256 ) (0 256 -128 ) (-64 256 -128 ) (-64 256 -256 ) 
4 183 185 0 (-832 320 0 ) (-832 448 0 ) (-832 448 -128 ) (-832 320 -128 ) 
4 186 187 0 (-32 -32 144 ) (-32 -224 144 ) (-32 -224 160 ) (-32 -32 160 ) 
4 186 188 0 (0 -224 144 ) (-32 -224 144 ) (-32 -32 144 ) (0 -32 144 ) 
4 187 188 0 (-32 -224 144 ) (-224 -224 144 ) (-224 0 144 ) (-32 0 144 ) 
4 0 (704 1216 208 ) (832 1216 208 ) (832 1216 224 ) (704 1216 224 ) 
4 0 (704 1216 224 ) (704 1728 224 ) (704 1728 208 ) (704 1216 208 ) 
4 0 (704 1216 224 ) (832 1216 224 ) (832 1728 224 ) (704 1728 224 ) 
4 0 (832 1728 208 ) (832 1728 224 ) (832 1216 224 ) (832 1216 208 ) 
4 0 (704 1728 224 ) (832 1728 224 ) (832 1728 208 ) (704 1728 208 ) 
4 1 (448 1216 208 ) (672 1216 208 ) (672 1216 224 ) (448 1216 224 ) 
4 1 (448 1216 224 ) (448 1728 224 ) (448 1728 208 ) (448 1216 208 ) 
4 1 (448 1216 224 ) (672 1216 224 ) (672 1728 224 ) (448 1728 224 ) 
4 1 (448 1728 224 ) (672 1728 224 ) (672 1728 208 ) (448 1728 208 ) 
4 1 (672 1216 208 ) (672 1728 208 ) (672 1728 224 ) (672 1216 224 ) 
4 2 (288 1216 208 ) (416 1216 208 ) (416 1216 224 ) (288 1216 224 ) 
4 2 (192 1216 208 ) (288 1216 208 ) (288 1216 224 ) (192 1216 224 ) 
4 2 (192 1728 224 ) (416 1728 224 ) (416 1728 208 ) (192 1728 208 ) 
4 2 (192 1216 224 ) (416 1216 224 ) (416 1728 224 ) (192 1728 224 ) 
4 2 (192 1216 224 ) (192 1728 224 ) (192 1728 208 ) (192 1216 208 ) 
4 2 (416 1216 208 ) (416 1728 208 ) (416 1728 224 ) (416 1216 224 ) 
4 3 (0 1216 224 ) (0 1216 208 ) (160 1216 208 ) (160 1216 224 ) 
4 3 (160 1216 208 ) (160 1728 208 ) (160 1728 224 ) (160 1216 224 ) 
4 3 (160 1728 224 ) (160 1728 208 ) (0 1728 208 ) (0 1728 224 ) 
4 3 (0 1216 224 ) (160 1216 224 ) (160 1728 224 ) (0 1728 224 ) 
4 4 (160 1504 192 ) (192 1504 192 ) (192 1504 208 ) (160 1504 208 ) 
4 4 (416 1504 192 ) (448 1504 192 ) (448 1504 208 ) (416 1504 208 ) 
4 4 (672 1504 192 ) (704 1504 192 ) (704 1504 208 ) (672 1504 208 ) 
4 4 (448 1504 208 ) (448 1728 208 ) (416 1728 208 ) (416 1504 208 ) 
4 4 (192 1504 208 ) (192 1728 208 ) (160 1728 208 ) (160 1504 208 ) 
4 4 (704 1504 208 ) (704 1728 208 ) (672 1728 208 ) (672 1504 208 ) 
4 4 (832 1728 208 ) (832 1504 208 ) (832 1504 192 ) (832 1728 192 ) 
4 4 (0 1728 208 ) (832 1728 208 ) (832 1728 192 ) (0 1728 192 ) 
4 5 (832 1504 208 ) (832 1440 208 ) (832 1440 192 ) (832 1504 192 ) 
4 5 (704 1504 208 ) (704 1504 192 ) (704 1440 192 ) (704 1440 208 ) 
4 6 (448 1504 208 ) (448 1504 192 ) (448 1440 192 ) (448 1440 208 ) 
4 6 (672 1440 208 ) (672 1440 192 ) (672 1504 192 ) (672 1504 208 ) 
4 7 (416 1440 208 ) (416 1440 192 ) (416 1504 192 ) (416 1504 208 ) 
4 7 (192 1504 208 ) (192 1504 192 ) (192 1440 192 ) (192 1440 208 ) 
4 8 (160 1440 208 ) (160 1440 192 ) (160 1504 192 ) (160 1504 208 ) 
4 9 (288 1216 192 ) (416 1216 192 ) (416 1216 208 ) (288 1216 208 ) 
4 9 (0 1216 208 ) (0 1216 192 ) (288 1216 192 ) (288 1216 208 ) 
4 9 (416 1216 192 ) (832 1216 192 ) (832 1216 208 ) (416 1216 208 ) 
4 9 (160 1440 208 ) (192 1440 208 ) (192 1440 192 ) (160 1440 192 ) 
4 9 (416 1440 208 ) (448 1440 208 ) (448 1440 192 ) (416 1440 192 ) 
4 9 (672 1440 208 ) (704 1440 208 ) (704 1440 192 ) (672 1440 192 ) 
4 9 (448 1440 208 ) (416 1440 208 ) (416 1216 208 ) (448 1216 208 ) 
4 9 (192 1440 208 ) (160 1440 208 ) (160 1216 208 ) (192 1216 208 ) 
4 9 (704 1440 208 ) (672 1440 208 ) (672 1216 208 ) (704 1216 208 ) 
4 9 (832 1440 208 ) (832 1216 208 ) (832 1216 192 ) (832 1440 192 ) 
4 10 (0 1296 0 ) (0 1344 0 ) (96 1344 0 ) (96 1296 0 ) 
4 10 (288 1344 0 ) (416 1344 0 ) (416 1216 0 ) (288 1216 0 ) 
4 10 (0 1344 0 ) (0 1424 0 ) (96 1424 0 ) (96 1344 0 ) 
4 10 (576 1536 0 ) (448 1536 0 ) (448 1664 0 ) (576 1664 0 ) 
4 10 (416 1216 128 ) (416 1216 192 ) (288 1216 192 ) (288 1216 128 ) 
4 10 (0 1216 192 ) (0 1216 0 ) (288 1216 0 ) (288 1216 192 ) 
4 10 (416 1216 0 ) (832 1216 0 ) (832 1216 192 ) (416 1216 192 ) 
4 10 (832 1728 192 ) (832 1216 192 ) (832 1216 0 ) (832 1728 0 ) 
4 10 (160 1440 192 ) (192 1440 192 ) (192 1504 192 ) (160 1504 192 ) 
4 10 (416 1440 192 ) (448 1440 192 ) (448 1504 192 ) (416 1504 192 ) 
4 10 (672 1440 192 ) (704 1440 192 ) (704 1504 192 ) (672 1504 192 ) 
4 10 (0 1728 192 ) (832 1728 192 ) (832 1728 0 ) (0 1728 0 ) 
4 11 (288 1216 0 ) (416 1216 0 ) (416 1184 0 ) (288 1184 0 ) 
4 11 (288 1216 128 ) (288 1216 0 ) (288 1184 0 ) (288 1184 128 ) 
4 11 (416 1184 128 ) (416 1184 0 ) (416 1216 0 ) (416 1216 128 ) 
4 11 (416 1184 128 ) (416 1216 128 ) (288 1216 128 ) (288 1184 128 ) 
4 12 (224 1024 128 ) (160 1024 128 ) (160 1184 128 ) (224 1184 128 ) 
4 12 (32 1024 128 ) (0 1024 128 ) (0 1184 128 ) (32 1184 128 ) 
4 12 (224 1024 224 ) (224 1024 128 ) (224 1184 128 ) (224 1184 224 ) 
4 12 (224 1184 224 ) (224 1184 128 ) (0 1184 128 ) (0 1184 224 ) 
4 12 (0 1024 224 ) (224 1024 224 ) (224 1184 224 ) (0 1184 224 ) 
4 13 (640 1024 0 ) (736 1024 0 ) (736 1024 32 ) (640 1024 32 ) 
4 13 (832 1024 0 ) (544 1024 0 ) (544 1184 0 ) (832 1184 0 ) 
4 13 (544 1088 96 ) (544 1088 0 ) (544 1056 0 ) (544 1056 96 ) 
4 13 (544 1184 128 ) (832 1184 128 ) (832 1184 0 ) (544 1184 0 ) 
4 13 (832 1184 128 ) (544 1184 128 ) (544 1024 128 ) (832 1024 128 ) 
4 13 (832 1024 0 ) (832 1184 0 ) (832 1184 128 ) (832 1024 128 ) 
4 14 (256 1088 0 ) (256 1184 0 ) (544 1184 0 ) (544 1088 0 ) 
4 14 (384 1088 0 ) (544 1088 0 ) (544 1088 96 ) (384 1088 96 ) 
4 14 (256 1088 128 ) (256 1184 128 ) (256 1184 0 ) (256 1088 0 ) 
4 14 (544 1088 128 ) (544 1184 128 ) (256 1184 128 ) (256 1088 128 ) 
4 14 (416 1184 128 ) (544 1184 128 ) (544 1184 0 ) (416 1184 0 ) 
4 14 (256 1184 128 ) (288 1184 128 ) (288 1184 0 ) (256 1184 0 ) 
4 15 (448 1056 96 ) (480 1056 96 ) (480 1024 96 ) (448 1024 96 ) 
4 15 (384 1088 96 ) (544 1088 96 ) (544 1056 96 ) (384 1056 96 ) 
4 15 (544 1088 128 ) (256 1088 128 ) (256 1024 128 ) (544 1024 128 ) 
4 15 (256 1024 128 ) (256 1088 128 ) (256 1088 96 ) (256 1024 96 ) 
4 16 (256 1056 0 ) (256 1088 0 ) (384 1088 0 ) (384 1056 0 ) 
4 16 (256 1088 96 ) (256 1088 0 ) (256 1056 0 ) (256 1056 96 ) 
4 16 (384 1088 0 ) (384 1088 96 ) (384 1056 96 ) (384 1056 0 ) 
4 17 (544 1024 0 ) (480 1024 0 ) (480 1056 0 ) (544 1056 0 ) 
4 17 (480 1056 0 ) (480 1056 96 ) (544 1056 96 ) (544 1056 0 ) 
4 17 (480 1056 96 ) (480 1056 0 ) (480 1024 0 ) (480 1024 96 ) 
4 18 (448 1024 0 ) (256 1024 0 ) (256 1056 0 ) (448 1056 0 ) 
4 18 (448 1024 96 ) (448 1024 0 ) (448 1056 0 ) (448 1056 96 ) 
4 18 (256 1056 0 ) (256 1024 0 ) (256 1024 96 ) (256 1056 96 ) 
4 18 (448 1056 0 ) (384 1056 0 ) (384 1056 96 ) (448 1056 96 ) 
4 19 (32 1184 96 ) (32 1024 96 ) (32 1024 128 ) (32 1184 128 ) 
4 19 (32 1184 128 ) (160 1184 128 ) (160 1184 96 ) (32 1184 96 ) 
4 19 (160 1184 128 ) (160 1024 128 ) (160 1024 96 ) (160 1184 96 ) 
4 20 (160 1024 96 ) (224 1024 96 ) (224 1184 96 ) (160 1184 96 ) 
4 20 (0 1024 96 ) (32 1024 96 ) (32 1184 96 ) (0 1184 96 ) 
4 20 (224 1184 96 ) (224 1184 0 ) (0 1184 0 ) (0 1184 96 ) 
4 20 (224 1024 96 ) (224 1024 0 ) (224 1184 0 ) (224 1184 96 ) 
4 21 (448 1664 0 ) (448 1664 -128 ) (576 1664 -128 ) (576 1664 0 ) 
4 21 (448 1728 -128 ) (832 1728 -128 ) (832 1664 -128 ) (448 1664 -128 ) 
4 21 (832 1728 0 ) (832 1664 0 ) (832 1664 -128 ) (832 1728 -128 ) 
4 21 (448 1728 0 ) (832 1728 0 ) (832 1728 -128 ) (448 1728 -128 ) 
4 22 (832 1664 0 ) (832 1536 0 ) (832 1536 -128 ) (832 1664 -128 ) 
4 22 (832 1664 -128 ) (832 1536 -128 ) (576 1536 -128 ) (576 1664 -128 ) 
4 22 (576 1664 0 ) (576 1664 -128 ) (576 1536 -128 ) (576 1536 0 ) 
4 23 (448 1664 0 ) (448 1536 0 ) (448 1536 -128 ) (448 1664 -128 ) 
4 23 (0 1728 0 ) (448 1728 0 ) (448 1728 -128 ) (0 1728 -128 ) 
4 23 (0 1536 -128 ) (0 1728 -128 ) (448 1728 -128 ) (448 1536 -128 ) 
4 24 (0 1424 -128 ) (96 1424 -128 ) (96 1424 0 ) (0 1424 0 ) 
4 24 (0 1424 -128 ) (0 1536 -128 ) (832 1536 -128 ) (832 1424 -128 ) 
4 24 (832 1536 0 ) (832 1424 0 ) (832 1424 -128 ) (832 1536 -128 ) 
4 24 (448 1536 0 ) (576 1536 0 ) (576 1536 -128 ) (448 1536 -128 ) 
4 25 (544 1344 -64 ) (512 1344 -64 ) (512 1344 -80 ) (544 1344 -80 ) 
4 25 (512 1344 -96 ) (576 1344 -96 ) (576 1344 -80 ) (512 1344 -80 ) 
4 25 (480 1344 -48 ) (480 1344 -96 ) (512 1344 -96 ) (512 1344 -48 ) 
4 25 (480 1344 -96 ) (480 1344 -112 ) (608 1344 -112 ) (608 1344 -96 ) 
4 25 (480 1344 -32 ) (448 1344 -32 ) (448 1344 -112 ) (480 1344 -112 ) 
4 25 (448 1344 -128 ) (640 1344 -128 ) (640 1344 -112 ) (448 1344 -112 ) 
4 25 (416 1344 -16 ) (416 1344 -128 ) (448 1344 -128 ) (448 1344 -16 ) 
4 25 (416 1344 0 ) (288 1344 0 ) (288 1344 -128 ) (416 1344 -128 ) 
4 25 (832 1424 0 ) (832 1344 0 ) (832 1344 -128 ) (832 1424 -128 ) 
4 25 (832 1344 -128 ) (96 1344 -128 ) (96 1424 -128 ) (832 1424 -128 ) 
4 25 (96 1424 0 ) (96 1424 -128 ) (96 1344 -128 ) (96 1344 0 ) 
4 26 (832 1216 0 ) (416 1216 0 ) (416 1216 -16 ) (832 1216 -16 ) 
4 26 (416 1216 -16 ) (416 1344 -16 ) (448 1344 -16 ) (448 1216 -16 ) 
4 26 (832 1216 0 ) (832 1216 -16 ) (832 1344 -16 ) (832 1344 0 ) 
4 26 (416 1344 0 ) (416 1344 -16 ) (416 1216 -16 ) (416 1216 0 ) 
4 27 (640 1216 -128 ) (832 1216 -128 ) (832 1216 -16 ) (640 1216 -16 ) 
4 27 (640 1344 -128 ) (640 1216 -128 ) (640 1216 -112 ) (640 1344 -112 ) 
4 27 (832 1216 -128 ) (640 1216 -128 ) (640 1344 -128 ) (832 1344 -128 ) 
4 27 (832 1216 -16 ) (832 1216 -128 ) (832 1344 -128 ) (832 1344 -16 ) 
4 28 (640 1216 -32 ) (640 1216 -16 ) (448 1216 -16 ) (448 1216 -32 ) 
4 28 (448 1216 -32 ) (448 1344 -32 ) (480 1344 -32 ) (480 1216 -32 ) 
4 28 (448 1216 -32 ) (448 1216 -16 ) (448 1344 -16 ) (448 1344 -32 ) 
4 29 (640 1216 -112 ) (640 1216 -32 ) (608 1216 -32 ) (608 1216 -112 ) 
4 29 (608 1344 -112 ) (608 1216 -112 ) (608 1216 -96 ) (608 1344 -96 ) 
4 29 (608 1344 -112 ) (640 1344 -112 ) (640 1216 -112 ) (608 1216 -112 ) 
4 30 (608 1216 -32 ) (480 1216 -32 ) (480 1216 -48 ) (608 1216 -48 ) 
4 30 (480 1216 -48 ) (480 1344 -48 ) (512 1344 -48 ) (512 1216 -48 ) 
4 30 (480 1216 -48 ) (480 1216 -32 ) (480 1344 -32 ) (480 1344 -48 ) 
4 31 (576 1216 -96 ) (608 1216 -96 ) (608 1216 -48 ) (576 1216 -48 ) 
4 31 (576 1344 -96 ) (576 1216 -96 ) (576 1216 -80 ) (576 1344 -80 ) 
4 31 (576 1344 -96 ) (608 1344 -96 ) (608 1216 -96 ) (576 1216 -96 ) 
4 32 (576 1216 -64 ) (576 1216 -48 ) (512 1216 -48 ) (512 1216 -64 ) 
4 32 (512 1216 -64 ) (512 1344 -64 ) (544 1344 -64 ) (544 1216 -64 ) 
4 32 (512 1216 -64 ) (512 1216 -48 ) (512 1344 -48 ) (512 1344 -64 ) 
4 33 (576 1216 -80 ) (576 1216 -64 ) (544 1216 -64 ) (544 1216 -80 ) 
4 33 (544 1344 -80 ) (576 1344 -80 ) (576 1216 -80 ) (544 1216 -80 ) 
4 33 (544 1344 -80 ) (544 1216 -80 ) (544 1216 -64 ) (544 1344 -64 ) 
4 34 (288 1296 0 ) (288 1296 -128 ) (288 1344 -128 ) (288 1344 0 ) 
4 34 (96 1344 -128 ) (288 1344 -128 ) (288 1296 -128 ) (96 1296 -128 ) 
4 34 (96 1344 0 ) (96 1344 -128 ) (96 1296 -128 ) (96 1296 0 ) 
4 35 (288 1216 0 ) (0 1216 0 ) (0 1216 -128 ) (288 1216 -128 ) 
4 35 (0 1296 0 ) (96 1296 0 ) (96 1296 -128 ) (0 1296 -128 ) 
4 35 (288 1296 -128 ) (288 1216 -128 ) (0 1216 -128 ) (0 1296 -128 ) 
4 35 (288 1296 0 ) (288 1216 0 ) (288 1216 -128 ) (288 1296 -128 ) 
4 36 (224 1024 0 ) (224 1024 -128 ) (224 1184 -128 ) (224 1184 0 ) 
4 36 (224 1184 -128 ) (0 1184 -128 ) (0 1184 0 ) (224 1184 0 ) 
4 36 (0 1184 -128 ) (224 1184 -128 ) (224 1024 -128 ) (0 1024 -128 ) 
4 37 (160 1024 128 ) (224 1024 128 ) (224 864 128 ) (160 864 128 ) 
4 37 (0 864 128 ) (0 1024 128 ) (32 1024 128 ) (32 864 128 ) 
4 37 (0 864 224 ) (0 864 128 ) (224 864 128 ) (224 864 224 ) 
4 37 (224 864 224 ) (224 864 128 ) (224 1024 128 ) (224 1024 224 ) 
4 37 (224 1024 224 ) (0 1024 224 ) (0 864 224 ) (224 864 224 ) 
4 38 (32 0 160 ) (32 32 160 ) (32 32 144 ) (32 0 144 ) 
4 38 (32 0 160 ) (224 0 160 ) (224 224 160 ) (32 224 160 ) 
4 38 (224 224 160 ) (224 0 160 ) (224 0 128 ) (224 224 128 ) 
4 38 (32 224 160 ) (224 224 160 ) (224 224 128 ) (32 224 128 ) 
4 39 (0 32 160 ) (32 32 160 ) (32 224 160 ) (0 224 160 ) 
4 39 (32 224 160 ) (32 224 144 ) (0 224 144 ) (0 224 160 ) 
4 39 (0 32 144 ) (32 32 144 ) (32 32 160 ) (0 32 160 ) 
4 40 (0 32 144 ) (0 0 144 ) (32 0 144 ) (32 32 144 ) 
4 40 (32 224 144 ) (32 224 128 ) (0 224 128 ) (0 224 144 ) 
4 41 (960 0 0 ) (896 0 0 ) (896 384 0 ) (960 384 0 ) 
4 41 (896 320 0 ) (896 0 0 ) (896 0 32 ) (896 320 32 ) 
4 41 (960 384 32 ) (896 384 32 ) (896 0 32 ) (960 0 32 ) 
4 41 (960 384 0 ) (896 384 0 ) (896 384 32 ) (960 384 32 ) 
4 41 (960 0 32 ) (960 0 0 ) (960 384 0 ) (960 384 32 ) 
4 42 (832 320 0 ) (832 384 0 ) (896 384 0 ) (896 320 0 ) 
4 42 (896 320 32 ) (896 384 32 ) (832 384 32 ) (832 320 32 ) 
4 42 (896 384 0 ) (832 384 0 ) (832 384 32 ) (896 384 32 ) 
4 42 (896 320 0 ) (896 320 32 ) (832 320 32 ) (832 320 0 ) 
4 43 (736 1024 0 ) (832 1024 0 ) (832 832 0 ) (736 832 0 ) 
4 43 (736 1024 0 ) (736 832 0 ) (736 832 32 ) (736 1024 32 ) 
4 43 (736 832 128 ) (832 832 128 ) (832 1024 128 ) (736 1024 128 ) 
4 43 (832 832 32 ) (832 1024 32 ) (832 1024 128 ) (832 832 128 ) 
4 43 (832 1024 32 ) (832 832 32 ) (832 832 0 ) (832 1024 0 ) 
4 44 (640 832 128 ) (736 832 128 ) (736 1024 128 ) (640 1024 128 ) 
4 44 (640 832 32 ) (640 1024 32 ) (736 1024 32 ) (736 832 32 ) 
4 45 (576 1024 0 ) (640 1024 0 ) (640 832 0 ) (576 832 0 ) 
4 45 (640 1024 32 ) (640 832 32 ) (640 832 0 ) (640 1024 0 ) 
4 45 (576 832 128 ) (640 832 128 ) (640 1024 128 ) (576 1024 128 ) 
4 46 (832 832 0 ) (832 288 0 ) (576 288 0 ) (576 832 0 ) 
4 46 (576 288 0 ) (832 288 0 ) (832 288 128 ) (576 288 128 ) 
4 46 (576 640 0 ) (576 288 0 ) (576 288 128 ) (576 640 128 ) 
4 46 (640 832 32 ) (736 832 32 ) (736 832 0 ) (640 832 0 ) 
4 46 (576 832 128 ) (576 288 128 ) (832 288 128 ) (832 832 128 ) 
4 46 (832 288 32 ) (832 832 32 ) (832 832 128 ) (832 288 128 ) 
4 46 (832 832 32 ) (832 384 32 ) (832 384 0 ) (832 832 0 ) 
4 46 (832 320 32 ) (832 288 32 ) (832 288 0 ) (832 320 0 ) 
4 47 (480 1024 0 ) (576 1024 0 ) (576 864 0 ) (480 864 0 ) 
4 47 (480 1024 0 ) (480 864 0 ) (480 864 96 ) (480 1024 96 ) 
4 47 (480 864 128 ) (576 864 128 ) (576 1024 128 ) (480 1024 128 ) 
4 48 (448 864 128 ) (480 864 128 ) (480 1024 128 ) (448 1024 128 ) 
4 48 (480 1024 96 ) (480 864 96 ) (448 864 96 ) (448 1024 96 ) 
4 49 (576 864 0 ) (576 640 0 ) (448 640 0 ) (448 864 0 ) 
4 49 (448 640 0 ) (544 640 0 ) (544 640 128 ) (448 640 128 ) 
4 49 (544 640 0 ) (576 640 0 ) (576 640 128 ) (544 640 128 ) 
4 49 (480 864 96 ) (480 864 0 ) (448 864 0 ) (448 864 96 ) 
4 49 (448 864 128 ) (448 640 128 ) (576 640 128 ) (576 864 128 ) 
4 50 (256 640 0 ) (256 1024 0 ) (448 1024 0 ) (448 640 0 ) 
4 50 (256 1024 0 ) (256 640 0 ) (256 640 128 ) (256 1024 128 ) 
4 50 (384 640 0 ) (448 640 0 ) (448 640 128 ) (384 640 128 ) 
4 50 (448 1024 96 ) (448 864 96 ) (448 864 0 ) (448 1024 0 ) 
4 50 (448 640 128 ) (448 1024 128 ) (256 1024 128 ) (256 640 128 ) 
4 51 (256 608 0 ) (256 640 0 ) (384 640 0 ) (384 608 0 ) 
4 51 (256 640 0 ) (256 608 0 ) (256 608 128 ) (256 640 128 ) 
4 51 (384 608 128 ) (384 640 128 ) (256 640 128 ) (256 608 128 ) 
4 51 (384 608 128 ) (384 608 0 ) (384 640 0 ) (384 640 128 ) 
4 52 (364 608 0 ) (544 608 0 ) (544 468 0 ) (364 468 0 ) 
4 52 (364 468 8 ) (364 468 0 ) (372 468 0 ) (372 468 8 ) 
4 52 (364 468 24 ) (364 468 16 ) (372 468 16 ) (372 468 24 ) 
4 52 (384 608 128 ) (544 608 128 ) (544 608 0 ) (384 608 0 ) 
4 52 (544 608 128 ) (544 468 128 ) (544 468 0 ) (544 608 0 ) 
4 52 (364 468 128 ) (544 468 128 ) (544 608 128 ) (364 608 128 ) 
4 53 (544 468 0 ) (544 288 0 ) (372 288 0 ) (372 468 0 ) 
4 53 (464 288 96 ) (464 288 128 ) (372 288 128 ) (372 288 96 ) 
4 53 (464 288 0 ) (544 288 0 ) (544 288 128 ) (464 288 128 ) 
4 53 (372 468 8 ) (372 468 0 ) (372 460 0 ) (372 460 8 ) 
4 53 (372 468 24 ) (372 468 16 ) (372 460 16 ) (372 460 24 ) 
4 53 (372 468 128 ) (372 288 128 ) (544 288 128 ) (544 468 128 ) 
4 53 (544 468 128 ) (544 288 128 ) (544 288 0 ) (544 468 0 ) 
4 54 (372 460 128 ) (372 468 128 ) (364 468 128 ) (364 460 128 ) 
4 54 (372 460 24 ) (364 460 24 ) (364 468 24 ) (372 468 24 ) 
4 55 (372 468 16 ) (364 468 16 ) (364 460 16 ) (372 460 16 ) 
4 55 (372 460 8 ) (364 460 8 ) (364 468 8 ) (372 468 8 ) 
4 56 (372 288 0 ) (364 288 0 ) (364 460 0 ) (372 460 0 ) 
4 56 (372 288 96 ) (372 288 128 ) (364 288 128 ) (364 288 96 ) 
4 56 (372 460 8 ) (372 460 0 ) (364 460 0 ) (364 460 8 ) 
4 56 (372 460 24 ) (372 460 16 ) (364 460 16 ) (364 460 24 ) 
4 56 (372 460 128 ) (364 460 128 ) (364 288 128 ) (372 288 128 ) 
4 57 (256 288 0 ) (256 608 0 ) (364 608 0 ) (364 288 0 ) 
4 57 (256 608 0 ) (256 288 0 ) (256 288 128 ) (256 608 128 ) 
4 57 (364 288 96 ) (364 288 128 ) (336 288 128 ) (336 288 96 ) 
4 57 (256 288 128 ) (256 288 0 ) (336 288 0 ) (336 288 128 ) 
4 57 (364 468 8 ) (364 460 8 ) (364 460 0 ) (364 468 0 ) 
4 57 (364 468 16 ) (364 468 24 ) (364 460 24 ) (364 460 16 ) 
4 57 (364 288 128 ) (364 608 128 ) (256 608 128 ) (256 288 128 ) 
4 58 (336 288 0 ) (464 288 0 ) (464 256 0 ) (336 256 0 ) 
4 58 (336 288 96 ) (336 288 0 ) (336 256 0 ) (336 256 96 ) 
4 58 (464 256 96 ) (464 256 0 ) (464 288 0 ) (464 288 96 ) 
4 58 (464 256 96 ) (464 288 96 ) (336 288 96 ) (336 256 96 ) 
4 59 (256 32 0 ) (256 256 0 ) (608 256 0 ) (608 32 0 ) 
4 59 (256 32 96 ) (256 32 128 ) (256 64 128 ) (256 64 96 ) 
4 59 (256 256 0 ) (256 64 0 ) (256 64 128 ) (256 256 128 ) 
4 59 (544 32 0 ) (552 32 0 ) (552 32 32 ) (544 32 32 ) 
4 59 (600 32 0 ) (608 32 0 ) (608 32 32 ) (600 32 32 ) 
4 59 (608 32 32 ) (608 32 40 ) (544 32 40 ) (544 32 32 ) 
4 59 (608 32 128 ) (608 32 0 ) (608 256 0 ) (608 256 128 ) 
4 59 (336 256 96 ) (336 256 128 ) (464 256 128 ) (464 256 96 ) 
4 59 (336 256 128 ) (336 256 0 ) (256 256 0 ) (256 256 128 ) 
4 59 (464 256 128 ) (608 256 128 ) (608 256 0 ) (464 256 0 ) 
4 59 (608 32 128 ) (608 256 128 ) (256 256 128 ) (256 32 128 ) 
4 60 (608 32 128 ) (544 32 128 ) (544 0 128 ) (608 0 128 ) 
4 60 (608 32 40 ) (608 32 128 ) (608 0 128 ) (608 0 40 ) 
4 60 (544 0 40 ) (544 32 40 ) (608 32 40 ) (608 0 40 ) 
4 61 (552 32 0 ) (600 32 0 ) (600 24 0 ) (552 24 0 ) 
4 61 (600 32 0 ) (600 32 32 ) (600 24 32 ) (600 24 0 ) 
4 61 (552 24 32 ) (600 24 32 ) (600 32 32 ) (552 32 32 ) 
4 61 (552 24 0 ) (552 24 32 ) (552 32 32 ) (552 32 0 ) 
4 62 (608 0 0 ) (544 0 0 ) (544 24 0 ) (608 24 0 ) 
4 62 (552 24 0 ) (544 24 0 ) (544 24 32 ) (552 24 32 ) 
4 62 (600 24 0 ) (600 24 32 ) (608 24 32 ) (608 24 0 ) 
4 62 (608 24 32 ) (608 0 32 ) (608 0 0 ) (608 24 0 ) 
4 62 (608 0 32 ) (608 24 32 ) (544 24 32 ) (544 0 32 ) 
4 63 (544 0 0 ) (256 0 0 ) (256 32 0 ) (544 32 0 ) 
4 63 (256 0 96 ) (256 0 128 ) (256 32 128 ) (256 32 96 ) 
4 63 (544 24 32 ) (544 24 0 ) (544 32 0 ) (544 32 32 ) 
4 63 (544 0 40 ) (544 0 32 ) (544 32 32 ) (544 32 40 ) 
4 63 (544 32 128 ) (256 32 128 ) (256 0 128 ) (544 0 128 ) 
4 64 (256 0 0 ) (224 0 0 ) (224 64 0 ) (256 64 0 ) 
4 64 (256 64 96 ) (256 64 0 ) (224 64 0 ) (224 64 96 ) 
4 64 (256 0 96 ) (256 64 96 ) (224 64 96 ) (224 0 96 ) 
4 65 (160 864 128 ) (32 864 128 ) (32 864 96 ) (160 864 96 ) 
4 65 (32 1024 96 ) (32 864 96 ) (32 864 128 ) (32 1024 128 ) 
4 65 (160 1024 128 ) (160 864 128 ) (160 864 96 ) (160 1024 96 ) 
4 66 (0 864 0 ) (224 864 0 ) (224 864 96 ) (0 864 96 ) 
4 66 (224 1024 96 ) (160 1024 96 ) (160 864 96 ) (224 864 96 ) 
4 66 (32 1024 96 ) (0 1024 96 ) (0 864 96 ) (32 864 96 ) 
4 66 (224 1024 96 ) (224 864 96 ) (224 864 0 ) (224 1024 0 ) 
4 67 (16 528 48 ) (16 592 48 ) (16 592 32 ) (16 528 32 ) 
4 67 (16 288 48 ) (16 288 64 ) (16 832 64 ) (16 832 48 ) 
4 67 (224 832 64 ) (16 832 64 ) (16 288 64 ) (224 288 64 ) 
4 67 (224 832 64 ) (224 288 64 ) (224 288 0 ) (224 832 0 ) 
4 67 (16 832 64 ) (224 832 64 ) (224 832 0 ) (16 832 0 ) 
4 67 (16 288 0 ) (224 288 0 ) (224 288 64 ) (16 288 64 ) 
4 68 (0 592 48 ) (16 592 48 ) (16 832 48 ) (0 832 48 ) 
4 68 (0 832 32 ) (0 832 48 ) (16 832 48 ) (16 832 32 ) 
4 68 (0 592 32 ) (16 592 32 ) (16 592 48 ) (0 592 48 ) 
4 69 (16 592 32 ) (0 592 32 ) (0 528 32 ) (16 528 32 ) 
4 69 (0 832 32 ) (16 832 32 ) (16 832 0 ) (0 832 0 ) 
4 70 (0 528 32 ) (0 528 48 ) (16 528 48 ) (16 528 32 ) 
4 70 (0 528 48 ) (0 288 48 ) (16 288 48 ) (16 528 48 ) 
4 70 (0 288 0 ) (16 288 0 ) (16 288 48 ) (0 288 48 ) 
4 71 (224 0 0 ) (0 0 0 ) (0 224 0 ) (224 224 0 ) 
4 71 (0 224 128 ) (224 224 128 ) (224 224 0 ) (0 224 0 ) 
4 71 (224 224 128 ) (224 64 128 ) (224 64 0 ) (224 224 0 ) 
4 71 (224 64 96 ) (224 64 128 ) (224 0 128 ) (224 0 96 ) 
4 72 (224 864 -128 ) (224 864 0 ) (128 864 0 ) (128 864 -128 ) 
4 72 (224 864 -128 ) (224 1024 -128 ) (224 1024 0 ) (224 864 0 ) 
4 72 (224 864 -128 ) (0 864 -128 ) (0 1024 -128 ) (224 1024 -128 ) 
4 73 (0 832 -128 ) (0 832 0 ) (0 864 0 ) (0 864 -128 ) 
4 73 (128 832 -128 ) (0 832 -128 ) (0 864 -128 ) (128 864 -128 ) 
4 73 (128 832 0 ) (128 864 0 ) (0 864 0 ) (0 832 0 ) 
4 73 (128 832 0 ) (128 832 -128 ) (128 864 -128 ) (128 864 0 ) 
4 74 (224 704 -96 ) (0 704 -96 ) (0 712 -96 ) (224 712 -96 ) 
4 74 (128 832 -96 ) (128 832 0 ) (224 832 0 ) (224 832 -96 ) 
4 74 (224 704 -96 ) (224 832 -96 ) (224 832 0 ) (224 704 0 ) 
4 75 (224 712 -96 ) (224 712 -104 ) (224 832 -104 ) (224 832 -96 ) 
4 75 (128 832 -104 ) (128 832 -96 ) (224 832 -96 ) (224 832 -104 ) 
4 75 (0 712 -104 ) (224 712 -104 ) (224 712 -96 ) (0 712 -96 ) 
4 76 (120 712 -104 ) (120 712 -128 ) (136 712 -128 ) (136 712 -104 ) 
4 76 (128 832 -128 ) (128 832 -104 ) (224 832 -104 ) (224 832 -128 ) 
4 76 (224 712 -104 ) (224 712 -128 ) (224 832 -128 ) (224 832 -104 ) 
4 76 (120 712 -128 ) (120 832 -128 ) (224 832 -128 ) (224 712 -128 ) 
4 77 (224 704 -128 ) (136 704 -128 ) (136 712 -128 ) (224 712 -128 ) 
4 77 (224 712 -104 ) (136 712 -104 ) (136 704 -104 ) (224 704 -104 ) 
4 77 (224 712 -104 ) (224 704 -104 ) (224 704 -128 ) (224 712 -128 ) 
4 77 (136 712 -104 ) (136 712 -128 ) (136 704 -128 ) (136 704 -104 ) 
4 78 (120 712 -104 ) (120 704 -104 ) (120 704 -128 ) (120 712 -128 ) 
4 78 (120 704 -128 ) (0 704 -128 ) (0 832 -128 ) (120 832 -128 ) 
4 78 (120 712 -104 ) (0 712 -104 ) (0 704 -104 ) (120 704 -104 ) 
4 79 (112 720 -256 ) (144 720 -256 ) (144 720 -144 ) (112 720 -144 ) 
4 79 (0 832 -256 ) (0 832 -144 ) (224 832 -144 ) (224 832 -256 ) 
4 79 (224 720 -144 ) (224 720 -256 ) (224 832 -256 ) (224 832 -144 ) 
4 79 (0 720 -256 ) (0 832 -256 ) (224 832 -256 ) (224 720 -256 ) 
4 79 (224 720 -144 ) (224 832 -144 ) (0 832 -144 ) (0 720 -144 ) 
4 80 (224 720 -144 ) (224 704 -144 ) (224 704 -256 ) (224 720 -256 ) 
4 80 (224 704 -256 ) (144 704 -256 ) (144 720 -256 ) (224 720 -256 ) 
4 80 (224 720 -144 ) (144 720 -144 ) (144 704 -144 ) (224 704 -144 ) 
4 80 (144 720 -144 ) (144 720 -256 ) (144 704 -256 ) (144 704 -144 ) 
4 81 (112 704 -144 ) (112 704 -256 ) (112 720 -256 ) (112 720 -144 ) 
4 81 (112 720 -144 ) (0 720 -144 ) (0 704 -144 ) (112 704 -144 ) 
4 81 (112 704 -256 ) (0 704 -256 ) (0 720 -256 ) (112 720 -256 ) 
4 82 (64 288 0 ) (0 288 0 ) (0 288 -128 ) (64 288 -128 ) 
4 82 (224 288 -160 ) (224 288 0 ) (64 288 0 ) (64 288 -160 ) 
4 82 (32 448 -160 ) (32 544 -160 ) (128 544 -160 ) (128 448 -160 ) 
4 82 (224 288 -160 ) (224 704 -160 ) (224 704 0 ) (224 288 0 ) 
4 82 (0 704 -104 ) (0 704 -96 ) (224 704 -96 ) (224 704 -104 ) 
4 82 (0 704 -144 ) (0 704 -128 ) (224 704 -128 ) (224 704 -144 ) 
4 82 (136 704 -128 ) (120 704 -128 ) (120 704 -104 ) (136 704 -104 ) 
4 82 (144 704 -160 ) (112 704 -160 ) (112 704 -144 ) (144 704 -144 ) 
4 83 (32 544 -160 ) (32 544 -256 ) (128 544 -256 ) (128 544 -160 ) 
4 83 (144 704 -160 ) (144 704 -256 ) (112 704 -256 ) (112 704 -160 ) 
4 83 (224 544 -160 ) (224 544 -256 ) (224 704 -256 ) (224 704 -160 ) 
4 83 (32 544 -256 ) (32 704 -256 ) (224 704 -256 ) (224 544 -256 ) 
4 84 (224 288 -256 ) (224 288 -160 ) (128 288 -160 ) (128 288 -256 ) 
4 84 (128 544 -160 ) (128 544 -256 ) (128 448 -256 ) (128 448 -160 ) 
4 84 (224 288 -256 ) (128 288 -256 ) (128 544 -256 ) (224 544 -256 ) 
4 84 (224 544 -160 ) (224 288 -160 ) (224 288 -256 ) (224 544 -256 ) 
4 85 (128 288 -160 ) (64 288 -160 ) (64 288 -256 ) (128 288 -256 ) 
4 85 (128 288 -256 ) (32 288 -256 ) (32 448 -256 ) (128 448 -256 ) 
4 85 (128 448 -160 ) (128 448 -256 ) (32 448 -256 ) (32 448 -160 ) 
4 86 (32 544 -160 ) (32 448 -160 ) (32 448 -256 ) (32 544 -256 ) 
4 86 (32 288 -256 ) (0 288 -256 ) (0 704 -256 ) (32 704 -256 ) 
4 87 (64 256 -128 ) (64 256 -256 ) (64 288 -256 ) (64 288 -128 ) 
4 87 (64 256 -256 ) (0 256 -256 ) (0 288 -256 ) (64 288 -256 ) 
4 87 (0 256 -128 ) (64 256 -128 ) (64 288 -128 ) (0 288 -128 ) 
4 88 (224 64 -256 ) (224 64 -96 ) (0 64 -96 ) (0 64 -256 ) 
4 88 (224 64 -256 ) (224 256 -256 ) (224 256 -96 ) (224 64 -96 ) 
4 88 (64 256 -256 ) (64 256 -96 ) (224 256 -96 ) (224 256 -256 ) 
4 88 (64 256 -96 ) (64 256 -128 ) (0 256 -128 ) (0 256 -96 ) 
4 88 (0 64 -96 ) (224 64 -96 ) (224 256 -96 ) (0 256 -96 ) 
4 88 (224 64 -256 ) (0 64 -256 ) (0 256 -256 ) (224 256 -256 ) 
4 89 (544 -96 40 ) (544 0 40 ) (608 0 40 ) (608 -96 40 ) 
4 89 (608 -224 40 ) (608 -224 128 ) (544 -224 128 ) (544 -224 40 ) 
4 89 (608 -224 128 ) (608 -224 40 ) (608 0 40 ) (608 0 128 ) 
4 89 (608 0 128 ) (544 0 128 ) (544 -224 128 ) (608 -224 128 ) 
4 90 (608 -96 40 ) (608 -224 40 ) (608 -224 32 ) (608 -96 32 ) 
4 90 (544 -224 32 ) (608 -224 32 ) (608 -224 40 ) (544 -224 40 ) 
4 90 (544 -96 32 ) (544 -96 40 ) (608 -96 40 ) (608 -96 32 ) 
4 91 (256 0 128 ) (256 0 96 ) (256 -64 96 ) (256 -64 128 ) 
4 91 (256 -64 32 ) (256 -224 32 ) (256 -224 128 ) (256 -64 128 ) 
4 91 (544 0 40 ) (544 -96 40 ) (544 -96 32 ) (544 0 32 ) 
4 91 (544 0 128 ) (256 0 128 ) (256 -224 128 ) (544 -224 128 ) 
4 91 (256 -224 128 ) (256 -224 32 ) (544 -224 32 ) (544 -224 128 ) 
4 92 (960 -64 32 ) (608 -64 32 ) (608 -64 0 ) (960 -64 0 ) 
4 92 (544 -64 32 ) (608 -64 32 ) (608 0 32 ) (544 0 32 ) 
4 92 (608 -64 32 ) (960 -64 32 ) (960 0 32 ) (608 0 32 ) 
4 92 (256 -64 0 ) (256 0 0 ) (960 0 0 ) (960 -64 0 ) 
4 92 (608 0 32 ) (832 0 32 ) (832 0 0 ) (608 0 0 ) 
4 92 (832 0 32 ) (896 0 32 ) (896 0 0 ) (832 0 0 ) 
4 92 (960 0 32 ) (960 -64 32 ) (960 -64 0 ) (960 0 0 ) 
4 93 (256 -64 0 ) (256 -88 0 ) (256 -88 32 ) (256 -64 32 ) 
4 93 (552 -88 32 ) (544 -88 32 ) (544 -88 0 ) (552 -88 0 ) 
4 93 (608 -88 0 ) (608 -88 32 ) (600 -88 32 ) (600 -88 0 ) 
4 93 (608 -88 32 ) (608 -88 0 ) (608 -64 0 ) (608 -64 32 ) 
4 93 (544 -64 32 ) (544 -88 32 ) (608 -88 32 ) (608 -64 32 ) 
4 93 (256 -88 0 ) (256 -64 0 ) (608 -64 0 ) (608 -88 0 ) 
4 94 (552 -88 32 ) (552 -88 0 ) (552 -96 0 ) (552 -96 32 ) 
4 94 (600 -88 32 ) (552 -88 32 ) (552 -96 32 ) (600 -96 32 ) 
4 94 (552 -88 0 ) (600 -88 0 ) (600 -96 0 ) (552 -96 0 ) 
4 94 (600 -96 32 ) (600 -96 0 ) (600 -88 0 ) (600 -88 32 ) 
4 95 (256 -88 0 ) (256 -96 0 ) (256 -96 32 ) (256 -88 32 ) 
4 95 (256 -96 0 ) (256 -88 0 ) (544 -88 0 ) (544 -96 0 ) 
4 95 (544 -96 32 ) (544 -96 0 ) (544 -88 0 ) (544 -88 32 ) 
4 96 (256 -96 0 ) (256 -224 0 ) (256 -224 32 ) (256 -96 32 ) 
4 96 (608 -224 32 ) (256 -224 32 ) (256 -224 0 ) (608 -224 0 ) 
4 96 (552 -96 0 ) (544 -96 0 ) (544 -96 32 ) (552 -96 32 ) 
4 96 (608 -96 0 ) (600 -96 0 ) (600 -96 32 ) (608 -96 32 ) 
4 96 (256 -224 0 ) (256 -96 0 ) (608 -96 0 ) (608 -224 0 ) 
4 96 (608 -224 32 ) (608 -224 0 ) (608 -96 0 ) (608 -96 32 ) 
4 97 (224 -64 96 ) (224 -64 0 ) (256 -64 0 ) (256 -64 96 ) 
4 97 (224 -64 0 ) (224 0 0 ) (256 0 0 ) (256 -64 0 ) 
4 97 (256 0 96 ) (224 0 96 ) (224 -64 96 ) (256 -64 96 ) 
4 98 (32 0 144 ) (32 -32 144 ) (32 -32 160 ) (32 0 160 ) 
4 98 (224 0 160 ) (32 0 160 ) (32 -224 160 ) (224 -224 160 ) 
4 98 (32 -224 144 ) (224 -224 144 ) (224 -224 160 ) (32 -224 160 ) 
4 98 (224 -64 160 ) (224 -64 144 ) (224 0 144 ) (224 0 160 ) 
4 98 (224 -64 144 ) (224 -64 160 ) (224 -224 160 ) (224 -224 144 ) 
4 99 (0 -224 160 ) (0 -224 144 ) (32 -224 144 ) (32 -224 160 ) 
4 99 (32 -32 160 ) (0 -32 160 ) (0 -224 160 ) (32 -224 160 ) 
4 99 (0 -32 160 ) (32 -32 160 ) (32 -32 144 ) (0 -32 144 ) 
4 100 (32 -32 144 ) (32 0 144 ) (0 0 144 ) (0 -32 144 ) 
4 100 (0 -224 144 ) (0 -224 0 ) (224 -224 0 ) (224 -224 144 ) 
4 100 (224 -64 144 ) (224 -64 96 ) (224 0 96 ) (224 0 144 ) 
4 100 (224 -64 144 ) (224 -224 144 ) (224 -224 0 ) (224 -64 0 ) 
4 100 (0 -224 0 ) (0 0 0 ) (224 0 0 ) (224 -224 0 ) 
4 101 (0 1216 208 ) (0 1216 224 ) (-64 1216 224 ) (-64 1216 208 ) 
4 101 (-64 1728 208 ) (-64 1216 208 ) (-64 1216 224 ) (-64 1728 224 ) 
4 101 (-64 1728 224 ) (0 1728 224 ) (0 1728 208 ) (-64 1728 208 ) 
4 101 (0 1728 224 ) (-64 1728 224 ) (-64 1216 224 ) (0 1216 224 ) 
4 102 (-160 1216 224 ) (-224 1216 224 ) (-224 1216 208 ) (-160 1216 208 ) 
4 102 (-96 1216 224 ) (-160 1216 224 ) (-160 1216 208 ) (-96 1216 208 ) 
4 102 (-224 1216 224 ) (-320 1216 224 ) (-320 1216 208 ) (-224 1216 208 ) 
4 102 (-320 1728 208 ) (-320 1216 208 ) (-320 1216 224 ) (-320 1728 224 ) 
4 102 (-320 1728 224 ) (-96 1728 224 ) (-96 1728 208 ) (-320 1728 208 ) 
4 102 (-96 1728 224 ) (-320 1728 224 ) (-320 1216 224 ) (-96 1216 224 ) 
4 102 (-96 1728 224 ) (-96 1216 224 ) (-96 1216 208 ) (-96 1728 208 ) 
4 103 (-352 1216 224 ) (-480 1216 224 ) (-480 1216 208 ) (-352 1216 208 ) 
4 103 (-480 1216 208 ) (-480 1216 224 ) (-480 1632 224 ) (-480 1632 208 ) 
4 103 (-480 1632 224 ) (-480 1728 224 ) (-480 1728 208 ) (-480 1632 208 ) 
4 103 (-352 1728 224 ) (-352 1216 224 ) (-352 1216 208 ) (-352 1728 208 ) 
4 103 (-352 1728 224 ) (-480 1728 224 ) (-480 1216 224 ) (-352 1216 224 ) 
4 103 (-352 1728 224 ) (-352 1728 208 ) (-480 1728 208 ) (-480 1728 224 ) 
4 104 (-480 1504 208 ) (-480 1632 208 ) (-480 1632 192 ) (-480 1504 192 ) 
4 104 (-480 1632 208 ) (-480 1728 208 ) (-480 1728 192 ) (-480 1632 192 ) 
4 104 (-352 1504 192 ) (-320 1504 192 ) (-320 1504 208 ) (-352 1504 208 ) 
4 104 (-96 1504 192 ) (-64 1504 192 ) (-64 1504 208 ) (-96 1504 208 ) 
4 104 (0 1728 208 ) (0 1728 192 ) (-480 1728 192 ) (-480 1728 208 ) 
4 104 (-320 1504 208 ) (-320 1728 208 ) (-352 1728 208 ) (-352 1504 208 ) 
4 104 (-64 1504 208 ) (-64 1728 208 ) (-96 1728 208 ) (-96 1504 208 ) 
4 105 (-64 1504 208 ) (-64 1504 192 ) (-64 1440 192 ) (-64 1440 208 ) 
4 106 (-96 1440 208 ) (-96 1440 192 ) (-96 1504 192 ) (-96 1504 208 ) 
4 106 (-320 1504 208 ) (-320 1504 192 ) (-320 1440 192 ) (-320 1440 208 ) 
4 107 (-480 1440 208 ) (-480 1504 208 ) (-480 1504 192 ) (-480 1440 192 ) 
4 107 (-352 1440 208 ) (-352 1440 192 ) (-352 1504 192 ) (-352 1504 208 ) 
4 108 (-160 1216 208 ) (-224 1216 208 ) (-224 1216 192 ) (-160 1216 192 ) 
4 108 (0 1216 192 ) (0 1216 208 ) (-160 1216 208 ) (-160 1216 192 ) 
4 108 (-224 1216 208 ) (-480 1216 208 ) (-480 1216 192 ) (-224 1216 192 ) 
4 108 (-480 1216 192 ) (-480 1216 208 ) (-480 1440 208 ) (-480 1440 192 ) 
4 108 (-352 1440 208 ) (-320 1440 208 ) (-320 1440 192 ) (-352 1440 192 ) 
4 108 (-96 1440 208 ) (-64 1440 208 ) (-64 1440 192 ) (-96 1440 192 ) 
4 108 (-64 1440 208 ) (-96 1440 208 ) (-96 1216 208 ) (-64 1216 208 ) 
4 108 (-320 1440 208 ) (-352 1440 208 ) (-352 1216 208 ) (-320 1216 208 ) 
4 109 (0 1424 0 ) (0 1296 0 ) (-32 1296 0 ) (-32 1424 0 ) 
4 109 (0 1216 128 ) (0 1216 192 ) (-32 1216 192 ) (-32 1216 128 ) 
4 109 (-32 1216 0 ) (0 1216 0 ) (0 1216 128 ) (-32 1216 128 ) 
4 109 (-32 1424 0 ) (-32 1344 0 ) (-32 1344 32 ) (-32 1424 32 ) 
4 109 (0 1728 0 ) (-32 1728 0 ) (-32 1728 192 ) (0 1728 192 ) 
4 110 (-32 1216 128 ) (-32 1216 192 ) (-160 1216 192 ) (-160 1216 128 ) 
4 110 (-224 1216 192 ) (-480 1216 192 ) (-480 1216 128 ) (-224 1216 128 ) 
4 110 (-480 1216 128 ) (-480 1216 192 ) (-480 1632 192 ) (-480 1632 128 ) 
4 110 (-480 1632 192 ) (-480 1728 192 ) (-480 1728 128 ) (-480 1632 128 ) 
4 110 (-128 1312 128 ) (-256 1312 128 ) (-256 1424 128 ) (-128 1424 128 ) 
4 110 (-128 1424 128 ) (-256 1424 128 ) (-256 1632 128 ) (-128 1632 128 ) 
4 110 (-96 1440 192 ) (-64 1440 192 ) (-64 1504 192 ) (-96 1504 192 ) 
4 110 (-352 1440 192 ) (-320 1440 192 ) (-320 1504 192 ) (-352 1504 192 ) 
4 110 (-32 1728 128 ) (-480 1728 128 ) (-480 1728 192 ) (-32 1728 192 ) 
4 111 (-256 1632 128 ) (-256 1632 0 ) (-128 1632 0 ) (-128 1632 128 ) 
4 111 (-256 1728 128 ) (-32 1728 128 ) (-32 1728 0 ) (-256 1728 0 ) 
4 112 (-128 1632 0 ) (-32 1632 0 ) (-32 1504 0 ) (-128 1504 0 ) 
4 112 (-128 1424 0 ) (-32 1424 0 ) (-32 1424 32 ) (-128 1424 64 ) 
4 112 (-128 1632 128 ) (-128 1632 0 ) (-128 1424 0 ) (-128 1424 128 ) 
4 113 (-128 1344 63.998699 ) (-128 1424 63.998699 ) (-32 1424 31.998695 ) (-32 1344 31.998695 ) 
4 113 (-128 1424 128 ) (-128 1424 64.003181 ) (-128 1312 64.003181 ) (-128 1312 128 ) 
4 114 (-32 1344 0 ) (-32 1312 0 ) (-128 1312 0 ) (-128 1344 0 ) 
4 114 (-128 1312 0 ) (-128 1312 64.003181 ) (-128 1344 64.003181 ) (-128 1344 0 ) 
4 114 (-32 1344 32.003181 ) (-32 1344 0 ) (-128 1344 0 ) (-128 1344 64.003181 ) 
4 115 (-224 1296 0 ) (-224 1312 0 ) (-32 1312 0 ) (-32 1296 0 ) 
4 115 (-224 1216 0 ) (-32 1216 0 ) (-32 1216 128 ) (-224 1216 128 ) 
4 115 (-256 1216 0 ) (-224 1216 0 ) (-224 1216 128 ) (-256 1216 128 ) 
4 115 (-128 1312 64 ) (-128 1312 0 ) (-256 1312 0 ) (-256 1312 106.666664 ) 
4 115 (-128 1312 128 ) (-128 1312 64 ) (-256 1312 106.666664 ) (-256 1312 128 ) 
4 116 (-256 1632 0 ) (-256 1504 0 ) (-352 1504 0 ) (-352 1632 0 ) 
4 116 (-480 1216 0 ) (-256 1216 0 ) (-256 1216 128 ) (-480 1216 128 ) 
4 116 (-480 1312 0 ) (-480 1216 0 ) (-480 1216 64 ) (-480 1312 64 ) 
4 116 (-480 1216 64 ) (-480 1216 128 ) (-480 1632 128 ) (-480 1632 64 ) 
4 116 (-480 1728 0 ) (-480 1632 0 ) (-480 1632 128 ) (-480 1728 128 ) 
4 116 (-256 1312 106.666664 ) (-256 1312 0 ) (-256 1424 0 ) (-256 1424 106.666664 ) 
4 116 (-256 1312 106.666664 ) (-256 1424 106.666664 ) (-256 1424 128 ) (-256 1312 128 ) 
4 116 (-256 1424 0 ) (-256 1632 0 ) (-256 1632 128 ) (-256 1424 128 ) 
4 116 (-256 1728 128 ) (-256 1728 0 ) (-480 1728 0 ) (-480 1728 128 ) 
4 117 (-480 1312 64 ) (-480 1632 64 ) (-512 1632 64 ) (-512 1312 64 ) 
4 117 (-480 1632 64 ) (-480 1632 0 ) (-512 1632 0 ) (-512 1632 64 ) 
4 117 (-480 1312 0 ) (-480 1312 64 ) (-512 1312 64 ) (-512 1312 0 ) 
4 118 (-512 1216 80 ) (-512 1216 96 ) (-592 1216 96 ) (-592 1216 80 ) 
4 118 (-592 1504 80 ) (-592 1440 80 ) (-592 1440 96 ) (-592 1504 96 ) 
4 118 (-592 1216 96 ) (-512 1216 96 ) (-512 1728 96 ) (-592 1728 96 ) 
4 118 (-592 1728 80 ) (-592 1728 96 ) (-512 1728 96 ) (-512 1728 80 ) 
4 118 (-512 1632 80 ) (-512 1632 96 ) (-512 1216 96 ) (-512 1216 80 ) 
4 118 (-512 1728 80 ) (-512 1728 96 ) (-512 1632 96 ) (-512 1632 80 ) 
4 119 (-624 1504 96 ) (-624 1504 80 ) (-592 1504 80 ) (-592 1504 96 ) 
4 119 (-592 1728 80 ) (-624 1728 80 ) (-624 1728 96 ) (-592 1728 96 ) 
4 119 (-624 1504 96 ) (-592 1504 96 ) (-592 1728 96 ) (-624 1728 96 ) 
4 120 (-592 1216 96 ) (-624 1216 96 ) (-624 1216 80 ) (-592 1216 80 ) 
4 120 (-624 1440 96 ) (-624 1216 96 ) (-592 1216 96 ) (-592 1440 96 ) 
4 120 (-592 1440 96 ) (-592 1440 80 ) (-624 1440 80 ) (-624 1440 96 ) 
4 121 (-624 1216 0 ) (-512 1216 0 ) (-512 1216 80 ) (-624 1216 80 ) 
4 121 (-592 1440 80 ) (-592 1504 80 ) (-624 1504 80 ) (-624 1440 80 ) 
4 121 (-512 1728 80 ) (-512 1632 80 ) (-512 1632 0 ) (-512 1728 0 ) 
4 121 (-512 1632 64 ) (-512 1632 80 ) (-512 1216 80 ) (-512 1216 64 ) 
4 121 (-512 1312 64 ) (-512 1216 64 ) (-512 1216 0 ) (-512 1312 0 ) 
4 121 (-624 1728 80 ) (-512 1728 80 ) (-512 1728 0 ) (-624 1728 0 ) 
4 122 (-704 1216 0 ) (-624 1216 0 ) (-624 1216 96 ) (-704 1216 96 ) 
4 122 (-624 1440 80 ) (-624 1504 80 ) (-624 1504 96 ) (-624 1440 96 ) 
4 122 (-624 1216 96 ) (-624 1728 96 ) (-704 1728 96 ) (-704 1216 96 ) 
4 122 (-704 1728 96 ) (-624 1728 96 ) (-624 1728 0 ) (-704 1728 0 ) 
4 122 (-704 1728 96 ) (-704 1728 0 ) (-704 1216 0 ) (-704 1216 96 ) 
4 123 (-160 1184 192 ) (-160 1184 128 ) (-160 1216 128 ) (-160 1216 192 ) 
4 123 (-224 1216 192 ) (-224 1216 128 ) (-224 1184 128 ) (-224 1184 192 ) 
4 123 (-160 1184 128 ) (-224 1184 128 ) (-224 1216 128 ) (-160 1216 128 ) 
4 123 (-160 1184 192 ) (-160 1216 192 ) (-224 1216 192 ) (-224 1184 192 ) 
4 124 (-736 1024 128 ) (-800 1024 128 ) (-800 1184 128 ) (-736 1184 128 ) 
4 124 (-160 1024 128 ) (-224 1024 128 ) (-224 1184 128 ) (-160 1184 128 ) 
4 124 (-352 1024 128 ) (-416 1024 128 ) (-416 1184 128 ) (-352 1184 128 ) 
4 124 (-544 1024 128 ) (-608 1024 128 ) (-608 1184 128 ) (-544 1184 128 ) 
4 124 (0 1024 128 ) (-32 1024 128 ) (-32 1184 128 ) (0 1184 128 ) 
4 124 (-800 1184 224 ) (-800 1184 128 ) (-800 1024 128 ) (-800 1024 224 ) 
4 124 (-160 1184 224 ) (-160 1184 192 ) (-224 1184 192 ) (-224 1184 224 ) 
4 124 (-160 1184 128 ) (-160 1184 224 ) (0 1184 224 ) (0 1184 128 ) 
4 124 (-800 1184 128 ) (-800 1184 224 ) (-224 1184 224 ) (-224 1184 128 ) 
4 124 (0 1184 224 ) (-800 1184 224 ) (-800 1024 224 ) (0 1024 224 ) 
4 125 (-160 1184 96 ) (-160 1024 96 ) (-160 1024 128 ) (-160 1184 128 ) 
4 125 (-32 1184 128 ) (-32 1024 128 ) (-32 1024 96 ) (-32 1184 96 ) 
4 125 (-32 1184 96 ) (-160 1184 96 ) (-160 1184 128 ) (-32 1184 128 ) 
4 126 (-352 1184 96 ) (-352 1024 96 ) (-352 1024 128 ) (-352 1184 128 ) 
4 126 (-352 1184 96 ) (-352 1184 128 ) (-224 1184 128 ) (-224 1184 96 ) 
4 126 (-224 1184 128 ) (-224 1024 128 ) (-224 1024 96 ) (-224 1184 96 ) 
4 127 (-416 1184 128 ) (-416 1024 128 ) (-416 1024 96 ) (-416 1184 96 ) 
4 127 (-544 1184 96 ) (-544 1024 96 ) (-544 1024 128 ) (-544 1184 128 ) 
4 127 (-416 1184 96 ) (-544 1184 96 ) (-544 1184 128 ) (-416 1184 128 ) 
4 128 (-608 1184 96 ) (-736 1184 96 ) (-736 1184 128 ) (-608 1184 128 ) 
4 128 (-608 1184 128 ) (-608 1024 128 ) (-608 1024 96 ) (-608 1184 96 ) 
4 128 (-736 1184 96 ) (-736 1024 96 ) (-736 1024 128 ) (-736 1184 128 ) 
4 129 (-800 1024 96 ) (-800 1184 96 ) (-800 1184 0 ) (-800 1024 0 ) 
4 129 (-224 1184 96 ) (0 1184 96 ) (0 1184 0 ) (-224 1184 0 ) 
4 129 (-800 1184 96 ) (-224 1184 96 ) (-224 1184 0 ) (-800 1184 0 ) 
4 129 (0 1184 96 ) (-32 1184 96 ) (-32 1024 96 ) (0 1024 96 ) 
4 129 (-544 1184 96 ) (-608 1184 96 ) (-608 1024 96 ) (-544 1024 96 ) 
4 129 (-352 1184 96 ) (-416 1184 96 ) (-416 1024 96 ) (-352 1024 96 ) 
4 129 (-160 1184 96 ) (-224 1184 96 ) (-224 1024 96 ) (-160 1024 96 ) 
4 129 (-736 1184 96 ) (-800 1184 96 ) (-800 1024 96 ) (-736 1024 96 ) 
4 130 (-1024 1024 32 ) (-832 1024 32 ) (-832 1184 32 ) (-1024 1184 32 ) 
4 130 (-1024 1184 32 ) (-832 1184 32 ) (-832 1184 0 ) (-1024 1184 0 ) 
4 130 (-832 1024 32 ) (-832 1024 0 ) (-832 1184 0 ) (-832 1184 32 ) 
4 130 (-1024 1024 32 ) (-1024 1184 32 ) (-1024 1184 0 ) (-1024 1024 0 ) 
4 131 (-352 1632 0 ) (-352 1632 -128 ) (-32 1632 -128 ) (-32 1632 0 ) 
4 131 (-352 1728 -128 ) (0 1728 -128 ) (0 1632 -128 ) (-352 1632 -128 ) 
4 131 (-352 1728 0 ) (0 1728 0 ) (0 1728 -128 ) (-352 1728 -128 ) 
4 132 (-32 1424 -128 ) (0 1424 -128 ) (0 1424 0 ) (-32 1424 0 ) 
4 132 (-32 1632 0 ) (-32 1632 -128 ) (-32 1504 -128 ) (-32 1504 0 ) 
4 132 (0 1632 -128 ) (0 1424 -128 ) (-32 1424 -128 ) (-32 1632 -128 ) 
4 133 (-224 1424 -128 ) (-32 1424 -128 ) (-32 1424 0 ) (-224 1424 0 ) 
4 133 (-32 1424 -128 ) (-352 1424 -128 ) (-352 1504 -128 ) (-32 1504 -128 ) 
4 133 (-128 1424 0 ) (-128 1504 0 ) (-256 1504 0 ) (-256 1424 0 ) 
4 133 (-32 1504 0 ) (-32 1504 -128 ) (-352 1504 -128 ) (-352 1504 0 ) 
4 134 (-480 1632 0 ) (-480 1728 0 ) (-480 1728 -128 ) (-480 1632 -128 ) 
4 134 (-352 1632 0 ) (-352 1504 0 ) (-352 1504 -128 ) (-352 1632 -128 ) 
4 134 (-352 1728 0 ) (-352 1728 -128 ) (-480 1728 -128 ) (-480 1728 0 ) 
4 134 (-480 1424 -128 ) (-480 1728 -128 ) (-352 1728 -128 ) (-352 1424 -128 ) 
4 135 (0 1216 -128 ) (0 1216 0 ) (-224 1216 0 ) (-224 1216 -128 ) 
4 135 (0 1216 -128 ) (-224 1216 -128 ) (-224 1296 -128 ) (0 1296 -128 ) 
4 135 (0 1296 0 ) (0 1296 -128 ) (-224 1296 -128 ) (-224 1296 0 ) 
4 136 (-224 1216 0 ) (-480 1216 0 ) (-480 1216 -128 ) (-224 1216 -128 ) 
4 136 (-480 1216 -128 ) (-480 1216 0 ) (-480 1312 0 ) (-480 1312 -128 ) 
4 136 (-224 1296 0 ) (-224 1296 -128 ) (-224 1424 -128 ) (-224 1424 0 ) 
4 136 (-224 1312 0 ) (-224 1424 0 ) (-256 1424 0 ) (-256 1312 0 ) 
4 136 (-224 1216 -128 ) (-480 1216 -128 ) (-480 1424 -128 ) (-224 1424 -128 ) 
4 137 (-512 1312 0 ) (-512 1312 -128 ) (-480 1312 -128 ) (-480 1312 0 ) 
4 137 (-512 1312 -128 ) (-512 1632 -128 ) (-480 1632 -128 ) (-480 1312 -128 ) 
4 137 (-480 1632 0 ) (-480 1632 -128 ) (-512 1632 -128 ) (-512 1632 0 ) 
4 138 (-512 1216 0 ) (-544 1216 0 ) (-544 1216 -128 ) (-512 1216 -128 ) 
4 138 (-672 1216 0 ) (-704 1216 0 ) (-704 1216 -128 ) (-672 1216 -128 ) 
4 138 (-704 1216 -128 ) (-704 1728 -128 ) (-512 1728 -128 ) (-512 1216 -128 ) 
4 138 (-512 1312 -128 ) (-512 1312 0 ) (-512 1216 0 ) (-512 1216 -128 ) 
4 138 (-512 1632 -128 ) (-512 1728 -128 ) (-512 1728 0 ) (-512 1632 0 ) 
4 138 (-704 1216 -128 ) (-704 1216 0 ) (-704 1728 0 ) (-704 1728 -128 ) 
4 138 (-512 1728 0 ) (-512 1728 -128 ) (-704 1728 -128 ) (-704 1728 0 ) 
4 139 (-672 1216 0 ) (-672 1216 -128 ) (-672 1184 -128 ) (-672 1184 0 ) 
4 139 (-672 1184 0 ) (-544 1184 0 ) (-544 1216 0 ) (-672 1216 0 ) 
4 139 (-544 1184 -128 ) (-672 1184 -128 ) (-672 1216 -128 ) (-544 1216 -128 ) 
4 139 (-544 1184 0 ) (-544 1184 -128 ) (-544 1216 -128 ) (-544 1216 0 ) 
4 140 (0 1024 -128 ) (-800 1024 -128 ) (-800 1184 -128 ) (0 1184 -128 ) 
4 140 (-672 1184 -128 ) (-800 1184 -128 ) (-800 1184 0 ) (-672 1184 0 ) 
4 140 (-544 1184 -128 ) (-544 1184 0 ) (0 1184 0 ) (0 1184 -128 ) 
4 140 (-800 1184 0 ) (-800 1184 -128 ) (-800 1024 -128 ) (-800 1024 0 ) 
4 141 (-1024 1184 0 ) (-1024 1184 -128 ) (-1024 1024 -128 ) (-1024 1024 0 ) 
4 141 (-832 1024 0 ) (-832 1024 -128 ) (-832 1184 -128 ) (-832 1184 0 ) 
4 141 (-832 1184 -128 ) (-1024 1184 -128 ) (-1024 1184 0 ) (-832 1184 0 ) 
4 141 (-1024 1024 -128 ) (-1024 1184 -128 ) (-832 1184 -128 ) (-832 1024 -128 ) 
4 142 (-672 864 224 ) (-672 864 128 ) (0 864 128 ) (0 864 224 ) 
4 142 (-544 864 128 ) (-608 864 128 ) (-608 1024 128 ) (-544 1024 128 ) 
4 142 (-160 864 128 ) (-224 864 128 ) (-224 1024 128 ) (-160 1024 128 ) 
4 142 (-352 864 128 ) (-416 864 128 ) (-416 1024 128 ) (-352 1024 128 ) 
4 142 (0 864 128 ) (-32 864 128 ) (-32 1024 128 ) (0 1024 128 ) 
4 142 (0 1024 224 ) (-672 1024 224 ) (-672 864 224 ) (0 864 224 ) 
4 143 (-160 864 96 ) (-32 864 96 ) (-32 864 128 ) (-160 864 128 ) 
4 143 (-160 1024 96 ) (-160 864 96 ) (-160 864 128 ) (-160 1024 128 ) 
4 143 (-32 1024 128 ) (-32 864 128 ) (-32 864 96 ) (-32 1024 96 ) 
4 144 (-352 864 96 ) (-224 864 96 ) (-224 864 128 ) (-352 864 128 ) 
4 144 (-352 1024 96 ) (-352 864 96 ) (-352 864 128 ) (-352 1024 128 ) 
4 144 (-224 1024 128 ) (-224 864 128 ) (-224 864 96 ) (-224 1024 96 ) 
4 145 (-544 864 96 ) (-416 864 96 ) (-416 864 128 ) (-544 864 128 ) 
4 145 (-544 1024 96 ) (-544 864 96 ) (-544 864 128 ) (-544 1024 128 ) 
4 145 (-416 1024 128 ) (-416 864 128 ) (-416 864 96 ) (-416 1024 96 ) 
4 146 (-672 864 128 ) (-672 864 96 ) (-608 864 96 ) (-608 864 128 ) 
4 146 (-608 1024 128 ) (-608 864 128 ) (-608 864 96 ) (-608 1024 96 ) 
4 147 (-672 864 96 ) (-672 864 0 ) (0 864 0 ) (0 864 96 ) 
4 147 (-544 1024 96 ) (-608 1024 96 ) (-608 864 96 ) (-544 864 96 ) 
4 147 (-160 1024 96 ) (-224 1024 96 ) (-224 864 96 ) (-160 864 96 ) 
4 147 (-352 1024 96 ) (-416 1024 96 ) (-416 864 96 ) (-352 864 96 ) 
4 147 (0 1024 96 ) (-32 1024 96 ) (-32 864 96 ) (0 864 96 ) 
4 148 (-16 832 64 ) (-16 288 64 ) (-16 288 48 ) (-16 832 48 ) 
4 148 (-16 832 64 ) (-240 832 64 ) (-240 288 64 ) (-16 288 64 ) 
4 148 (-240 832 64 ) (-16 832 64 ) (-16 832 48 ) (-240 832 48 ) 
4 148 (-240 288 48 ) (-16 288 48 ) (-16 288 64 ) (-240 288 64 ) 
4 148 (-240 832 48 ) (-240 288 48 ) (-240 288 64 ) (-240 832 64 ) 
4 149 (-496 832 48 ) (-496 288 48 ) (-496 288 64 ) (-496 832 64 ) 
4 149 (-496 288 48 ) (-272 288 48 ) (-272 288 64 ) (-496 288 64 ) 
4 149 (-496 832 64 ) (-272 832 64 ) (-272 832 48 ) (-496 832 48 ) 
4 149 (-272 832 64 ) (-496 832 64 ) (-496 288 64 ) (-272 288 64 ) 
4 149 (-272 832 64 ) (-272 288 64 ) (-272 288 48 ) (-272 832 48 ) 
4 150 (-672 832 64 ) (-672 832 48 ) (-672 288 48 ) (-672 288 64 ) 
4 150 (-528 832 64 ) (-672 832 64 ) (-672 288 64 ) (-528 288 64 ) 
4 150 (-528 832 64 ) (-528 832 48 ) (-672 832 48 ) (-672 832 64 ) 
4 150 (-672 288 64 ) (-672 288 48 ) (-528 288 48 ) (-528 288 64 ) 
4 150 (-528 832 64 ) (-528 288 64 ) (-528 288 48 ) (-528 832 48 ) 
4 151 (-672 592 48 ) (-672 832 48 ) (-672 832 32 ) (-672 592 32 ) 
4 151 (-528 592 32 ) (-496 592 32 ) (-496 592 48 ) (-528 592 48 ) 
4 151 (-272 592 32 ) (-240 592 32 ) (-240 592 48 ) (-272 592 48 ) 
4 151 (-16 592 32 ) (0 592 32 ) (0 592 48 ) (-16 592 48 ) 
4 151 (-528 592 48 ) (-496 592 48 ) (-496 832 48 ) (-528 832 48 ) 
4 151 (-272 592 48 ) (-240 592 48 ) (-240 832 48 ) (-272 832 48 ) 
4 151 (-16 592 48 ) (0 592 48 ) (0 832 48 ) (-16 832 48 ) 
4 151 (0 832 48 ) (0 832 32 ) (-672 832 32 ) (-672 832 48 ) 
4 152 (-16 528 48 ) (-16 528 32 ) (-16 592 32 ) (-16 592 48 ) 
4 152 (-240 592 48 ) (-240 592 32 ) (-240 528 32 ) (-240 528 48 ) 
4 153 (-496 592 48 ) (-496 592 32 ) (-496 528 32 ) (-496 528 48 ) 
4 153 (-272 528 48 ) (-272 528 32 ) (-272 592 32 ) (-272 592 48 ) 
4 154 (-672 528 48 ) (-672 592 48 ) (-672 592 32 ) (-672 528 32 ) 
4 154 (-528 528 48 ) (-528 528 32 ) (-528 592 32 ) (-528 592 48 ) 
4 155 (-672 288 48 ) (-672 528 48 ) (-672 528 32 ) (-672 288 32 ) 
4 155 (-528 528 48 ) (-528 288 48 ) (-496 288 48 ) (-496 528 48 ) 
4 155 (-272 528 48 ) (-272 288 48 ) (-240 288 48 ) (-240 528 48 ) 
4 155 (-16 528 48 ) (-16 288 48 ) (0 288 48 ) (0 528 48 ) 
4 155 (-16 528 48 ) (0 528 48 ) (0 528 32 ) (-16 528 32 ) 
4 155 (-272 528 48 ) (-240 528 48 ) (-240 528 32 ) (-272 528 32 ) 
4 155 (-528 528 48 ) (-496 528 48 ) (-496 528 32 ) (-528 528 32 ) 
4 155 (-672 288 32 ) (0 288 32 ) (0 288 48 ) (-672 288 48 ) 
4 156 (-672 832 0 ) (-672 288 0 ) (-672 288 32 ) (-672 832 32 ) 
4 156 (0 832 32 ) (0 832 0 ) (-672 832 0 ) (-672 832 32 ) 
4 156 (-16 528 32 ) (0 528 32 ) (0 592 32 ) (-16 592 32 ) 
4 156 (-272 528 32 ) (-240 528 32 ) (-240 592 32 ) (-272 592 32 ) 
4 156 (-528 528 32 ) (-496 528 32 ) (-496 592 32 ) (-528 592 32 ) 
4 156 (0 288 32 ) (-672 288 32 ) (-672 288 0 ) (0 288 0 ) 
4 157 (0 32 160 ) (0 224 160 ) (-32 224 160 ) (-32 32 160 ) 
4 157 (-32 224 144 ) (-32 224 160 ) (0 224 160 ) (0 224 144 ) 
4 157 (-32 32 160 ) (-32 32 144 ) (0 32 144 ) (0 32 160 ) 
4 158 (-32 64 0 ) (-32 224 0 ) (0 224 0 ) (0 64 0 ) 
4 158 (0 0 0 ) (-32 0 0 ) (-32 64 0 ) (0 64 0 ) 
4 158 (0 32 144 ) (-32 32 144 ) (-32 0 144 ) (0 0 144 ) 
4 158 (-32 224 32 ) (0 224 32 ) (0 224 0 ) (-32 224 0 ) 
4 158 (-32 224 48 ) (0 224 48 ) (0 224 32 ) (-32 224 32 ) 
4 158 (-32 224 144 ) (0 224 144 ) (0 224 48 ) (-32 224 48 ) 
4 159 (-224 64 0 ) (-224 224 0 ) (-32 224 0 ) (-32 64 0 ) 
4 159 (-32 0 0 ) (-224 0 0 ) (-224 64 0 ) (-32 64 0 ) 
4 159 (-32 0 144 ) (-32 32 144 ) (-32 32 160 ) (-32 0 160 ) 
4 159 (-32 224 160 ) (-224 224 160 ) (-224 0 160 ) (-32 0 160 ) 
4 159 (-224 224 160 ) (-32 224 160 ) (-32 224 48 ) (-224 224 48 ) 
4 159 (-224 224 48 ) (-32 224 48 ) (-32 224 32 ) (-224 224 32 ) 
4 159 (-224 224 32 ) (-32 224 32 ) (-32 224 0 ) (-224 224 0 ) 
4 159 (-224 224 160 ) (-224 224 0 ) (-224 0 0 ) (-224 0 160 ) 
4 160 (-736 864 96 ) (-736 864 128 ) (-736 1024 128 ) (-736 1024 96 ) 
4 160 (-672 1024 224 ) (-736 1024 224 ) (-736 864 224 ) (-672 864 224 ) 
4 160 (-736 864 0 ) (-672 864 0 ) (-672 864 224 ) (-736 864 224 ) 
4 161 (-736 1024 128 ) (-736 864 128 ) (-800 864 128 ) (-800 1024 128 ) 
4 161 (-800 864 224 ) (-800 864 128 ) (-736 864 128 ) (-736 864 224 ) 
4 161 (-800 1024 224 ) (-800 1024 128 ) (-800 864 128 ) (-800 864 224 ) 
4 161 (-736 1024 224 ) (-800 1024 224 ) (-800 864 224 ) (-736 864 224 ) 
4 162 (-800 1024 96 ) (-800 1024 0 ) (-800 864 0 ) (-800 864 96 ) 
4 162 (-800 864 96 ) (-800 864 0 ) (-736 864 0 ) (-736 864 96 ) 
4 162 (-800 1024 96 ) (-800 864 96 ) (-736 864 96 ) (-736 1024 96 ) 
4 163 (-1024 1024 0 ) (-1024 256 0 ) (-1024 256 32 ) (-1024 1024 32 ) 
4 163 (-832 256 32 ) (-832 256 0 ) (-832 1024 0 ) (-832 1024 32 ) 
4 163 (-1024 256 32 ) (-832 256 32 ) (-832 1024 32 ) (-1024 1024 32 ) 
4 163 (-1024 256 32 ) (-1024 256 0 ) (-832 256 0 ) (-832 256 32 ) 
4 164 (-800 864 0 ) (-800 896 0 ) (-800 896 -128 ) (-800 864 -128 ) 
4 164 (-800 864 -128 ) (-800 1024 -128 ) (0 1024 -128 ) (0 864 -128 ) 
4 164 (-800 864 0 ) (-800 864 -128 ) (0 864 -128 ) (0 864 0 ) 
4 165 (-832 896 0 ) (-832 896 -128 ) (-800 896 -128 ) (-800 896 0 ) 
4 165 (-800 896 0 ) (-800 1024 0 ) (-832 1024 0 ) (-832 896 0 ) 
4 165 (-800 1024 -128 ) (-832 1024 -128 ) (-832 1024 0 ) (-800 1024 0 ) 
4 165 (-800 896 -128 ) (-832 896 -128 ) (-832 1024 -128 ) (-800 1024 -128 ) 
4 166 (-672 832 0 ) (-672 832 -96 ) (-672 704 -96 ) (-672 704 0 ) 
4 166 (0 704 -96 ) (-672 704 -96 ) (-672 712 -96 ) (0 712 -96 ) 
4 166 (-672 832 -96 ) (-672 832 0 ) (0 832 0 ) (0 832 -96 ) 
4 167 (-672 832 -96 ) (-672 832 -104 ) (-672 712 -104 ) (-672 712 -96 ) 
4 167 (-672 832 -104 ) (-672 832 -96 ) (0 832 -96 ) (0 832 -104 ) 
4 167 (-672 712 -104 ) (0 712 -104 ) (0 712 -96 ) (-672 712 -96 ) 
4 168 (-672 832 -104 ) (-672 832 -128 ) (-672 720 -128 ) (-672 720 -104 ) 
4 168 (0 720 -128 ) (-672 720 -128 ) (-672 832 -128 ) (0 832 -128 ) 
4 168 (-672 832 -128 ) (-672 832 -104 ) (0 832 -104 ) (0 832 -128 ) 
4 169 (-672 832 -144 ) (-672 832 -256 ) (-672 720 -256 ) (-672 720 -144 ) 
4 169 (-592 720 -256 ) (-560 720 -256 ) (-560 720 -144 ) (-592 720 -144 ) 
4 169 (-400 720 -256 ) (-368 720 -256 ) (-368 720 -144 ) (-400 720 -144 ) 
4 169 (-144 720 -256 ) (-112 720 -256 ) (-112 720 -144 ) (-144 720 -144 ) 
4 169 (-672 720 -256 ) (-672 832 -256 ) (0 832 -256 ) (0 720 -256 ) 
4 169 (-672 832 -256 ) (-672 832 -144 ) (0 832 -144 ) (0 832 -256 ) 
4 169 (0 832 -144 ) (-672 832 -144 ) (-672 720 -144 ) (0 720 -144 ) 
4 170 (-672 712 -104 ) (-672 720 -104 ) (-672 720 -128 ) (-672 712 -128 ) 
4 170 (-672 712 -128 ) (-672 720 -128 ) (0 720 -128 ) (0 712 -128 ) 
4 170 (-584 712 -128 ) (-568 712 -128 ) (-568 712 -104 ) (-584 712 -104 ) 
4 170 (-392 712 -128 ) (-376 712 -128 ) (-376 712 -104 ) (-392 712 -104 ) 
4 170 (-136 712 -128 ) (-120 712 -128 ) (-120 712 -104 ) (-136 712 -104 ) 
4 171 (0 704 -128 ) (-120 704 -128 ) (-120 712 -128 ) (0 712 -128 ) 
4 171 (0 712 -104 ) (-120 712 -104 ) (-120 704 -104 ) (0 704 -104 ) 
4 171 (-120 712 -104 ) (-120 712 -128 ) (-120 704 -128 ) (-120 704 -104 ) 
4 172 (-136 704 -128 ) (-376 704 -128 ) (-376 712 -128 ) (-136 712 -128 ) 
4 172 (-376 712 -104 ) (-376 712 -128 ) (-376 704 -128 ) (-376 704 -104 ) 
4 172 (-136 712 -104 ) (-376 712 -104 ) (-376 704 -104 ) (-136 704 -104 ) 
4 172 (-136 704 -104 ) (-136 704 -128 ) (-136 712 -128 ) (-136 712 -104 ) 
4 173 (-392 704 -128 ) (-568 704 -128 ) (-568 712 -128 ) (-392 712 -128 ) 
4 173 (-568 712 -104 ) (-568 712 -128 ) (-568 704 -128 ) (-568 704 -104 ) 
4 173 (-392 712 -104 ) (-568 712 -104 ) (-568 704 -104 ) (-392 704 -104 ) 
4 173 (-392 704 -104 ) (-392 704 -128 ) (-392 712 -128 ) (-392 712 -104 ) 
4 174 (-672 704 -128 ) (-672 704 -104 ) (-672 712 -104 ) (-672 712 -128 ) 
4 174 (-584 704 -128 ) (-672 704 -128 ) (-672 712 -128 ) (-584 712 -128 ) 
4 174 (-584 712 -104 ) (-672 712 -104 ) (-672 704 -104 ) (-584 704 -104 ) 
4 174 (-584 704 -104 ) (-584 704 -128 ) (-584 712 -128 ) (-584 712 -104 ) 
4 175 (0 720 -144 ) (-112 720 -144 ) (-112 704 -144 ) (0 704 -144 ) 
4 175 (0 704 -256 ) (-112 704 -256 ) (-112 720 -256 ) (0 720 -256 ) 
4 175 (-112 704 -144 ) (-112 720 -144 ) (-112 720 -256 ) (-112 704 -256 ) 
4 176 (-368 704 -144 ) (-368 720 -144 ) (-368 720 -256 ) (-368 704 -256 ) 
4 176 (-144 720 -144 ) (-368 720 -144 ) (-368 704 -144 ) (-144 704 -144 ) 
4 176 (-144 704 -256 ) (-368 704 -256 ) (-368 720 -256 ) (-144 720 -256 ) 
4 176 (-144 704 -256 ) (-144 720 -256 ) (-144 720 -144 ) (-144 704 -144 ) 
4 177 (-560 704 -144 ) (-560 720 -144 ) (-560 720 -256 ) (-560 704 -256 ) 
4 177 (-400 704 -256 ) (-560 704 -256 ) (-560 720 -256 ) (-400 720 -256 ) 
4 177 (-400 720 -144 ) (-560 720 -144 ) (-560 704 -144 ) (-400 704 -144 ) 
4 177 (-400 704 -256 ) (-400 720 -256 ) (-400 720 -144 ) (-400 704 -144 ) 
4 178 (-672 720 -256 ) (-672 704 -256 ) (-672 704 -144 ) (-672 720 -144 ) 
4 178 (-592 704 -256 ) (-672 704 -256 ) (-672 720 -256 ) (-592 720 -256 ) 
4 178 (-592 720 -144 ) (-672 720 -144 ) (-672 704 -144 ) (-592 704 -144 ) 
4 178 (-592 704 -256 ) (-592 720 -256 ) (-592 720 -144 ) (-592 704 -144 ) 
4 179 (-672 480 0 ) (-672 704 0 ) (-672 704 -256 ) (-672 480 -256 ) 
4 179 (-672 480 -128 ) (-672 480 -256 ) (-352 480 -256 ) (-608 480 -128 ) 
4 179 (-672 480 -256 ) (-672 704 -256 ) (0 704 -256 ) (0 480 -256 ) 
4 179 (0 704 -96 ) (0 704 -104 ) (-672 704 -104 ) (-672 704 -96 ) 
4 179 (-136 704 -104 ) (-120 704 -104 ) (-120 704 -128 ) (-136 704 -128 ) 
4 179 (-392 704 -104 ) (-376 704 -104 ) (-376 704 -128 ) (-392 704 -128 ) 
4 179 (-584 704 -104 ) (-568 704 -104 ) (-568 704 -128 ) (-584 704 -128 ) 
4 179 (0 704 -128 ) (0 704 -144 ) (-672 704 -144 ) (-672 704 -128 ) 
4 179 (-144 704 -144 ) (-112 704 -144 ) (-112 704 -256 ) (-144 704 -256 ) 
4 179 (-400 704 -144 ) (-368 704 -144 ) (-368 704 -256 ) (-400 704 -256 ) 
4 179 (-592 704 -144 ) (-560 704 -144 ) (-560 704 -256 ) (-592 704 -256 ) 
4 180 (-672 448 0 ) (-672 480 0 ) (-672 480 -128 ) (-672 448 -128 ) 
4 180 (-672 288 -128 ) (-672 288 0 ) (-672 320 0 ) (-672 320 -128 ) 
4 180 (-64 288 -128 ) (0 288 -128 ) (0 288 0 ) (-64 288 0 ) 
4 180 (-672 288 0 ) (-672 288 -128 ) (-64 288 -128 ) (-64 288 0 ) 
4 180 (-608 288 -128 ) (-672 288 -128 ) (-672 480 -128 ) (-608 480 -128 ) 
4 181 (-352 288 -256 ) (-64 288 -256 ) (-64 288 -128 ) (-608 288 -128 ) 
4 181 (0 288 -256 ) (-352 288 -256 ) (-352 480 -256 ) (0 480 -256 ) 
4 181 (-608 288 -128 ) (-608 480 -128 ) (-352 480 -256 ) (-352 288 -256 ) 
4 182 (-64 288 -128 ) (-64 288 -256 ) (-64 256 -256 ) (-64 256 -128 ) 
4 182 (0 256 -256 ) (-64 256 -256 ) (-64 288 -256 ) (0 288 -256 ) 
4 182 (0 288 -128 ) (-64 288 -128 ) (-64 256 -128 ) (0 256 -128 ) 
4 183 (-672 448 0 ) (-672 448 -128 ) (-832 448 -128 ) (-832 448 0 ) 
4 183 (-800 320 0 ) (-800 448 0 ) (-832 448 0 ) (-832 320 0 ) 
4 183 (-672 320 0 ) (-672 448 0 ) (-800 448 0 ) (-800 320 0 ) 
4 183 (-832 320 0 ) (-832 320 -128 ) (-672 320 -128 ) (-672 320 0 ) 
4 183 (-672 320 -128 ) (-832 320 -128 ) (-832 448 -128 ) (-672 448 -128 ) 
4 184 (0 64 -256 ) (-768 64 -256 ) (-768 256 -256 ) (0 256 -256 ) 
4 184 (0 64 -256 ) (0 64 -96 ) (-768 64 -96 ) (-768 64 -256 ) 
4 184 (-768 256 -256 ) (-768 256 -96 ) (-672 256 -96 ) (-672 256 -256 ) 
4 184 (-64 256 -128 ) (-64 256 -96 ) (0 256 -96 ) (0 256 -128 ) 
4 184 (-64 256 -96 ) (-64 256 -256 ) (-672 256 -256 ) (-672 256 -96 ) 
4 184 (-768 256 -96 ) (-768 256 -256 ) (-768 64 -256 ) (-768 64 -96 ) 
4 184 (0 256 -96 ) (-768 256 -96 ) (-768 64 -96 ) (0 64 -96 ) 
4 185 (-1024 256 -128 ) (-1024 256 0 ) (-1024 1024 0 ) (-1024 1024 -128 ) 
4 185 (-832 832 -128 ) (-832 896 -128 ) (-832 896 0 ) (-832 832 0 ) 
4 185 (-832 256 -128 ) (-832 320 -128 ) (-832 320 0 ) (-832 256 0 ) 
4 185 (-832 448 -128 ) (-832 832 -128 ) (-832 832 0 ) (-832 448 0 ) 
4 185 (-832 256 -128 ) (-832 256 0 ) (-1024 256 0 ) (-1024 256 -128 ) 
4 185 (-832 256 -128 ) (-1024 256 -128 ) (-1024 1024 -128 ) (-832 1024 -128 ) 
4 186 (-32 -224 144 ) (0 -224 144 ) (0 -224 160 ) (-32 -224 160 ) 
4 186 (0 -32 160 ) (-32 -32 160 ) (-32 -224 160 ) (0 -224 160 ) 
4 186 (0 -32 160 ) (0 -32 144 ) (-32 -32 144 ) (-32 -32 160 ) 
4 187 (-32 0 160 ) (-32 -32 160 ) (-32 -32 144 ) (-32 0 144 ) 
4 187 (-32 0 160 ) (-224 0 160 ) (-224 -224 160 ) (-32 -224 160 ) 
4 187 (-224 -224 160 ) (-224 -224 144 ) (-32 -224 144 ) (-32 -224 160 ) 
4 187 (-224 0 160 ) (-224 0 144 ) (-224 -224 144 ) (-224 -224 160 ) 
4 188 (0 -32 144 ) (0 0 144 ) (-32 0 144 ) (-32 -32 144 ) 
4 188 (-224 -224 144 ) (-224 -224 0 ) (0 -224 0 ) (0 -224 144 ) 
4 188 (-224 0 0 ) (0 0 0 ) (0 -224 0 ) (-224 -224 0 ) 
4 188 (-224 0 144 ) (-224 0 0 ) (-224 -224 0 ) (-224 -224 144 ) 
