PRT1
63
148
272
4 0 43 0 (0 1728 0 ) (0 1312 0 ) (0 1312 224 ) (0 1728 224 ) 
4 0 51 0 (0 1312 0 ) (0 1216 0 ) (0 1216 224 ) (0 1312 224 ) 
4 0 21 0 (64 1344 0 ) (288 1344 0 ) (288 1312 0 ) (64 1312 0 ) 
4 0 22 0 (0 1216 0 ) (0 1312 0 ) (288 1312 0 ) (288 1216 0 ) 
4 0 13 0 (416 1344 0 ) (832 1344 0 ) (832 1216 0 ) (416 1216 0 ) 
4 0 12 0 (64 1440 0 ) (448 1440 0 ) (448 1344 0 ) (64 1344 0 ) 
4 0 11 0 (0 1440 0 ) (0 1728 0 ) (448 1728 0 ) (448 1440 0 ) 
4 0 10 0 (576 1536 0 ) (576 1344 0 ) (448 1344 0 ) (448 1536 0 ) 
4 0 9 0 (448 1728 0 ) (576 1728 0 ) (576 1664 0 ) (448 1664 0 ) 
4 0 8 0 (576 1728 0 ) (832 1728 0 ) (832 1344 0 ) (576 1344 0 ) 
4 0 1 0 (288 1216 0 ) (416 1216 0 ) (416 1216 128 ) (288 1216 128 ) 
4 1 3 0 (384 1184 0 ) (416 1184 0 ) (416 1184 96 ) (384 1184 96 ) 
4 1 7 0 (288 1184 0 ) (384 1184 0 ) (384 1184 96 ) (288 1184 96 ) 
4 1 2 0 (416 1184 96 ) (416 1184 128 ) (288 1184 128 ) (288 1184 96 ) 
4 2 29 0 (576 1024 160 ) (256 1024 160 ) (256 1024 96 ) (576 1024 96 ) 
4 2 25 0 (832 1024 96 ) (832 1024 160 ) (640 1024 160 ) (640 1024 96 ) 
4 2 28 0 (640 1024 160 ) (576 1024 160 ) (576 1024 96 ) (640 1024 96 ) 
4 2 5 0 (544 1024 96 ) (480 1024 96 ) (480 1056 96 ) (544 1056 96 ) 
4 2 6 0 (448 1024 96 ) (384 1024 96 ) (384 1056 96 ) (448 1056 96 ) 
4 2 4 0 (832 1088 96 ) (832 1024 96 ) (544 1024 96 ) (544 1088 96 ) 
4 2 3 0 (384 1184 96 ) (832 1184 96 ) (832 1088 96 ) (384 1088 96 ) 
4 2 7 0 (256 1024 96 ) (256 1184 96 ) (384 1184 96 ) (384 1024 96 ) 
4 3 4 0 (544 1088 0 ) (832 1088 0 ) (832 1088 96 ) (544 1088 96 ) 
4 3 7 0 (384 1088 96 ) (384 1184 96 ) (384 1184 0 ) (384 1088 0 ) 
4 4 30 0 (544 1024 0 ) (576 1024 0 ) (576 1024 96 ) (544 1024 96 ) 
4 4 26 0 (736 1024 0 ) (832 1024 0 ) (832 1024 32 ) (736 1024 32 ) 
4 4 25 0 (832 1024 32 ) (832 1024 96 ) (640 1024 96 ) (640 1024 32 ) 
4 4 28 0 (576 1024 0 ) (640 1024 0 ) (640 1024 96 ) (576 1024 96 ) 
4 4 5 0 (544 1056 0 ) (544 1024 0 ) (544 1024 96 ) (544 1056 96 ) 
4 5 30 0 (480 1024 0 ) (544 1024 0 ) (544 1024 96 ) (480 1024 96 ) 
4 6 31 0 (384 1024 0 ) (448 1024 0 ) (448 1024 96 ) (384 1024 96 ) 
4 6 7 0 (384 1024 96 ) (384 1056 96 ) (384 1056 0 ) (384 1024 0 ) 
4 7 31 0 (256 1024 0 ) (384 1024 0 ) (384 1024 96 ) (256 1024 96 ) 
4 8 18 0 (576 1344 -48 ) (576 1344 -96 ) (608 1344 -96 ) (608 1344 -48 ) 
4 8 17 0 (576 1344 -32 ) (576 1344 -48 ) (608 1344 -48 ) (608 1344 -32 ) 
4 8 16 0 (608 1344 -112 ) (640 1344 -112 ) (640 1344 -32 ) (608 1344 -32 ) 
4 8 15 0 (576 1344 -16 ) (576 1344 -32 ) (640 1344 -32 ) (640 1344 -16 ) 
4 8 14 0 (640 1344 -128 ) (832 1344 -128 ) (832 1344 -16 ) (640 1344 -16 ) 
4 8 13 0 (832 1344 0 ) (576 1344 0 ) (576 1344 -16 ) (832 1344 -16 ) 
4 8 10 0 (576 1536 -128 ) (576 1344 -128 ) (576 1344 0 ) (576 1536 0 ) 
4 8 9 0 (576 1728 0 ) (576 1728 -128 ) (576 1664 -128 ) (576 1664 0 ) 
4 9 11 0 (448 1728 0 ) (448 1728 -128 ) (448 1664 -128 ) (448 1664 0 ) 
4 10 20 0 (576 1344 -80 ) (576 1344 -64 ) (544 1344 -64 ) (544 1344 -80 ) 
4 10 19 0 (576 1344 -64 ) (576 1344 -48 ) (512 1344 -48 ) (512 1344 -64 ) 
4 10 17 0 (576 1344 -48 ) (576 1344 -32 ) (480 1344 -32 ) (480 1344 -48 ) 
4 10 15 0 (448 1344 -16 ) (448 1344 -32 ) (576 1344 -32 ) (576 1344 -16 ) 
4 10 13 0 (576 1344 0 ) (448 1344 0 ) (448 1344 -16 ) (576 1344 -16 ) 
4 10 12 0 (448 1440 -128 ) (448 1344 -128 ) (448 1344 0 ) (448 1440 0 ) 
4 10 11 0 (448 1536 -128 ) (448 1440 -128 ) (448 1440 0 ) (448 1536 0 ) 
4 11 55 0 (0 1504 0 ) (0 1632 0 ) (0 1632 -128 ) (0 1504 -128 ) 
4 11 56 0 (0 1440 0 ) (0 1504 0 ) (0 1504 -128 ) (0 1440 -128 ) 
4 11 54 0 (0 1632 0 ) (0 1728 0 ) (0 1728 -128 ) (0 1632 -128 ) 
4 11 12 0 (64 1440 -128 ) (448 1440 -128 ) (448 1440 0 ) (64 1440 0 ) 
4 12 21 0 (288 1344 0 ) (64 1344 0 ) (64 1344 -128 ) (288 1344 -128 ) 
4 12 13 0 (448 1344 0 ) (416 1344 0 ) (416 1344 -16 ) (448 1344 -16 ) 
4 13 15 0 (640 1216 -16 ) (448 1216 -16 ) (448 1344 -16 ) (640 1344 -16 ) 
4 13 14 0 (832 1344 -16 ) (832 1216 -16 ) (640 1216 -16 ) (640 1344 -16 ) 
4 14 16 0 (640 1216 -112 ) (640 1216 -32 ) (640 1344 -32 ) (640 1344 -112 ) 
4 14 15 0 (640 1216 -32 ) (640 1216 -16 ) (640 1344 -16 ) (640 1344 -32 ) 
4 15 17 0 (480 1344 -32 ) (608 1344 -32 ) (608 1216 -32 ) (480 1216 -32 ) 
4 15 16 0 (608 1344 -32 ) (640 1344 -32 ) (640 1216 -32 ) (608 1216 -32 ) 
4 16 18 0 (608 1216 -96 ) (608 1216 -48 ) (608 1344 -48 ) (608 1344 -96 ) 
4 16 17 0 (608 1216 -48 ) (608 1216 -32 ) (608 1344 -32 ) (608 1344 -48 ) 
4 17 19 0 (512 1344 -48 ) (576 1344 -48 ) (576 1216 -48 ) (512 1216 -48 ) 
4 17 18 0 (576 1344 -48 ) (608 1344 -48 ) (608 1216 -48 ) (576 1216 -48 ) 
4 18 20 0 (576 1216 -80 ) (576 1216 -64 ) (576 1344 -64 ) (576 1344 -80 ) 
4 18 19 0 (576 1216 -64 ) (576 1216 -48 ) (576 1344 -48 ) (576 1344 -64 ) 
4 19 20 0 (544 1344 -64 ) (576 1344 -64 ) (576 1216 -64 ) (544 1216 -64 ) 
4 21 22 0 (64 1312 -128 ) (288 1312 -128 ) (288 1312 0 ) (64 1312 0 ) 
4 22 59 0 (0 1216 -128 ) (0 1216 0 ) (0 1312 0 ) (0 1312 -128 ) 
4 23 39 0 (896 0 0 ) (960 0 0 ) (960 0 32 ) (896 0 32 ) 
4 23 24 0 (896 384 32 ) (896 384 0 ) (896 320 0 ) (896 320 32 ) 
4 24 26 0 (832 384 0 ) (832 320 0 ) (832 320 32 ) (832 384 32 ) 
4 25 27 0 (736 288 32 ) (640 288 32 ) (640 832 32 ) (736 832 32 ) 
4 25 26 0 (832 288 32 ) (736 288 32 ) (736 1024 32 ) (832 1024 32 ) 
4 25 28 0 (640 288 32 ) (640 288 160 ) (640 1024 160 ) (640 1024 32 ) 
4 26 27 0 (736 832 0 ) (736 288 0 ) (736 288 32 ) (736 832 32 ) 
4 27 28 0 (640 832 0 ) (640 288 0 ) (640 288 32 ) (640 832 32 ) 
4 28 32 0 (576 864 0 ) (576 640 0 ) (576 640 160 ) (576 864 160 ) 
4 28 30 0 (576 1024 96 ) (576 1024 0 ) (576 864 0 ) (576 864 96 ) 
4 28 29 0 (576 1024 160 ) (576 1024 96 ) (576 864 96 ) (576 864 160 ) 
4 29 32 0 (576 864 96 ) (576 864 160 ) (256 864 160 ) (256 864 96 ) 
4 29 30 0 (576 864 96 ) (480 864 96 ) (480 1024 96 ) (576 1024 96 ) 
4 29 31 0 (448 864 96 ) (256 864 96 ) (256 1024 96 ) (448 1024 96 ) 
4 30 32 0 (576 864 0 ) (576 864 96 ) (480 864 96 ) (480 864 0 ) 
4 31 32 0 (448 864 96 ) (256 864 96 ) (256 864 0 ) (448 864 0 ) 
4 32 33 0 (384 640 160 ) (256 640 160 ) (256 640 0 ) (384 640 0 ) 
4 33 34 0 (384 608 160 ) (256 608 160 ) (256 608 0 ) (384 608 0 ) 
4 34 35 0 (320 288 0 ) (480 288 0 ) (480 288 96 ) (320 288 96 ) 
4 35 36 0 (320 256 0 ) (480 256 0 ) (480 256 96 ) (320 256 96 ) 
4 36 40 0 (256 0 0 ) (608 0 0 ) (608 0 128 ) (256 0 128 ) 
4 36 37 0 (256 64 0 ) (256 0 0 ) (256 0 96 ) (256 64 96 ) 
4 37 41 0 (224 0 0 ) (256 0 0 ) (256 0 96 ) (224 0 96 ) 
4 37 38 2 (224 64 0 ) (224 0 0 ) (224 0 96 ) (224 64 96 ) 
4 38 61 0 (0 0 0 ) (0 0 288 ) (0 224 288 ) (0 224 0 ) 
4 38 42 0 (0 0 288 ) (0 0 0 ) (224 0 0 ) (224 0 288 ) 
4 39 40 0 (608 0 32 ) (608 0 0 ) (608 -64 0 ) (608 -64 32 ) 
4 40 41 0 (256 0 96 ) (256 0 0 ) (256 -64 0 ) (256 -64 96 ) 
4 41 42 0 (224 0 96 ) (224 0 0 ) (224 -64 0 ) (224 -64 96 ) 
4 42 62 0 (0 0 288 ) (0 0 0 ) (0 -224 0 ) (0 -224 288 ) 
4 43 55 0 (0 1632 0 ) (0 1504 0 ) (-8 1504 0 ) (-8 1632 0 ) 
4 43 56 0 (0 1504 0 ) (0 1440 0 ) (-8 1440 0 ) (-8 1504 0 ) 
4 43 54 0 (-8 1728 0 ) (0 1728 0 ) (0 1632 0 ) (-8 1632 0 ) 
4 43 49 0 (-8 1360 0 ) (-8 1312 0 ) (-8 1312 128 ) (-8 1360 128 ) 
4 43 48 0 (-8 1360 30.666668 ) (-8 1360 64 ) (-8 1424 64 ) (-8 1424 30.666668 ) 
4 43 47 0 (-8 1360 64 ) (-8 1360 128 ) (-8 1424 128 ) (-8 1424 64 ) 
4 43 46 0 (-8 1632 0 ) (-8 1424 0 ) (-8 1424 128 ) (-8 1632 128 ) 
4 43 45 0 (-8 1728 128 ) (-8 1728 0 ) (-8 1632 0 ) (-8 1632 128 ) 
4 43 44 0 (-8 1728 224 ) (-8 1728 128 ) (-8 1312 128 ) (-8 1312 224 ) 
4 43 51 0 (0 1312 224 ) (-8 1312 224 ) (-8 1312 0 ) (0 1312 0 ) 
4 44 49 0 (-8 1360 128 ) (-8 1312 128 ) (-96 1312 128 ) (-96 1360 128 ) 
4 44 47 0 (-8 1424 128 ) (-8 1360 128 ) (-96 1360 128 ) (-96 1424 128 ) 
4 44 46 0 (-8 1632 128 ) (-8 1424 128 ) (-96 1424 128 ) (-96 1632 128 ) 
4 44 45 0 (-224 1728 128 ) (-8 1728 128 ) (-8 1632 128 ) (-224 1632 128 ) 
4 44 50 0 (-480 1728 128 ) (-224 1728 128 ) (-224 1312 128 ) (-480 1312 128 ) 
4 44 51 0 (-8 1312 224 ) (-480 1312 224 ) (-480 1312 128 ) (-8 1312 128 ) 
4 45 54 0 (-224 1728 0 ) (-8 1728 0 ) (-8 1632 0 ) (-224 1632 0 ) 
4 45 46 0 (-96 1632 0 ) (-8 1632 0 ) (-8 1632 128 ) (-96 1632 128 ) 
4 45 50 0 (-224 1632 128 ) (-224 1728 128 ) (-224 1728 0 ) (-224 1632 0 ) 
4 46 55 0 (-8 1632 0 ) (-8 1504 0 ) (-32 1504 0 ) (-32 1632 0 ) 
4 46 56 0 (-8 1504 0 ) (-8 1440 0 ) (-96 1440 0 ) (-96 1504 0 ) 
3 46 48 0 (-8 1424 30.666668 ) (-8 1424 64 ) (-48 1424 64 ) 
4 46 47 0 (-96 1424 128 ) (-96 1424 64 ) (-8 1424 64 ) (-8 1424 128 ) 
4 47 49 0 (-8 1360 64 ) (-8 1360 128 ) (-96 1360 128 ) (-96 1360 64 ) 
4 47 48 0 (-8 1360 64 ) (-48 1360 64 ) (-48 1424 64 ) (-8 1424 64 ) 
3 48 49 0 (-8 1360 30.666668 ) (-8 1360 64 ) (-48 1360 64 ) 
4 49 51 0 (-96 1312 0 ) (-8 1312 0 ) (-8 1312 128 ) (-96 1312 128 ) 
4 50 58 0 (-480 1312 0 ) (-480 1440 0 ) (-256 1440 0 ) (-256 1312 0 ) 
4 50 56 0 (-224 1504 0 ) (-224 1440 0 ) (-352 1440 0 ) (-352 1504 0 ) 
4 50 57 0 (-480 1440 0 ) (-480 1632 0 ) (-352 1632 0 ) (-352 1440 0 ) 
4 50 54 0 (-480 1632 0 ) (-480 1728 0 ) (-224 1728 0 ) (-224 1632 0 ) 
4 50 52 0 (-480 1632 0 ) (-480 1312 0 ) (-480 1312 64 ) (-480 1632 64 ) 
4 50 51 0 (-480 1312 128 ) (-480 1312 0 ) (-224 1312 0 ) (-224 1312 128 ) 
4 51 59 0 (-480 1216 0 ) (-480 1312 0 ) (0 1312 0 ) (0 1216 0 ) 
4 52 58 0 (-512 1312 0 ) (-512 1440 0 ) (-480 1440 0 ) (-480 1312 0 ) 
4 52 57 0 (-512 1440 0 ) (-512 1632 0 ) (-480 1632 0 ) (-480 1440 0 ) 
4 52 53 0 (-512 1632 0 ) (-512 1312 0 ) (-512 1312 64 ) (-512 1632 64 ) 
4 53 60 0 (-672 1728 0 ) (-512 1728 0 ) (-512 1216 0 ) (-672 1216 0 ) 
4 54 55 0 (-32 1632 -128 ) (0 1632 -128 ) (0 1632 0 ) (-32 1632 0 ) 
4 54 57 0 (-480 1632 -128 ) (-352 1632 -128 ) (-352 1632 0 ) (-480 1632 0 ) 
4 55 56 0 (-32 1504 -128 ) (0 1504 -128 ) (0 1504 0 ) (-32 1504 0 ) 
4 56 58 0 (-352 1440 -128 ) (-256 1440 -128 ) (-256 1440 0 ) (-352 1440 0 ) 
4 56 57 0 (-352 1504 -128 ) (-352 1440 -128 ) (-352 1440 0 ) (-352 1504 0 ) 
4 57 60 0 (-512 1632 -128 ) (-512 1440 -128 ) (-512 1440 0 ) (-512 1632 0 ) 
4 57 58 0 (-512 1440 0 ) (-512 1440 -128 ) (-352 1440 -128 ) (-352 1440 0 ) 
4 58 60 0 (-512 1440 -128 ) (-512 1312 -128 ) (-512 1312 0 ) (-512 1440 0 ) 
4 58 59 0 (-480 1312 -128 ) (-256 1312 -128 ) (-256 1312 0 ) (-480 1312 0 ) 
4 61 62 0 (-224 0 0 ) (0 0 0 ) (0 0 288 ) (-224 0 288 ) 
4 0 (0 1312 0 ) (0 1344 0 ) (64 1344 0 ) (64 1312 0 ) 
4 0 (288 1344 0 ) (416 1344 0 ) (416 1216 0 ) (288 1216 0 ) 
4 0 (0 1344 0 ) (0 1440 0 ) (64 1440 0 ) (64 1344 0 ) 
4 0 (576 1664 0 ) (576 1536 0 ) (448 1536 0 ) (448 1664 0 ) 
4 0 (0 1216 128 ) (0 1216 0 ) (288 1216 0 ) (288 1216 128 ) 
4 0 (0 1216 224 ) (0 1216 128 ) (416 1216 128 ) (416 1216 224 ) 
4 0 (416 1216 0 ) (832 1216 0 ) (832 1216 224 ) (416 1216 224 ) 
4 0 (832 1728 224 ) (832 1216 224 ) (832 1216 0 ) (832 1728 0 ) 
4 0 (832 1728 224 ) (0 1728 224 ) (0 1216 224 ) (832 1216 224 ) 
4 0 (0 1728 224 ) (832 1728 224 ) (832 1728 0 ) (0 1728 0 ) 
4 1 (288 1216 0 ) (416 1216 0 ) (416 1184 0 ) (288 1184 0 ) 
4 1 (288 1184 128 ) (416 1184 128 ) (416 1216 128 ) (288 1216 128 ) 
4 1 (416 1184 128 ) (416 1184 0 ) (416 1216 0 ) (416 1216 128 ) 
4 1 (288 1184 0 ) (288 1184 128 ) (288 1216 128 ) (288 1216 0 ) 
4 2 (480 1024 96 ) (448 1024 96 ) (448 1056 96 ) (480 1056 96 ) 
4 2 (384 1056 96 ) (384 1088 96 ) (544 1088 96 ) (544 1056 96 ) 
4 2 (256 1184 160 ) (256 1184 96 ) (256 1024 96 ) (256 1024 160 ) 
4 2 (256 1184 96 ) (256 1184 128 ) (288 1184 128 ) (288 1184 96 ) 
4 2 (256 1184 160 ) (416 1184 160 ) (416 1184 128 ) (256 1184 128 ) 
4 2 (416 1184 96 ) (416 1184 160 ) (832 1184 160 ) (832 1184 96 ) 
4 2 (832 1024 160 ) (832 1024 96 ) (832 1184 96 ) (832 1184 160 ) 
4 2 (832 1024 160 ) (832 1184 160 ) (256 1184 160 ) (256 1024 160 ) 
4 3 (384 1088 0 ) (384 1184 0 ) (832 1184 0 ) (832 1088 0 ) 
4 3 (384 1088 96 ) (384 1088 0 ) (544 1088 0 ) (544 1088 96 ) 
4 3 (832 1088 96 ) (832 1088 0 ) (832 1184 0 ) (832 1184 96 ) 
4 3 (416 1184 96 ) (832 1184 96 ) (832 1184 0 ) (416 1184 0 ) 
4 4 (640 1024 0 ) (736 1024 0 ) (736 1024 32 ) (640 1024 32 ) 
4 4 (832 1024 0 ) (544 1024 0 ) (544 1088 0 ) (832 1088 0 ) 
4 4 (544 1088 96 ) (544 1088 0 ) (544 1056 0 ) (544 1056 96 ) 
4 4 (832 1088 96 ) (832 1024 96 ) (832 1024 0 ) (832 1088 0 ) 
4 5 (544 1024 0 ) (480 1024 0 ) (480 1056 0 ) (544 1056 0 ) 
4 5 (480 1056 96 ) (544 1056 96 ) (544 1056 0 ) (480 1056 0 ) 
4 5 (480 1056 96 ) (480 1056 0 ) (480 1024 0 ) (480 1024 96 ) 
4 6 (448 1024 0 ) (384 1024 0 ) (384 1056 0 ) (448 1056 0 ) 
4 6 (448 1024 96 ) (448 1024 0 ) (448 1056 0 ) (448 1056 96 ) 
4 6 (448 1056 96 ) (448 1056 0 ) (384 1056 0 ) (384 1056 96 ) 
4 7 (288 1024 0 ) (256 1024 0 ) (256 1184 0 ) (288 1184 0 ) 
4 7 (384 1024 0 ) (288 1024 0 ) (288 1184 0 ) (384 1184 0 ) 
4 7 (384 1056 0 ) (384 1088 0 ) (384 1088 96 ) (384 1056 96 ) 
4 7 (256 1184 96 ) (256 1184 0 ) (256 1024 0 ) (256 1024 96 ) 
4 7 (256 1184 96 ) (288 1184 96 ) (288 1184 0 ) (256 1184 0 ) 
4 8 (576 1344 -96 ) (576 1344 -112 ) (608 1344 -112 ) (608 1344 -96 ) 
4 8 (576 1344 -112 ) (576 1344 -128 ) (640 1344 -128 ) (640 1344 -112 ) 
4 8 (576 1664 -128 ) (576 1536 -128 ) (576 1536 0 ) (576 1664 0 ) 
4 8 (832 1344 0 ) (832 1344 -128 ) (832 1728 -128 ) (832 1728 0 ) 
4 8 (832 1344 -128 ) (576 1344 -128 ) (576 1728 -128 ) (832 1728 -128 ) 
4 8 (832 1728 -128 ) (576 1728 -128 ) (576 1728 0 ) (832 1728 0 ) 
4 9 (448 1664 0 ) (448 1664 -128 ) (576 1664 -128 ) (576 1664 0 ) 
4 9 (576 1728 -128 ) (448 1728 -128 ) (448 1728 0 ) (576 1728 0 ) 
4 9 (448 1664 -128 ) (448 1728 -128 ) (576 1728 -128 ) (576 1664 -128 ) 
4 10 (544 1344 -64 ) (512 1344 -64 ) (512 1344 -80 ) (544 1344 -80 ) 
4 10 (576 1344 -96 ) (576 1344 -80 ) (512 1344 -80 ) (512 1344 -96 ) 
4 10 (512 1344 -48 ) (480 1344 -48 ) (480 1344 -96 ) (512 1344 -96 ) 
4 10 (480 1344 -112 ) (576 1344 -112 ) (576 1344 -96 ) (480 1344 -96 ) 
4 10 (448 1344 -32 ) (448 1344 -112 ) (480 1344 -112 ) (480 1344 -32 ) 
4 10 (448 1344 -112 ) (448 1344 -128 ) (576 1344 -128 ) (576 1344 -112 ) 
4 10 (576 1344 -128 ) (448 1344 -128 ) (448 1536 -128 ) (576 1536 -128 ) 
4 10 (576 1536 0 ) (576 1536 -128 ) (448 1536 -128 ) (448 1536 0 ) 
4 11 (0 1440 -128 ) (64 1440 -128 ) (64 1440 0 ) (0 1440 0 ) 
4 11 (448 1728 -128 ) (0 1728 -128 ) (0 1728 0 ) (448 1728 0 ) 
4 11 (0 1440 -128 ) (0 1728 -128 ) (448 1728 -128 ) (448 1440 -128 ) 
4 11 (448 1664 0 ) (448 1536 0 ) (448 1536 -128 ) (448 1664 -128 ) 
4 12 (288 1344 -16 ) (288 1344 -128 ) (448 1344 -128 ) (448 1344 -16 ) 
4 12 (416 1344 0 ) (288 1344 0 ) (288 1344 -16 ) (416 1344 -16 ) 
4 12 (448 1344 -128 ) (64 1344 -128 ) (64 1440 -128 ) (448 1440 -128 ) 
4 12 (64 1440 0 ) (64 1440 -128 ) (64 1344 -128 ) (64 1344 0 ) 
4 13 (448 1216 -16 ) (416 1216 -16 ) (416 1344 -16 ) (448 1344 -16 ) 
4 13 (416 1216 -16 ) (832 1216 -16 ) (832 1216 0 ) (416 1216 0 ) 
4 13 (832 1216 0 ) (832 1216 -16 ) (832 1344 -16 ) (832 1344 0 ) 
4 13 (416 1344 0 ) (416 1344 -16 ) (416 1216 -16 ) (416 1216 0 ) 
4 14 (640 1344 -128 ) (640 1216 -128 ) (640 1216 -112 ) (640 1344 -112 ) 
4 14 (640 1216 -128 ) (832 1216 -128 ) (832 1216 -16 ) (640 1216 -16 ) 
4 14 (832 1216 -16 ) (832 1216 -128 ) (832 1344 -128 ) (832 1344 -16 ) 
4 14 (832 1344 -128 ) (832 1216 -128 ) (640 1216 -128 ) (640 1344 -128 ) 
4 15 (448 1216 -32 ) (448 1344 -32 ) (480 1344 -32 ) (480 1216 -32 ) 
4 15 (640 1216 -32 ) (640 1216 -16 ) (448 1216 -16 ) (448 1216 -32 ) 
4 15 (448 1216 -32 ) (448 1216 -16 ) (448 1344 -16 ) (448 1344 -32 ) 
4 16 (608 1344 -112 ) (608 1216 -112 ) (608 1216 -96 ) (608 1344 -96 ) 
4 16 (640 1216 -112 ) (640 1216 -32 ) (608 1216 -32 ) (608 1216 -112 ) 
4 16 (608 1344 -112 ) (640 1344 -112 ) (640 1216 -112 ) (608 1216 -112 ) 
4 17 (480 1216 -48 ) (480 1344 -48 ) (512 1344 -48 ) (512 1216 -48 ) 
4 17 (608 1216 -32 ) (480 1216 -32 ) (480 1216 -48 ) (608 1216 -48 ) 
4 17 (480 1216 -48 ) (480 1216 -32 ) (480 1344 -32 ) (480 1344 -48 ) 
4 18 (576 1344 -96 ) (576 1216 -96 ) (576 1216 -80 ) (576 1344 -80 ) 
4 18 (576 1216 -96 ) (608 1216 -96 ) (608 1216 -48 ) (576 1216 -48 ) 
4 18 (576 1344 -96 ) (608 1344 -96 ) (608 1216 -96 ) (576 1216 -96 ) 
4 19 (512 1216 -64 ) (512 1344 -64 ) (544 1344 -64 ) (544 1216 -64 ) 
4 19 (576 1216 -64 ) (576 1216 -48 ) (512 1216 -48 ) (512 1216 -64 ) 
4 19 (512 1216 -64 ) (512 1216 -48 ) (512 1344 -48 ) (512 1344 -64 ) 
4 20 (544 1344 -80 ) (576 1344 -80 ) (576 1216 -80 ) (544 1216 -80 ) 
4 20 (576 1216 -80 ) (576 1216 -64 ) (544 1216 -64 ) (544 1216 -80 ) 
4 20 (544 1344 -80 ) (544 1216 -80 ) (544 1216 -64 ) (544 1344 -64 ) 
4 21 (288 1312 -16 ) (288 1312 -128 ) (288 1344 -128 ) (288 1344 -16 ) 
4 21 (288 1312 0 ) (288 1312 -16 ) (288 1344 -16 ) (288 1344 0 ) 
4 21 (64 1344 -128 ) (288 1344 -128 ) (288 1312 -128 ) (64 1312 -128 ) 
4 21 (64 1344 0 ) (64 1344 -128 ) (64 1312 -128 ) (64 1312 0 ) 
4 22 (0 1312 0 ) (64 1312 0 ) (64 1312 -128 ) (0 1312 -128 ) 
4 22 (288 1216 -128 ) (0 1216 -128 ) (0 1312 -128 ) (288 1312 -128 ) 
4 22 (288 1312 0 ) (288 1216 0 ) (288 1216 -16 ) (288 1312 -16 ) 
4 22 (288 1312 -16 ) (288 1216 -16 ) (288 1216 -128 ) (288 1312 -128 ) 
4 22 (288 1216 -128 ) (288 1216 0 ) (0 1216 0 ) (0 1216 -128 ) 
4 23 (896 320 0 ) (896 0 0 ) (896 0 32 ) (896 320 32 ) 
4 23 (960 384 32 ) (896 384 32 ) (896 0 32 ) (960 0 32 ) 
4 23 (960 0 0 ) (896 0 0 ) (896 384 0 ) (960 384 0 ) 
4 23 (960 384 0 ) (896 384 0 ) (896 384 32 ) (960 384 32 ) 
4 23 (960 0 32 ) (960 0 0 ) (960 384 0 ) (960 384 32 ) 
4 24 (896 320 32 ) (896 384 32 ) (832 384 32 ) (832 320 32 ) 
4 24 (832 320 0 ) (832 384 0 ) (896 384 0 ) (896 320 0 ) 
4 24 (896 384 0 ) (832 384 0 ) (832 384 32 ) (896 384 32 ) 
4 24 (896 320 0 ) (896 320 32 ) (832 320 32 ) (832 320 0 ) 
4 25 (832 288 32 ) (832 288 160 ) (640 288 160 ) (640 288 32 ) 
4 25 (640 832 32 ) (640 1024 32 ) (736 1024 32 ) (736 832 32 ) 
4 25 (832 288 160 ) (832 288 32 ) (832 1024 32 ) (832 1024 160 ) 
4 25 (832 1024 160 ) (640 1024 160 ) (640 288 160 ) (832 288 160 ) 
4 26 (736 288 0 ) (832 288 0 ) (832 288 32 ) (736 288 32 ) 
4 26 (736 1024 0 ) (736 832 0 ) (736 832 32 ) (736 1024 32 ) 
4 26 (832 320 32 ) (832 288 32 ) (832 288 0 ) (832 320 0 ) 
4 26 (832 384 32 ) (832 384 0 ) (832 1024 0 ) (832 1024 32 ) 
4 26 (736 1024 0 ) (832 1024 0 ) (832 288 0 ) (736 288 0 ) 
4 27 (640 288 0 ) (736 288 0 ) (736 288 32 ) (640 288 32 ) 
4 27 (736 832 0 ) (736 288 0 ) (640 288 0 ) (640 832 0 ) 
4 27 (640 832 0 ) (640 832 32 ) (736 832 32 ) (736 832 0 ) 
4 28 (576 288 0 ) (640 288 0 ) (640 288 160 ) (576 288 160 ) 
4 28 (576 640 0 ) (576 288 0 ) (576 288 160 ) (576 640 160 ) 
4 28 (640 1024 32 ) (640 832 32 ) (640 832 0 ) (640 1024 0 ) 
4 28 (640 1024 160 ) (576 1024 160 ) (576 288 160 ) (640 288 160 ) 
4 28 (576 1024 0 ) (640 1024 0 ) (640 288 0 ) (576 288 0 ) 
4 29 (256 1024 160 ) (256 1024 96 ) (256 864 96 ) (256 864 160 ) 
4 29 (480 864 96 ) (448 864 96 ) (448 1024 96 ) (480 1024 96 ) 
4 29 (256 1024 160 ) (256 864 160 ) (576 864 160 ) (576 1024 160 ) 
4 30 (480 1024 0 ) (576 1024 0 ) (576 864 0 ) (480 864 0 ) 
4 30 (480 1024 0 ) (480 864 0 ) (480 864 96 ) (480 1024 96 ) 
4 31 (256 1024 96 ) (256 1024 0 ) (256 864 0 ) (256 864 96 ) 
4 31 (448 1024 96 ) (448 864 96 ) (448 864 0 ) (448 1024 0 ) 
4 31 (256 864 0 ) (256 1024 0 ) (448 1024 0 ) (448 864 0 ) 
4 32 (256 864 0 ) (256 640 0 ) (256 640 160 ) (256 864 160 ) 
4 32 (544 640 160 ) (384 640 160 ) (384 640 0 ) (544 640 0 ) 
4 32 (576 640 0 ) (576 640 160 ) (544 640 160 ) (544 640 0 ) 
4 32 (256 640 0 ) (256 864 0 ) (576 864 0 ) (576 640 0 ) 
4 32 (256 864 160 ) (256 640 160 ) (576 640 160 ) (576 864 160 ) 
4 32 (480 864 0 ) (448 864 0 ) (448 864 96 ) (480 864 96 ) 
4 33 (256 640 0 ) (256 608 0 ) (256 608 160 ) (256 640 160 ) 
4 33 (384 608 160 ) (384 640 160 ) (256 640 160 ) (256 608 160 ) 
4 33 (256 608 0 ) (256 640 0 ) (384 640 0 ) (384 608 0 ) 
4 33 (384 608 160 ) (384 608 0 ) (384 640 0 ) (384 640 160 ) 
4 34 (256 608 0 ) (256 288 0 ) (256 288 160 ) (256 608 160 ) 
4 34 (256 288 96 ) (256 288 0 ) (320 288 0 ) (320 288 96 ) 
4 34 (256 288 160 ) (256 288 96 ) (480 288 96 ) (480 288 160 ) 
4 34 (480 288 0 ) (544 288 0 ) (544 288 160 ) (480 288 160 ) 
4 34 (384 608 0 ) (384 608 160 ) (544 608 160 ) (544 608 0 ) 
4 34 (544 608 160 ) (544 288 160 ) (544 288 0 ) (544 608 0 ) 
4 34 (256 288 0 ) (256 608 0 ) (544 608 0 ) (544 288 0 ) 
4 34 (544 608 160 ) (256 608 160 ) (256 288 160 ) (544 288 160 ) 
4 35 (320 256 96 ) (480 256 96 ) (480 288 96 ) (320 288 96 ) 
4 35 (320 288 0 ) (480 288 0 ) (480 256 0 ) (320 256 0 ) 
4 35 (480 256 96 ) (480 256 0 ) (480 288 0 ) (480 288 96 ) 
4 35 (320 256 0 ) (320 256 96 ) (320 288 96 ) (320 288 0 ) 
4 36 (256 0 96 ) (256 0 128 ) (256 64 128 ) (256 64 96 ) 
4 36 (256 256 0 ) (256 64 0 ) (256 64 128 ) (256 256 128 ) 
4 36 (608 0 128 ) (608 0 0 ) (608 256 0 ) (608 256 128 ) 
4 36 (320 256 96 ) (320 256 0 ) (256 256 0 ) (256 256 96 ) 
4 36 (480 256 128 ) (480 256 96 ) (256 256 96 ) (256 256 128 ) 
4 36 (480 256 128 ) (608 256 128 ) (608 256 0 ) (480 256 0 ) 
4 36 (608 0 0 ) (256 0 0 ) (256 256 0 ) (608 256 0 ) 
4 36 (608 0 128 ) (608 256 128 ) (256 256 128 ) (256 0 128 ) 
4 37 (256 64 96 ) (256 64 0 ) (224 64 0 ) (224 64 96 ) 
4 37 (256 0 0 ) (224 0 0 ) (224 64 0 ) (256 64 0 ) 
4 37 (256 0 96 ) (256 64 96 ) (224 64 96 ) (224 0 96 ) 
4 38 (224 224 288 ) (224 224 0 ) (0 224 0 ) (0 224 288 ) 
4 38 (224 64 96 ) (224 64 288 ) (224 0 288 ) (224 0 96 ) 
4 38 (224 224 288 ) (224 64 288 ) (224 64 0 ) (224 224 0 ) 
4 38 (224 0 0 ) (0 0 0 ) (0 224 0 ) (224 224 0 ) 
4 38 (0 0 288 ) (224 0 288 ) (224 224 288 ) (0 224 288 ) 
4 39 (960 -64 32 ) (608 -64 32 ) (608 -64 0 ) (960 -64 0 ) 
4 39 (832 0 32 ) (896 0 32 ) (896 0 0 ) (832 0 0 ) 
4 39 (608 0 32 ) (832 0 32 ) (832 0 0 ) (608 0 0 ) 
4 39 (608 0 0 ) (960 0 0 ) (960 -64 0 ) (608 -64 0 ) 
4 39 (960 -64 32 ) (960 0 32 ) (608 0 32 ) (608 -64 32 ) 
4 39 (960 0 32 ) (960 -64 32 ) (960 -64 0 ) (960 0 0 ) 
4 40 (256 0 128 ) (256 0 96 ) (256 -64 96 ) (256 -64 128 ) 
4 40 (256 -64 0 ) (256 -224 0 ) (256 -224 128 ) (256 -64 128 ) 
4 40 (608 -64 32 ) (608 -224 32 ) (608 -224 0 ) (608 -64 0 ) 
4 40 (608 -224 128 ) (608 -224 32 ) (608 0 32 ) (608 0 128 ) 
4 40 (256 0 0 ) (608 0 0 ) (608 -224 0 ) (256 -224 0 ) 
4 40 (256 -224 0 ) (608 -224 0 ) (608 -224 128 ) (256 -224 128 ) 
4 40 (608 -224 128 ) (608 0 128 ) (256 0 128 ) (256 -224 128 ) 
4 41 (224 -64 96 ) (224 -64 0 ) (256 -64 0 ) (256 -64 96 ) 
4 41 (224 0 0 ) (256 0 0 ) (256 -64 0 ) (224 -64 0 ) 
4 41 (256 0 96 ) (224 0 96 ) (224 -64 96 ) (256 -64 96 ) 
4 42 (0 -224 0 ) (0 0 0 ) (224 0 0 ) (224 -224 0 ) 
4 42 (0 -224 288 ) (0 -224 0 ) (224 -224 0 ) (224 -224 288 ) 
4 42 (224 -64 288 ) (224 -224 288 ) (224 -224 0 ) (224 -64 0 ) 
4 42 (224 -64 288 ) (224 -64 96 ) (224 0 96 ) (224 0 288 ) 
4 42 (0 -224 288 ) (224 -224 288 ) (224 0 288 ) (0 0 288 ) 
4 43 (0 1440 0 ) (0 1312 0 ) (-8 1312 0 ) (-8 1440 0 ) 
4 43 (-8 1424 0 ) (-8 1360 0 ) (-8 1360 30.666668 ) (-8 1424 30.666668 ) 
4 43 (0 1728 0 ) (-8 1728 0 ) (-8 1728 224 ) (0 1728 224 ) 
4 43 (-8 1312 224 ) (0 1312 224 ) (0 1728 224 ) (-8 1728 224 ) 
4 44 (-480 1312 128 ) (-480 1312 224 ) (-480 1632 224 ) (-480 1632 128 ) 
4 44 (-480 1632 224 ) (-480 1728 224 ) (-480 1728 128 ) (-480 1632 128 ) 
4 44 (-96 1312 128 ) (-224 1312 128 ) (-224 1360 128 ) (-96 1360 128 ) 
4 44 (-96 1360 128 ) (-224 1360 128 ) (-224 1632 128 ) (-96 1632 128 ) 
4 44 (-8 1312 224 ) (-8 1728 224 ) (-480 1728 224 ) (-480 1312 224 ) 
4 44 (-8 1728 128 ) (-480 1728 128 ) (-480 1728 224 ) (-8 1728 224 ) 
4 45 (-224 1632 128 ) (-224 1632 0 ) (-96 1632 0 ) (-96 1632 128 ) 
4 45 (-224 1728 128 ) (-8 1728 128 ) (-8 1728 0 ) (-224 1728 0 ) 
4 46 (-8 1440 0 ) (-8 1424 0 ) (-96 1424 0 ) (-96 1440 0 ) 
4 46 (-32 1504 0 ) (-96 1504 0 ) (-96 1632 0 ) (-32 1632 0 ) 
5 46 (-96 1424 64 ) (-96 1424 0 ) (-8 1424 0 ) (-8 1424 30.666668 ) (-48 1424 64 ) 
4 46 (-96 1632 128 ) (-96 1632 0 ) (-96 1424 0 ) (-96 1424 128 ) 
4 47 (-48 1360 64 ) (-96 1360 64 ) (-96 1424 64 ) (-48 1424 64 ) 
4 47 (-96 1360 64 ) (-96 1360 128 ) (-96 1424 128 ) (-96 1424 64 ) 
4 48 (-8 1360 30.667969 ) (-47.998440 1360 64 ) (-47.998440 1424 64 ) (-8 1424 30.667969 ) 
4 49 (-8 1360 0 ) (-8 1312 0 ) (-96 1312 0 ) (-96 1360 0 ) 
5 49 (-96 1360 64 ) (-48 1360 64 ) (-8 1360 30.666668 ) (-8 1360 0 ) (-96 1360 0 ) 
4 49 (-96 1360 128 ) (-96 1360 0 ) (-96 1312 0 ) (-96 1312 128 ) 
4 50 (-256 1440 0 ) (-224 1440 0 ) (-224 1312 0 ) (-256 1312 0 ) 
4 50 (-352 1632 0 ) (-224 1632 0 ) (-224 1504 0 ) (-352 1504 0 ) 
4 50 (-480 1312 64 ) (-480 1312 128 ) (-480 1632 128 ) (-480 1632 64 ) 
4 50 (-480 1728 0 ) (-480 1632 0 ) (-480 1632 128 ) (-480 1728 128 ) 
4 50 (-224 1360 0 ) (-224 1360 128 ) (-224 1312 128 ) (-224 1312 0 ) 
4 50 (-224 1360 0 ) (-224 1632 0 ) (-224 1632 128 ) (-224 1360 128 ) 
4 50 (-224 1728 128 ) (-224 1728 0 ) (-480 1728 0 ) (-480 1728 128 ) 
4 51 (-480 1312 0 ) (-480 1216 0 ) (-480 1216 64 ) (-480 1312 64 ) 
4 51 (-480 1216 64 ) (-480 1216 224 ) (-480 1312 224 ) (-480 1312 64 ) 
4 51 (-224 1312 128 ) (-96 1312 128 ) (-96 1312 0 ) (-224 1312 0 ) 
4 51 (0 1216 224 ) (-480 1216 224 ) (-480 1216 0 ) (0 1216 0 ) 
4 51 (0 1216 224 ) (0 1312 224 ) (-480 1312 224 ) (-480 1216 224 ) 
4 52 (-480 1312 64 ) (-480 1632 64 ) (-512 1632 64 ) (-512 1312 64 ) 
4 52 (-480 1632 64 ) (-480 1632 0 ) (-512 1632 0 ) (-512 1632 64 ) 
4 52 (-480 1312 0 ) (-480 1312 64 ) (-512 1312 64 ) (-512 1312 0 ) 
4 53 (-672 1216 0 ) (-512 1216 0 ) (-512 1216 96 ) (-672 1216 96 ) 
4 53 (-672 1728 96 ) (-512 1728 96 ) (-512 1728 0 ) (-672 1728 0 ) 
4 53 (-512 1312 64 ) (-512 1216 64 ) (-512 1216 0 ) (-512 1312 0 ) 
4 53 (-512 1216 64 ) (-512 1632 64 ) (-512 1632 96 ) (-512 1216 96 ) 
4 53 (-512 1728 96 ) (-512 1632 96 ) (-512 1632 0 ) (-512 1728 0 ) 
4 53 (-672 1216 96 ) (-512 1216 96 ) (-512 1728 96 ) (-672 1728 96 ) 
4 53 (-672 1216 0 ) (-672 1216 96 ) (-672 1728 96 ) (-672 1728 0 ) 
4 54 (-352 1632 -128 ) (-32 1632 -128 ) (-32 1632 0 ) (-352 1632 0 ) 
4 54 (-480 1728 -128 ) (0 1728 -128 ) (0 1632 -128 ) (-480 1632 -128 ) 
4 54 (-480 1728 0 ) (0 1728 0 ) (0 1728 -128 ) (-480 1728 -128 ) 
4 54 (-480 1728 0 ) (-480 1728 -128 ) (-480 1632 -128 ) (-480 1632 0 ) 
4 55 (0 1632 -128 ) (0 1504 -128 ) (-32 1504 -128 ) (-32 1632 -128 ) 
4 55 (-32 1632 0 ) (-32 1632 -128 ) (-32 1504 -128 ) (-32 1504 0 ) 
4 56 (-256 1440 -128 ) (0 1440 -128 ) (0 1440 0 ) (-256 1440 0 ) 
4 56 (-32 1504 0 ) (-32 1504 -128 ) (-352 1504 -128 ) (-352 1504 0 ) 
4 56 (-96 1440 0 ) (-96 1504 0 ) (-224 1504 0 ) (-224 1440 0 ) 
4 56 (0 1504 -128 ) (0 1440 -128 ) (-352 1440 -128 ) (-352 1504 -128 ) 
4 57 (-352 1504 0 ) (-352 1504 -128 ) (-352 1632 -128 ) (-352 1632 0 ) 
4 57 (-480 1632 0 ) (-480 1632 -128 ) (-512 1632 -128 ) (-512 1632 0 ) 
4 57 (-352 1440 -128 ) (-512 1440 -128 ) (-512 1632 -128 ) (-352 1632 -128 ) 
4 58 (-512 1312 0 ) (-512 1312 -128 ) (-480 1312 -128 ) (-480 1312 0 ) 
4 58 (-256 1312 -128 ) (-512 1312 -128 ) (-512 1440 -128 ) (-256 1440 -128 ) 
4 58 (-256 1312 0 ) (-256 1312 -128 ) (-256 1440 -128 ) (-256 1440 0 ) 
4 59 (0 1312 -128 ) (0 1216 -128 ) (-480 1216 -128 ) (-480 1312 -128 ) 
4 59 (-480 1216 -128 ) (0 1216 -128 ) (0 1216 0 ) (-480 1216 0 ) 
4 59 (-256 1312 0 ) (0 1312 0 ) (0 1312 -128 ) (-256 1312 -128 ) 
4 59 (-480 1312 0 ) (-480 1312 -128 ) (-480 1216 -128 ) (-480 1216 0 ) 
4 60 (-672 1216 -128 ) (-512 1216 -128 ) (-512 1216 0 ) (-672 1216 0 ) 
4 60 (-672 1728 -128 ) (-512 1728 -128 ) (-512 1216 -128 ) (-672 1216 -128 ) 
4 60 (-672 1728 0 ) (-512 1728 0 ) (-512 1728 -128 ) (-672 1728 -128 ) 
4 60 (-512 1632 0 ) (-512 1632 -128 ) (-512 1728 -128 ) (-512 1728 0 ) 
4 60 (-512 1312 0 ) (-512 1216 0 ) (-512 1216 -128 ) (-512 1312 -128 ) 
4 60 (-672 1728 0 ) (-672 1728 -128 ) (-672 1216 -128 ) (-672 1216 0 ) 
4 61 (0 224 288 ) (0 224 0 ) (-224 224 0 ) (-224 224 288 ) 
4 61 (0 0 0 ) (-224 0 0 ) (-224 224 0 ) (0 224 0 ) 
4 61 (-224 224 0 ) (-224 0 0 ) (-224 0 288 ) (-224 224 288 ) 
4 61 (0 224 288 ) (-224 224 288 ) (-224 0 288 ) (0 0 288 ) 
4 62 (-224 -224 288 ) (-224 -224 0 ) (0 -224 0 ) (0 -224 288 ) 
4 62 (-224 0 0 ) (0 0 0 ) (0 -224 0 ) (-224 -224 0 ) 
4 62 (-224 0 288 ) (-224 0 0 ) (-224 -224 0 ) (-224 -224 288 ) 
4 62 (0 0 288 ) (-224 0 288 ) (-224 -224 288 ) (0 -224 288 ) 
